<?xml version="1.0" encoding="utf-8"?>
<CoverageSession xmlns:xsd="http://www.w3.org/2001/XMLSchema" xmlns:xsi="http://www.w3.org/2001/XMLSchema-instance" Version="4.6.0.0">
  <Summary numSequencePoints="310" visitedSequencePoints="276" numBranchPoints="124" visitedBranchPoints="104" sequenceCoverage="89.03" branchCoverage="83.87" maxCyclomaticComplexity="7" minCyclomaticComplexity="1" maxCrapScore="8.12" minCrapScore="1" visitedClasses="19" numClasses="22" visitedMethods="50" numMethods="60" />
  <Modules>
    <Module hash="5D-3B-8C-27-F0-53-9A-A5-3F-AF-EE-10-B7-36-C8-69-A7-E1-C3-52">
      <Summary numSequencePoints="73" visitedSequencePoints="67" numBranchPoints="38" visitedBranchPoints="36" sequenceCoverage="91.78" branchCoverage="94.74" maxCyclomaticComplexity="7" minCyclomaticComplexity="1" maxCrapScore="7" minCrapScore="1" visitedClasses="11" numClasses="12" visitedMethods="14" numMethods="16" />
      <ModulePath>C:\Users\Isabel\Documents\Projetos\ndd-projetos-academiaprogramador2018\DonaLaura\DonaLaura.Application.Tests\bin\Debug\DonaLaura.Domain.dll</ModulePath>
      <ModuleTime>2018-05-15T03:48:43.4607771Z</ModuleTime>
      <ModuleName>DonaLaura.Domain</ModuleName>
      <Files>
        <File uid="1" fullPath="C:\Users\Isabel\Documents\Projetos\ndd-projetos-academiaprogramador2018\DonaLaura\DonaLaura.Domain\Features\Sales\Sale.cs" />
        <File uid="2" fullPath="C:\Users\Isabel\Documents\Projetos\ndd-projetos-academiaprogramador2018\DonaLaura\DonaLaura.Domain\Features\Sales\SaleClientNameNullOrEmptyException.cs" />
        <File uid="3" fullPath="C:\Users\Isabel\Documents\Projetos\ndd-projetos-academiaprogramador2018\DonaLaura\DonaLaura.Domain\Features\Sales\SaleQuantityLessThan1Exception.cs" />
        <File uid="4" fullPath="C:\Users\Isabel\Documents\Projetos\ndd-projetos-academiaprogramador2018\DonaLaura\DonaLaura.Domain\Features\Products\Product.cs" />
        <File uid="5" fullPath="C:\Users\Isabel\Documents\Projetos\ndd-projetos-academiaprogramador2018\DonaLaura\DonaLaura.Domain\Features\Products\ProductCostPriceBiggerThanSalePriceException.cs" />
        <File uid="6" fullPath="C:\Users\Isabel\Documents\Projetos\ndd-projetos-academiaprogramador2018\DonaLaura\DonaLaura.Domain\Features\Products\ProductDateOverFlowException.cs" />
        <File uid="7" fullPath="C:\Users\Isabel\Documents\Projetos\ndd-projetos-academiaprogramador2018\DonaLaura\DonaLaura.Domain\Features\Products\ProductNameLessThan4Exception.cs" />
        <File uid="8" fullPath="C:\Users\Isabel\Documents\Projetos\ndd-projetos-academiaprogramador2018\DonaLaura\DonaLaura.Domain\Features\Products\ProductNameNullOrEmptyException.cs" />
        <File uid="9" fullPath="C:\Users\Isabel\Documents\Projetos\ndd-projetos-academiaprogramador2018\DonaLaura\DonaLaura.Domain\Features\Products\ProductSalePriceNullException.cs" />
        <File uid="10" fullPath="C:\Users\Isabel\Documents\Projetos\ndd-projetos-academiaprogramador2018\DonaLaura\DonaLaura.Domain\Exceptions\BusinessException.cs" />
        <File uid="11" fullPath="C:\Users\Isabel\Documents\Projetos\ndd-projetos-academiaprogramador2018\DonaLaura\DonaLaura.Domain\Exceptions\IdentifierUndefinedException.cs" />
        <File uid="12" fullPath="C:\Users\Isabel\Documents\Projetos\ndd-projetos-academiaprogramador2018\DonaLaura\DonaLaura.Domain\Exceptions\UnsupportedOperationException.cs" />
        <File uid="13" fullPath="C:\Users\Isabel\Documents\Projetos\ndd-projetos-academiaprogramador2018\DonaLaura\DonaLaura.Domain\Common\Entity.cs" />
      </Files>
      <Classes>
        <Class>
          <Summary numSequencePoints="9" visitedSequencePoints="6" numBranchPoints="6" visitedBranchPoints="5" sequenceCoverage="66.67" branchCoverage="83.33" maxCyclomaticComplexity="3" minCyclomaticComplexity="1" maxCrapScore="3" minCrapScore="2" visitedClasses="1" numClasses="1" visitedMethods="1" numMethods="2" />
          <FullName>DonaLaura.Domain.Features.Sales.Sale</FullName>
          <Methods>
            <Method skippedDueTo="AutoImplementedProperty" visited="false" cyclomaticComplexity="1" nPathComplexity="0" sequenceCoverage="0" branchCoverage="0" crapScore="0" isConstructor="false" isStatic="false" isGetter="true" isSetter="false">
              <MetadataToken>100663302</MetadataToken>
              <Name>DonaLaura.Domain.Features.Products.Product DonaLaura.Domain.Features.Sales.Sale::get_Product()</Name>
              <FileRef uid="1" />
              <SequencePoints />
              <BranchPoints />
            </Method>
            <Method skippedDueTo="AutoImplementedProperty" visited="false" cyclomaticComplexity="1" nPathComplexity="0" sequenceCoverage="0" branchCoverage="0" crapScore="0" isConstructor="false" isStatic="false" isGetter="false" isSetter="true">
              <MetadataToken>100663303</MetadataToken>
              <Name>System.Void DonaLaura.Domain.Features.Sales.Sale::set_Product(DonaLaura.Domain.Features.Products.Product)</Name>
              <FileRef uid="1" />
              <SequencePoints />
              <BranchPoints />
            </Method>
            <Method skippedDueTo="AutoImplementedProperty" visited="false" cyclomaticComplexity="1" nPathComplexity="0" sequenceCoverage="0" branchCoverage="0" crapScore="0" isConstructor="false" isStatic="false" isGetter="true" isSetter="false">
              <MetadataToken>100663304</MetadataToken>
              <Name>System.String DonaLaura.Domain.Features.Sales.Sale::get_ClientName()</Name>
              <FileRef uid="1" />
              <SequencePoints />
              <BranchPoints />
            </Method>
            <Method skippedDueTo="AutoImplementedProperty" visited="false" cyclomaticComplexity="1" nPathComplexity="0" sequenceCoverage="0" branchCoverage="0" crapScore="0" isConstructor="false" isStatic="false" isGetter="false" isSetter="true">
              <MetadataToken>100663305</MetadataToken>
              <Name>System.Void DonaLaura.Domain.Features.Sales.Sale::set_ClientName(System.String)</Name>
              <FileRef uid="1" />
              <SequencePoints />
              <BranchPoints />
            </Method>
            <Method skippedDueTo="AutoImplementedProperty" visited="false" cyclomaticComplexity="1" nPathComplexity="0" sequenceCoverage="0" branchCoverage="0" crapScore="0" isConstructor="false" isStatic="false" isGetter="true" isSetter="false">
              <MetadataToken>100663306</MetadataToken>
              <Name>System.Int32 DonaLaura.Domain.Features.Sales.Sale::get_Quantity()</Name>
              <FileRef uid="1" />
              <SequencePoints />
              <BranchPoints />
            </Method>
            <Method skippedDueTo="AutoImplementedProperty" visited="false" cyclomaticComplexity="1" nPathComplexity="0" sequenceCoverage="0" branchCoverage="0" crapScore="0" isConstructor="false" isStatic="false" isGetter="false" isSetter="true">
              <MetadataToken>100663307</MetadataToken>
              <Name>System.Void DonaLaura.Domain.Features.Sales.Sale::set_Quantity(System.Int32)</Name>
              <FileRef uid="1" />
              <SequencePoints />
              <BranchPoints />
            </Method>
            <Method visited="false" cyclomaticComplexity="1" nPathComplexity="0" sequenceCoverage="0" branchCoverage="0" crapScore="2" isConstructor="false" isStatic="false" isGetter="true" isSetter="false">
              <Summary numSequencePoints="3" visitedSequencePoints="0" numBranchPoints="1" visitedBranchPoints="0" sequenceCoverage="0" branchCoverage="0" maxCyclomaticComplexity="1" minCyclomaticComplexity="1" maxCrapScore="2" minCrapScore="2" visitedClasses="0" numClasses="0" visitedMethods="0" numMethods="1" />
              <MetadataToken>100663308</MetadataToken>
              <Name>System.Double DonaLaura.Domain.Features.Sales.Sale::get_Lucre()</Name>
              <FileRef uid="1" />
              <SequencePoints>
                <SequencePoint vc="0" uspid="1" ordinal="0" offset="0" sl="15" sc="13" el="15" ec="14" bec="0" bev="0" fileid="1" />
                <SequencePoint vc="0" uspid="2" ordinal="1" offset="1" sl="16" sc="17" el="16" ec="75" bec="0" bev="0" fileid="1" />
                <SequencePoint vc="0" uspid="3" ordinal="2" offset="35" sl="17" sc="13" el="17" ec="14" bec="0" bev="0" fileid="1" />
              </SequencePoints>
              <BranchPoints />
              <MethodPoint xsi:type="SequencePoint" vc="0" uspid="1" ordinal="0" offset="0" sl="15" sc="13" el="15" ec="14" bec="0" bev="0" fileid="1" />
            </Method>
            <Method visited="true" cyclomaticComplexity="3" nPathComplexity="4" sequenceCoverage="100" branchCoverage="100" crapScore="3" isConstructor="false" isStatic="false" isGetter="false" isSetter="false">
              <Summary numSequencePoints="6" visitedSequencePoints="6" numBranchPoints="5" visitedBranchPoints="5" sequenceCoverage="100" branchCoverage="100" maxCyclomaticComplexity="3" minCyclomaticComplexity="3" maxCrapScore="3" minCrapScore="3" visitedClasses="0" numClasses="0" visitedMethods="1" numMethods="1" />
              <MetadataToken>100663309</MetadataToken>
              <Name>System.Void DonaLaura.Domain.Features.Sales.Sale::Validate()</Name>
              <FileRef uid="1" />
              <SequencePoints>
                <SequencePoint vc="9" uspid="4" ordinal="0" offset="0" sl="21" sc="9" el="21" ec="10" bec="0" bev="0" fileid="1" />
                <SequencePoint vc="9" uspid="5" ordinal="1" offset="1" sl="22" sc="13" el="22" ec="50" bec="2" bev="2" fileid="1" />
                <SequencePoint vc="4" uspid="6" ordinal="2" offset="16" sl="23" sc="17" el="23" ec="64" bec="0" bev="0" fileid="1" />
                <SequencePoint vc="5" uspid="7" ordinal="3" offset="22" sl="25" sc="13" el="25" ec="30" bec="2" bev="2" fileid="1" />
                <SequencePoint vc="2" uspid="8" ordinal="4" offset="35" sl="26" sc="17" el="26" ec="60" bec="0" bev="0" fileid="1" />
                <SequencePoint vc="3" uspid="9" ordinal="5" offset="41" sl="27" sc="9" el="27" ec="10" bec="0" bev="0" fileid="1" />
              </SequencePoints>
              <BranchPoints>
                <BranchPoint vc="4" uspid="10" ordinal="0" offset="14" sl="22" path="0" offsetend="16" fileid="1" />
                <BranchPoint vc="5" uspid="11" ordinal="1" offset="14" sl="22" path="1" offsetend="22" fileid="1" />
                <BranchPoint vc="2" uspid="12" ordinal="2" offset="33" sl="25" path="0" offsetend="35" fileid="1" />
                <BranchPoint vc="3" uspid="13" ordinal="3" offset="33" sl="25" path="1" offsetend="41" fileid="1" />
              </BranchPoints>
              <MethodPoint xsi:type="SequencePoint" vc="9" uspid="4" ordinal="0" offset="0" sl="21" sc="9" el="21" ec="10" bec="0" bev="0" fileid="1" />
            </Method>
            <Method visited="false" cyclomaticComplexity="1" nPathComplexity="0" sequenceCoverage="0" branchCoverage="0" crapScore="2" isConstructor="true" isStatic="false" isGetter="false" isSetter="false">
              <Summary numSequencePoints="0" visitedSequencePoints="0" numBranchPoints="0" visitedBranchPoints="0" sequenceCoverage="0" branchCoverage="0" maxCyclomaticComplexity="1" minCyclomaticComplexity="1" maxCrapScore="2" minCrapScore="2" visitedClasses="0" numClasses="0" visitedMethods="0" numMethods="0" />
              <MetadataToken>100663310</MetadataToken>
              <Name>System.Void DonaLaura.Domain.Features.Sales.Sale::.ctor()</Name>
              <SequencePoints />
              <BranchPoints />
              <MethodPoint vc="0" uspid="14" ordinal="0" offset="0" />
            </Method>
          </Methods>
        </Class>
        <Class>
          <Summary numSequencePoints="3" visitedSequencePoints="3" numBranchPoints="1" visitedBranchPoints="1" sequenceCoverage="100" branchCoverage="100" maxCyclomaticComplexity="1" minCyclomaticComplexity="1" maxCrapScore="1" minCrapScore="1" visitedClasses="1" numClasses="1" visitedMethods="1" numMethods="1" />
          <FullName>DonaLaura.Domain.Features.Sales.SaleClientNameNullOrEmptyException</FullName>
          <Methods>
            <Method visited="true" cyclomaticComplexity="1" nPathComplexity="0" sequenceCoverage="100" branchCoverage="100" crapScore="1" isConstructor="true" isStatic="false" isGetter="false" isSetter="false">
              <Summary numSequencePoints="3" visitedSequencePoints="3" numBranchPoints="1" visitedBranchPoints="1" sequenceCoverage="100" branchCoverage="100" maxCyclomaticComplexity="1" minCyclomaticComplexity="1" maxCrapScore="1" minCrapScore="1" visitedClasses="0" numClasses="0" visitedMethods="1" numMethods="1" />
              <MetadataToken>100663311</MetadataToken>
              <Name>System.Void DonaLaura.Domain.Features.Sales.SaleClientNameNullOrEmptyException::.ctor()</Name>
              <FileRef uid="2" />
              <SequencePoints>
                <SequencePoint vc="4" uspid="15" ordinal="0" offset="0" sl="12" sc="55" el="12" ec="100" bec="0" bev="0" fileid="2" />
                <SequencePoint vc="4" uspid="16" ordinal="1" offset="12" sl="13" sc="9" el="13" ec="10" bec="0" bev="0" fileid="2" />
                <SequencePoint vc="4" uspid="17" ordinal="2" offset="13" sl="14" sc="9" el="14" ec="10" bec="0" bev="0" fileid="2" />
              </SequencePoints>
              <BranchPoints />
              <MethodPoint xsi:type="SequencePoint" vc="4" uspid="15" ordinal="0" offset="0" sl="12" sc="55" el="12" ec="100" bec="0" bev="0" fileid="2" />
            </Method>
          </Methods>
        </Class>
        <Class>
          <Summary numSequencePoints="3" visitedSequencePoints="3" numBranchPoints="1" visitedBranchPoints="1" sequenceCoverage="100" branchCoverage="100" maxCyclomaticComplexity="1" minCyclomaticComplexity="1" maxCrapScore="1" minCrapScore="1" visitedClasses="1" numClasses="1" visitedMethods="1" numMethods="1" />
          <FullName>DonaLaura.Domain.Features.Sales.SaleQuantityLessThan1Exception</FullName>
          <Methods>
            <Method visited="true" cyclomaticComplexity="1" nPathComplexity="0" sequenceCoverage="100" branchCoverage="100" crapScore="1" isConstructor="true" isStatic="false" isGetter="false" isSetter="false">
              <Summary numSequencePoints="3" visitedSequencePoints="3" numBranchPoints="1" visitedBranchPoints="1" sequenceCoverage="100" branchCoverage="100" maxCyclomaticComplexity="1" minCyclomaticComplexity="1" maxCrapScore="1" minCrapScore="1" visitedClasses="0" numClasses="0" visitedMethods="1" numMethods="1" />
              <MetadataToken>100663312</MetadataToken>
              <Name>System.Void DonaLaura.Domain.Features.Sales.SaleQuantityLessThan1Exception::.ctor()</Name>
              <FileRef uid="3" />
              <SequencePoints>
                <SequencePoint vc="2" uspid="18" ordinal="0" offset="0" sl="12" sc="51" el="12" ec="93" bec="0" bev="0" fileid="3" />
                <SequencePoint vc="2" uspid="19" ordinal="1" offset="12" sl="13" sc="9" el="13" ec="10" bec="0" bev="0" fileid="3" />
                <SequencePoint vc="2" uspid="20" ordinal="2" offset="13" sl="14" sc="9" el="14" ec="10" bec="0" bev="0" fileid="3" />
              </SequencePoints>
              <BranchPoints />
              <MethodPoint xsi:type="SequencePoint" vc="2" uspid="18" ordinal="0" offset="0" sl="12" sc="51" el="12" ec="93" bec="0" bev="0" fileid="3" />
            </Method>
          </Methods>
        </Class>
        <Class>
          <Summary numSequencePoints="34" visitedSequencePoints="34" numBranchPoints="22" visitedBranchPoints="22" sequenceCoverage="100" branchCoverage="100" maxCyclomaticComplexity="7" minCyclomaticComplexity="1" maxCrapScore="7" minCrapScore="2" visitedClasses="1" numClasses="1" visitedMethods="4" numMethods="4" />
          <FullName>DonaLaura.Domain.Features.Products.Product</FullName>
          <Methods>
            <Method skippedDueTo="AutoImplementedProperty" visited="false" cyclomaticComplexity="1" nPathComplexity="0" sequenceCoverage="0" branchCoverage="0" crapScore="0" isConstructor="false" isStatic="false" isGetter="true" isSetter="false">
              <MetadataToken>100663318</MetadataToken>
              <Name>System.String DonaLaura.Domain.Features.Products.Product::get_Name()</Name>
              <FileRef uid="4" />
              <SequencePoints />
              <BranchPoints />
            </Method>
            <Method skippedDueTo="AutoImplementedProperty" visited="false" cyclomaticComplexity="1" nPathComplexity="0" sequenceCoverage="0" branchCoverage="0" crapScore="0" isConstructor="false" isStatic="false" isGetter="false" isSetter="true">
              <MetadataToken>100663319</MetadataToken>
              <Name>System.Void DonaLaura.Domain.Features.Products.Product::set_Name(System.String)</Name>
              <FileRef uid="4" />
              <SequencePoints />
              <BranchPoints />
            </Method>
            <Method skippedDueTo="AutoImplementedProperty" visited="false" cyclomaticComplexity="1" nPathComplexity="0" sequenceCoverage="0" branchCoverage="0" crapScore="0" isConstructor="false" isStatic="false" isGetter="true" isSetter="false">
              <MetadataToken>100663320</MetadataToken>
              <Name>System.Double DonaLaura.Domain.Features.Products.Product::get_SalePrice()</Name>
              <FileRef uid="4" />
              <SequencePoints />
              <BranchPoints />
            </Method>
            <Method skippedDueTo="AutoImplementedProperty" visited="false" cyclomaticComplexity="1" nPathComplexity="0" sequenceCoverage="0" branchCoverage="0" crapScore="0" isConstructor="false" isStatic="false" isGetter="false" isSetter="true">
              <MetadataToken>100663321</MetadataToken>
              <Name>System.Void DonaLaura.Domain.Features.Products.Product::set_SalePrice(System.Double)</Name>
              <FileRef uid="4" />
              <SequencePoints />
              <BranchPoints />
            </Method>
            <Method skippedDueTo="AutoImplementedProperty" visited="false" cyclomaticComplexity="1" nPathComplexity="0" sequenceCoverage="0" branchCoverage="0" crapScore="0" isConstructor="false" isStatic="false" isGetter="true" isSetter="false">
              <MetadataToken>100663322</MetadataToken>
              <Name>System.Double DonaLaura.Domain.Features.Products.Product::get_CostPrice()</Name>
              <FileRef uid="4" />
              <SequencePoints />
              <BranchPoints />
            </Method>
            <Method skippedDueTo="AutoImplementedProperty" visited="false" cyclomaticComplexity="1" nPathComplexity="0" sequenceCoverage="0" branchCoverage="0" crapScore="0" isConstructor="false" isStatic="false" isGetter="false" isSetter="true">
              <MetadataToken>100663323</MetadataToken>
              <Name>System.Void DonaLaura.Domain.Features.Products.Product::set_CostPrice(System.Double)</Name>
              <FileRef uid="4" />
              <SequencePoints />
              <BranchPoints />
            </Method>
            <Method skippedDueTo="AutoImplementedProperty" visited="false" cyclomaticComplexity="1" nPathComplexity="0" sequenceCoverage="0" branchCoverage="0" crapScore="0" isConstructor="false" isStatic="false" isGetter="true" isSetter="false">
              <MetadataToken>100663324</MetadataToken>
              <Name>System.Boolean DonaLaura.Domain.Features.Products.Product::get_Disponibility()</Name>
              <FileRef uid="4" />
              <SequencePoints />
              <BranchPoints />
            </Method>
            <Method skippedDueTo="AutoImplementedProperty" visited="false" cyclomaticComplexity="1" nPathComplexity="0" sequenceCoverage="0" branchCoverage="0" crapScore="0" isConstructor="false" isStatic="false" isGetter="false" isSetter="true">
              <MetadataToken>100663325</MetadataToken>
              <Name>System.Void DonaLaura.Domain.Features.Products.Product::set_Disponibility(System.Boolean)</Name>
              <FileRef uid="4" />
              <SequencePoints />
              <BranchPoints />
            </Method>
            <Method skippedDueTo="AutoImplementedProperty" visited="false" cyclomaticComplexity="1" nPathComplexity="0" sequenceCoverage="0" branchCoverage="0" crapScore="0" isConstructor="false" isStatic="false" isGetter="true" isSetter="false">
              <MetadataToken>100663326</MetadataToken>
              <Name>System.DateTime DonaLaura.Domain.Features.Products.Product::get_FabricationDate()</Name>
              <FileRef uid="4" />
              <SequencePoints />
              <BranchPoints />
            </Method>
            <Method skippedDueTo="AutoImplementedProperty" visited="false" cyclomaticComplexity="1" nPathComplexity="0" sequenceCoverage="0" branchCoverage="0" crapScore="0" isConstructor="false" isStatic="false" isGetter="false" isSetter="true">
              <MetadataToken>100663327</MetadataToken>
              <Name>System.Void DonaLaura.Domain.Features.Products.Product::set_FabricationDate(System.DateTime)</Name>
              <FileRef uid="4" />
              <SequencePoints />
              <BranchPoints />
            </Method>
            <Method skippedDueTo="AutoImplementedProperty" visited="false" cyclomaticComplexity="1" nPathComplexity="0" sequenceCoverage="0" branchCoverage="0" crapScore="0" isConstructor="false" isStatic="false" isGetter="true" isSetter="false">
              <MetadataToken>100663328</MetadataToken>
              <Name>System.DateTime DonaLaura.Domain.Features.Products.Product::get_ExpirationDate()</Name>
              <FileRef uid="4" />
              <SequencePoints />
              <BranchPoints />
            </Method>
            <Method skippedDueTo="AutoImplementedProperty" visited="false" cyclomaticComplexity="1" nPathComplexity="0" sequenceCoverage="0" branchCoverage="0" crapScore="0" isConstructor="false" isStatic="false" isGetter="false" isSetter="true">
              <MetadataToken>100663329</MetadataToken>
              <Name>System.Void DonaLaura.Domain.Features.Products.Product::set_ExpirationDate(System.DateTime)</Name>
              <FileRef uid="4" />
              <SequencePoints />
              <BranchPoints />
            </Method>
            <Method visited="true" cyclomaticComplexity="7" nPathComplexity="64" sequenceCoverage="100" branchCoverage="100" crapScore="7" isConstructor="false" isStatic="false" isGetter="false" isSetter="false">
              <Summary numSequencePoints="14" visitedSequencePoints="14" numBranchPoints="13" visitedBranchPoints="13" sequenceCoverage="100" branchCoverage="100" maxCyclomaticComplexity="7" minCyclomaticComplexity="7" maxCrapScore="7" minCrapScore="7" visitedClasses="0" numClasses="0" visitedMethods="1" numMethods="1" />
              <MetadataToken>100663330</MetadataToken>
              <Name>System.Void DonaLaura.Domain.Features.Products.Product::Validate()</Name>
              <FileRef uid="4" />
              <SequencePoints>
                <SequencePoint vc="22" uspid="21" ordinal="0" offset="0" sl="16" sc="9" el="16" ec="10" bec="0" bev="0" fileid="4" />
                <SequencePoint vc="22" uspid="22" ordinal="1" offset="1" sl="17" sc="13" el="17" ec="44" bec="2" bev="2" fileid="4" />
                <SequencePoint vc="5" uspid="23" ordinal="2" offset="16" sl="18" sc="17" el="18" ec="61" bec="0" bev="0" fileid="4" />
                <SequencePoint vc="17" uspid="24" ordinal="3" offset="22" sl="20" sc="13" el="20" ec="33" bec="2" bev="2" fileid="4" />
                <SequencePoint vc="2" uspid="25" ordinal="4" offset="40" sl="21" sc="17" el="21" ec="59" bec="0" bev="0" fileid="4" />
                <SequencePoint vc="15" uspid="26" ordinal="5" offset="46" sl="23" sc="13" el="23" ec="31" bec="2" bev="2" fileid="4" />
                <SequencePoint vc="2" uspid="27" ordinal="6" offset="67" sl="24" sc="17" el="24" ec="59" bec="0" bev="0" fileid="4" />
                <SequencePoint vc="13" uspid="28" ordinal="7" offset="73" sl="26" sc="13" el="26" ec="38" bec="2" bev="2" fileid="4" />
                <SequencePoint vc="3" uspid="29" ordinal="8" offset="86" sl="27" sc="17" el="27" ec="74" bec="0" bev="0" fileid="4" />
                <SequencePoint vc="10" uspid="30" ordinal="9" offset="92" sl="29" sc="13" el="29" ec="61" bec="2" bev="2" fileid="4" />
                <SequencePoint vc="2" uspid="31" ordinal="10" offset="113" sl="30" sc="17" el="30" ec="58" bec="0" bev="0" fileid="4" />
                <SequencePoint vc="8" uspid="32" ordinal="11" offset="119" sl="32" sc="13" el="32" ec="43" bec="2" bev="2" fileid="4" />
                <SequencePoint vc="3" uspid="33" ordinal="12" offset="134" sl="33" sc="17" el="33" ec="58" bec="0" bev="0" fileid="4" />
                <SequencePoint vc="5" uspid="34" ordinal="13" offset="140" sl="34" sc="9" el="34" ec="10" bec="0" bev="0" fileid="4" />
              </SequencePoints>
              <BranchPoints>
                <BranchPoint vc="5" uspid="35" ordinal="0" offset="14" sl="17" path="0" offsetend="16" fileid="4" />
                <BranchPoint vc="17" uspid="36" ordinal="1" offset="14" sl="17" path="1" offsetend="22" fileid="4" />
                <BranchPoint vc="2" uspid="37" ordinal="2" offset="38" sl="20" path="0" offsetend="40" fileid="4" />
                <BranchPoint vc="15" uspid="38" ordinal="3" offset="38" sl="20" path="1" offsetend="46" fileid="4" />
                <BranchPoint vc="2" uspid="39" ordinal="4" offset="65" sl="23" path="0" offsetend="67" fileid="4" />
                <BranchPoint vc="13" uspid="40" ordinal="5" offset="65" sl="23" path="1" offsetend="73" fileid="4" />
                <BranchPoint vc="3" uspid="41" ordinal="6" offset="84" sl="26" path="0" offsetend="86" fileid="4" />
                <BranchPoint vc="10" uspid="42" ordinal="7" offset="84" sl="26" path="1" offsetend="92" fileid="4" />
                <BranchPoint vc="2" uspid="43" ordinal="8" offset="111" sl="29" path="0" offsetend="113" fileid="4" />
                <BranchPoint vc="8" uspid="44" ordinal="9" offset="111" sl="29" path="1" offsetend="119" fileid="4" />
                <BranchPoint vc="3" uspid="45" ordinal="10" offset="132" sl="32" path="0" offsetend="134" fileid="4" />
                <BranchPoint vc="5" uspid="46" ordinal="11" offset="132" sl="32" path="1" offsetend="140" fileid="4" />
              </BranchPoints>
              <MethodPoint xsi:type="SequencePoint" vc="22" uspid="21" ordinal="0" offset="0" sl="16" sc="9" el="16" ec="10" bec="0" bev="0" fileid="4" />
            </Method>
            <Method visited="true" cyclomaticComplexity="2" nPathComplexity="2" sequenceCoverage="100" branchCoverage="100" crapScore="2" isConstructor="false" isStatic="false" isGetter="false" isSetter="false">
              <Summary numSequencePoints="6" visitedSequencePoints="6" numBranchPoints="3" visitedBranchPoints="3" sequenceCoverage="100" branchCoverage="100" maxCyclomaticComplexity="2" minCyclomaticComplexity="2" maxCrapScore="2" minCrapScore="2" visitedClasses="0" numClasses="0" visitedMethods="1" numMethods="1" />
              <MetadataToken>100663331</MetadataToken>
              <Name>System.Boolean DonaLaura.Domain.Features.Products.Product::ValidateCostPrice()</Name>
              <FileRef uid="4" />
              <SequencePoints>
                <SequencePoint vc="13" uspid="47" ordinal="0" offset="0" sl="38" sc="9" el="38" ec="10" bec="0" bev="0" fileid="4" />
                <SequencePoint vc="13" uspid="48" ordinal="1" offset="1" sl="39" sc="13" el="39" ec="38" bec="2" bev="2" fileid="4" />
                <SequencePoint vc="10" uspid="49" ordinal="2" offset="19" sl="40" sc="13" el="40" ec="14" bec="0" bev="0" fileid="4" />
                <SequencePoint vc="10" uspid="50" ordinal="3" offset="20" sl="41" sc="17" el="41" ec="29" bec="0" bev="0" fileid="4" />
                <SequencePoint vc="3" uspid="51" ordinal="4" offset="24" sl="43" sc="13" el="43" ec="26" bec="0" bev="0" fileid="4" />
                <SequencePoint vc="13" uspid="52" ordinal="5" offset="28" sl="44" sc="9" el="44" ec="10" bec="0" bev="0" fileid="4" />
              </SequencePoints>
              <BranchPoints>
                <BranchPoint vc="10" uspid="53" ordinal="0" offset="17" sl="39" path="0" offsetend="19" fileid="4" />
                <BranchPoint vc="3" uspid="54" ordinal="1" offset="17" sl="39" path="1" offsetend="24" fileid="4" />
              </BranchPoints>
              <MethodPoint xsi:type="SequencePoint" vc="13" uspid="47" ordinal="0" offset="0" sl="38" sc="9" el="38" ec="10" bec="0" bev="0" fileid="4" />
            </Method>
            <Method visited="true" cyclomaticComplexity="2" nPathComplexity="2" sequenceCoverage="100" branchCoverage="100" crapScore="2" isConstructor="false" isStatic="false" isGetter="false" isSetter="false">
              <Summary numSequencePoints="7" visitedSequencePoints="7" numBranchPoints="3" visitedBranchPoints="3" sequenceCoverage="100" branchCoverage="100" maxCyclomaticComplexity="2" minCyclomaticComplexity="2" maxCrapScore="2" minCrapScore="2" visitedClasses="0" numClasses="0" visitedMethods="1" numMethods="1" />
              <MetadataToken>100663332</MetadataToken>
              <Name>System.Boolean DonaLaura.Domain.Features.Products.Product::CompareDateSmallerCurrent(System.DateTime)</Name>
              <FileRef uid="4" />
              <SequencePoints>
                <SequencePoint vc="10" uspid="55" ordinal="0" offset="0" sl="47" sc="9" el="47" ec="10" bec="0" bev="0" fileid="4" />
                <SequencePoint vc="10" uspid="56" ordinal="1" offset="1" sl="48" sc="13" el="48" ec="61" bec="0" bev="0" fileid="4" />
                <SequencePoint vc="10" uspid="57" ordinal="2" offset="13" sl="49" sc="13" el="49" ec="29" bec="2" bev="2" fileid="4" />
                <SequencePoint vc="8" uspid="58" ordinal="3" offset="24" sl="50" sc="13" el="50" ec="14" bec="0" bev="0" fileid="4" />
                <SequencePoint vc="8" uspid="59" ordinal="4" offset="25" sl="51" sc="17" el="51" ec="29" bec="0" bev="0" fileid="4" />
                <SequencePoint vc="2" uspid="60" ordinal="5" offset="29" sl="54" sc="13" el="54" ec="26" bec="0" bev="0" fileid="4" />
                <SequencePoint vc="10" uspid="61" ordinal="6" offset="33" sl="55" sc="9" el="55" ec="10" bec="0" bev="0" fileid="4" />
              </SequencePoints>
              <BranchPoints>
                <BranchPoint vc="8" uspid="62" ordinal="0" offset="22" sl="49" path="0" offsetend="24" fileid="4" />
                <BranchPoint vc="2" uspid="63" ordinal="1" offset="22" sl="49" path="1" offsetend="29" fileid="4" />
              </BranchPoints>
              <MethodPoint xsi:type="SequencePoint" vc="10" uspid="55" ordinal="0" offset="0" sl="47" sc="9" el="47" ec="10" bec="0" bev="0" fileid="4" />
            </Method>
            <Method visited="true" cyclomaticComplexity="2" nPathComplexity="2" sequenceCoverage="100" branchCoverage="100" crapScore="2" isConstructor="false" isStatic="false" isGetter="false" isSetter="false">
              <Summary numSequencePoints="7" visitedSequencePoints="7" numBranchPoints="3" visitedBranchPoints="3" sequenceCoverage="100" branchCoverage="100" maxCyclomaticComplexity="2" minCyclomaticComplexity="2" maxCrapScore="2" minCrapScore="2" visitedClasses="0" numClasses="0" visitedMethods="1" numMethods="1" />
              <MetadataToken>100663333</MetadataToken>
              <Name>System.Boolean DonaLaura.Domain.Features.Products.Product::ValidateExpirationDate()</Name>
              <FileRef uid="4" />
              <SequencePoints>
                <SequencePoint vc="8" uspid="64" ordinal="0" offset="0" sl="58" sc="9" el="58" ec="10" bec="0" bev="0" fileid="4" />
                <SequencePoint vc="8" uspid="65" ordinal="1" offset="1" sl="59" sc="13" el="59" ec="76" bec="0" bev="0" fileid="4" />
                <SequencePoint vc="8" uspid="66" ordinal="2" offset="19" sl="60" sc="13" el="60" ec="29" bec="2" bev="2" fileid="4" />
                <SequencePoint vc="5" uspid="67" ordinal="3" offset="30" sl="61" sc="13" el="61" ec="14" bec="0" bev="0" fileid="4" />
                <SequencePoint vc="5" uspid="68" ordinal="4" offset="31" sl="62" sc="17" el="62" ec="29" bec="0" bev="0" fileid="4" />
                <SequencePoint vc="3" uspid="69" ordinal="5" offset="35" sl="65" sc="13" el="65" ec="26" bec="0" bev="0" fileid="4" />
                <SequencePoint vc="8" uspid="70" ordinal="6" offset="39" sl="66" sc="9" el="66" ec="10" bec="0" bev="0" fileid="4" />
              </SequencePoints>
              <BranchPoints>
                <BranchPoint vc="5" uspid="71" ordinal="0" offset="28" sl="60" path="0" offsetend="30" fileid="4" />
                <BranchPoint vc="3" uspid="72" ordinal="1" offset="28" sl="60" path="1" offsetend="35" fileid="4" />
              </BranchPoints>
              <MethodPoint xsi:type="SequencePoint" vc="8" uspid="64" ordinal="0" offset="0" sl="58" sc="9" el="58" ec="10" bec="0" bev="0" fileid="4" />
            </Method>
            <Method visited="false" cyclomaticComplexity="1" nPathComplexity="0" sequenceCoverage="0" branchCoverage="0" crapScore="2" isConstructor="true" isStatic="false" isGetter="false" isSetter="false">
              <Summary numSequencePoints="0" visitedSequencePoints="0" numBranchPoints="0" visitedBranchPoints="0" sequenceCoverage="0" branchCoverage="0" maxCyclomaticComplexity="1" minCyclomaticComplexity="1" maxCrapScore="2" minCrapScore="2" visitedClasses="0" numClasses="0" visitedMethods="0" numMethods="0" />
              <MetadataToken>100663334</MetadataToken>
              <Name>System.Void DonaLaura.Domain.Features.Products.Product::.ctor()</Name>
              <SequencePoints />
              <BranchPoints />
              <MethodPoint vc="0" uspid="73" ordinal="0" offset="0" />
            </Method>
          </Methods>
        </Class>
        <Class>
          <Summary numSequencePoints="3" visitedSequencePoints="3" numBranchPoints="1" visitedBranchPoints="1" sequenceCoverage="100" branchCoverage="100" maxCyclomaticComplexity="1" minCyclomaticComplexity="1" maxCrapScore="1" minCrapScore="1" visitedClasses="1" numClasses="1" visitedMethods="1" numMethods="1" />
          <FullName>DonaLaura.Domain.Features.Products.ProductCostPriceBiggerThanSalePriceException</FullName>
          <Methods>
            <Method visited="true" cyclomaticComplexity="1" nPathComplexity="0" sequenceCoverage="100" branchCoverage="100" crapScore="1" isConstructor="true" isStatic="false" isGetter="false" isSetter="false">
              <Summary numSequencePoints="3" visitedSequencePoints="3" numBranchPoints="1" visitedBranchPoints="1" sequenceCoverage="100" branchCoverage="100" maxCyclomaticComplexity="1" minCyclomaticComplexity="1" maxCrapScore="1" minCrapScore="1" visitedClasses="0" numClasses="0" visitedMethods="1" numMethods="1" />
              <MetadataToken>100663335</MetadataToken>
              <Name>System.Void DonaLaura.Domain.Features.Products.ProductCostPriceBiggerThanSalePriceException::.ctor()</Name>
              <FileRef uid="5" />
              <SequencePoints>
                <SequencePoint vc="3" uspid="74" ordinal="0" offset="0" sl="13" sc="13" el="13" ec="81" bec="0" bev="0" fileid="5" />
                <SequencePoint vc="3" uspid="75" ordinal="1" offset="12" sl="14" sc="9" el="14" ec="10" bec="0" bev="0" fileid="5" />
                <SequencePoint vc="3" uspid="76" ordinal="2" offset="13" sl="15" sc="9" el="15" ec="10" bec="0" bev="0" fileid="5" />
              </SequencePoints>
              <BranchPoints />
              <MethodPoint xsi:type="SequencePoint" vc="3" uspid="74" ordinal="0" offset="0" sl="13" sc="13" el="13" ec="81" bec="0" bev="0" fileid="5" />
            </Method>
          </Methods>
        </Class>
        <Class>
          <Summary numSequencePoints="3" visitedSequencePoints="3" numBranchPoints="1" visitedBranchPoints="1" sequenceCoverage="100" branchCoverage="100" maxCyclomaticComplexity="1" minCyclomaticComplexity="1" maxCrapScore="1" minCrapScore="1" visitedClasses="1" numClasses="1" visitedMethods="1" numMethods="1" />
          <FullName>DonaLaura.Domain.Features.Products.ProductDateOverFlowException</FullName>
          <Methods>
            <Method visited="true" cyclomaticComplexity="1" nPathComplexity="0" sequenceCoverage="100" branchCoverage="100" crapScore="1" isConstructor="true" isStatic="false" isGetter="false" isSetter="false">
              <Summary numSequencePoints="3" visitedSequencePoints="3" numBranchPoints="1" visitedBranchPoints="1" sequenceCoverage="100" branchCoverage="100" maxCyclomaticComplexity="1" minCyclomaticComplexity="1" maxCrapScore="1" minCrapScore="1" visitedClasses="0" numClasses="0" visitedMethods="1" numMethods="1" />
              <MetadataToken>100663336</MetadataToken>
              <Name>System.Void DonaLaura.Domain.Features.Products.ProductDateOverFlowException::.ctor()</Name>
              <FileRef uid="6" />
              <SequencePoints>
                <SequencePoint vc="5" uspid="77" ordinal="0" offset="0" sl="13" sc="13" el="13" ec="69" bec="0" bev="0" fileid="6" />
                <SequencePoint vc="5" uspid="78" ordinal="1" offset="12" sl="14" sc="9" el="14" ec="10" bec="0" bev="0" fileid="6" />
                <SequencePoint vc="5" uspid="79" ordinal="2" offset="13" sl="15" sc="9" el="15" ec="10" bec="0" bev="0" fileid="6" />
              </SequencePoints>
              <BranchPoints />
              <MethodPoint xsi:type="SequencePoint" vc="5" uspid="77" ordinal="0" offset="0" sl="13" sc="13" el="13" ec="69" bec="0" bev="0" fileid="6" />
            </Method>
          </Methods>
        </Class>
        <Class>
          <Summary numSequencePoints="3" visitedSequencePoints="3" numBranchPoints="1" visitedBranchPoints="1" sequenceCoverage="100" branchCoverage="100" maxCyclomaticComplexity="1" minCyclomaticComplexity="1" maxCrapScore="1" minCrapScore="1" visitedClasses="1" numClasses="1" visitedMethods="1" numMethods="1" />
          <FullName>DonaLaura.Domain.Features.Products.ProductNameLessThan4Exception</FullName>
          <Methods>
            <Method visited="true" cyclomaticComplexity="1" nPathComplexity="0" sequenceCoverage="100" branchCoverage="100" crapScore="1" isConstructor="true" isStatic="false" isGetter="false" isSetter="false">
              <Summary numSequencePoints="3" visitedSequencePoints="3" numBranchPoints="1" visitedBranchPoints="1" sequenceCoverage="100" branchCoverage="100" maxCyclomaticComplexity="1" minCyclomaticComplexity="1" maxCrapScore="1" minCrapScore="1" visitedClasses="0" numClasses="0" visitedMethods="1" numMethods="1" />
              <MetadataToken>100663337</MetadataToken>
              <Name>System.Void DonaLaura.Domain.Features.Products.ProductNameLessThan4Exception::.ctor()</Name>
              <FileRef uid="7" />
              <SequencePoints>
                <SequencePoint vc="2" uspid="80" ordinal="0" offset="0" sl="13" sc="13" el="13" ec="74" bec="0" bev="0" fileid="7" />
                <SequencePoint vc="2" uspid="81" ordinal="1" offset="12" sl="14" sc="9" el="14" ec="10" bec="0" bev="0" fileid="7" />
                <SequencePoint vc="2" uspid="82" ordinal="2" offset="13" sl="15" sc="9" el="15" ec="10" bec="0" bev="0" fileid="7" />
              </SequencePoints>
              <BranchPoints />
              <MethodPoint xsi:type="SequencePoint" vc="2" uspid="80" ordinal="0" offset="0" sl="13" sc="13" el="13" ec="74" bec="0" bev="0" fileid="7" />
            </Method>
          </Methods>
        </Class>
        <Class>
          <Summary numSequencePoints="3" visitedSequencePoints="3" numBranchPoints="1" visitedBranchPoints="1" sequenceCoverage="100" branchCoverage="100" maxCyclomaticComplexity="1" minCyclomaticComplexity="1" maxCrapScore="1" minCrapScore="1" visitedClasses="1" numClasses="1" visitedMethods="1" numMethods="1" />
          <FullName>DonaLaura.Domain.Features.Products.ProductNameNullOrEmptyException</FullName>
          <Methods>
            <Method visited="true" cyclomaticComplexity="1" nPathComplexity="0" sequenceCoverage="100" branchCoverage="100" crapScore="1" isConstructor="true" isStatic="false" isGetter="false" isSetter="false">
              <Summary numSequencePoints="3" visitedSequencePoints="3" numBranchPoints="1" visitedBranchPoints="1" sequenceCoverage="100" branchCoverage="100" maxCyclomaticComplexity="1" minCyclomaticComplexity="1" maxCrapScore="1" minCrapScore="1" visitedClasses="0" numClasses="0" visitedMethods="1" numMethods="1" />
              <MetadataToken>100663338</MetadataToken>
              <Name>System.Void DonaLaura.Domain.Features.Products.ProductNameNullOrEmptyException::.ctor()</Name>
              <FileRef uid="8" />
              <SequencePoints>
                <SequencePoint vc="5" uspid="83" ordinal="0" offset="0" sl="12" sc="52" el="12" ec="97" bec="0" bev="0" fileid="8" />
                <SequencePoint vc="5" uspid="84" ordinal="1" offset="12" sl="13" sc="9" el="13" ec="10" bec="0" bev="0" fileid="8" />
                <SequencePoint vc="5" uspid="85" ordinal="2" offset="13" sl="14" sc="9" el="14" ec="10" bec="0" bev="0" fileid="8" />
              </SequencePoints>
              <BranchPoints />
              <MethodPoint xsi:type="SequencePoint" vc="5" uspid="83" ordinal="0" offset="0" sl="12" sc="52" el="12" ec="97" bec="0" bev="0" fileid="8" />
            </Method>
          </Methods>
        </Class>
        <Class>
          <Summary numSequencePoints="3" visitedSequencePoints="3" numBranchPoints="1" visitedBranchPoints="1" sequenceCoverage="100" branchCoverage="100" maxCyclomaticComplexity="1" minCyclomaticComplexity="1" maxCrapScore="1" minCrapScore="1" visitedClasses="1" numClasses="1" visitedMethods="1" numMethods="1" />
          <FullName>DonaLaura.Domain.Features.Products.ProductSalePriceNullException</FullName>
          <Methods>
            <Method visited="true" cyclomaticComplexity="1" nPathComplexity="0" sequenceCoverage="100" branchCoverage="100" crapScore="1" isConstructor="true" isStatic="false" isGetter="false" isSetter="false">
              <Summary numSequencePoints="3" visitedSequencePoints="3" numBranchPoints="1" visitedBranchPoints="1" sequenceCoverage="100" branchCoverage="100" maxCyclomaticComplexity="1" minCyclomaticComplexity="1" maxCrapScore="1" minCrapScore="1" visitedClasses="0" numClasses="0" visitedMethods="1" numMethods="1" />
              <MetadataToken>100663339</MetadataToken>
              <Name>System.Void DonaLaura.Domain.Features.Products.ProductSalePriceNullException::.ctor()</Name>
              <FileRef uid="9" />
              <SequencePoints>
                <SequencePoint vc="2" uspid="86" ordinal="0" offset="0" sl="13" sc="13" el="13" ec="63" bec="0" bev="0" fileid="9" />
                <SequencePoint vc="2" uspid="87" ordinal="1" offset="12" sl="14" sc="9" el="14" ec="10" bec="0" bev="0" fileid="9" />
                <SequencePoint vc="2" uspid="88" ordinal="2" offset="13" sl="15" sc="9" el="15" ec="10" bec="0" bev="0" fileid="9" />
              </SequencePoints>
              <BranchPoints />
              <MethodPoint xsi:type="SequencePoint" vc="2" uspid="86" ordinal="0" offset="0" sl="13" sc="13" el="13" ec="63" bec="0" bev="0" fileid="9" />
            </Method>
          </Methods>
        </Class>
        <Class>
          <Summary numSequencePoints="3" visitedSequencePoints="3" numBranchPoints="1" visitedBranchPoints="1" sequenceCoverage="100" branchCoverage="100" maxCyclomaticComplexity="1" minCyclomaticComplexity="1" maxCrapScore="1" minCrapScore="1" visitedClasses="1" numClasses="1" visitedMethods="1" numMethods="1" />
          <FullName>DonaLaura.Domain.Exceptions.BusinessException</FullName>
          <Methods>
            <Method visited="true" cyclomaticComplexity="1" nPathComplexity="0" sequenceCoverage="100" branchCoverage="100" crapScore="1" isConstructor="true" isStatic="false" isGetter="false" isSetter="false">
              <Summary numSequencePoints="3" visitedSequencePoints="3" numBranchPoints="1" visitedBranchPoints="1" sequenceCoverage="100" branchCoverage="100" maxCyclomaticComplexity="1" minCyclomaticComplexity="1" maxCrapScore="1" minCrapScore="1" visitedClasses="0" numClasses="0" visitedMethods="1" numMethods="1" />
              <MetadataToken>100663340</MetadataToken>
              <Name>System.Void DonaLaura.Domain.Exceptions.BusinessException::.ctor(System.String)</Name>
              <FileRef uid="10" />
              <SequencePoints>
                <SequencePoint vc="32" uspid="89" ordinal="0" offset="0" sl="7" sc="52" el="7" ec="65" bec="0" bev="0" fileid="10" />
                <SequencePoint vc="32" uspid="90" ordinal="1" offset="8" sl="8" sc="9" el="8" ec="10" bec="0" bev="0" fileid="10" />
                <SequencePoint vc="32" uspid="91" ordinal="2" offset="9" sl="10" sc="9" el="10" ec="10" bec="0" bev="0" fileid="10" />
              </SequencePoints>
              <BranchPoints />
              <MethodPoint xsi:type="SequencePoint" vc="32" uspid="89" ordinal="0" offset="0" sl="7" sc="52" el="7" ec="65" bec="0" bev="0" fileid="10" />
            </Method>
          </Methods>
        </Class>
        <Class>
          <Summary numSequencePoints="3" visitedSequencePoints="3" numBranchPoints="1" visitedBranchPoints="1" sequenceCoverage="100" branchCoverage="100" maxCyclomaticComplexity="1" minCyclomaticComplexity="1" maxCrapScore="1" minCrapScore="1" visitedClasses="1" numClasses="1" visitedMethods="1" numMethods="1" />
          <FullName>DonaLaura.Domain.Exceptions.IdentifierUndefinedException</FullName>
          <Methods>
            <Method visited="true" cyclomaticComplexity="1" nPathComplexity="0" sequenceCoverage="100" branchCoverage="100" crapScore="1" isConstructor="true" isStatic="false" isGetter="false" isSetter="false">
              <Summary numSequencePoints="3" visitedSequencePoints="3" numBranchPoints="1" visitedBranchPoints="1" sequenceCoverage="100" branchCoverage="100" maxCyclomaticComplexity="1" minCyclomaticComplexity="1" maxCrapScore="1" minCrapScore="1" visitedClasses="0" numClasses="0" visitedMethods="1" numMethods="1" />
              <MetadataToken>100663341</MetadataToken>
              <Name>System.Void DonaLaura.Domain.Exceptions.IdentifierUndefinedException::.ctor()</Name>
              <FileRef uid="11" />
              <SequencePoints>
                <SequencePoint vc="9" uspid="92" ordinal="0" offset="0" sl="7" sc="49" el="7" ec="80" bec="0" bev="0" fileid="11" />
                <SequencePoint vc="9" uspid="93" ordinal="1" offset="12" sl="8" sc="9" el="8" ec="10" bec="0" bev="0" fileid="11" />
                <SequencePoint vc="9" uspid="94" ordinal="2" offset="13" sl="10" sc="9" el="10" ec="10" bec="0" bev="0" fileid="11" />
              </SequencePoints>
              <BranchPoints />
              <MethodPoint xsi:type="SequencePoint" vc="9" uspid="92" ordinal="0" offset="0" sl="7" sc="49" el="7" ec="80" bec="0" bev="0" fileid="11" />
            </Method>
          </Methods>
        </Class>
        <Class>
          <Summary numSequencePoints="3" visitedSequencePoints="0" numBranchPoints="1" visitedBranchPoints="0" sequenceCoverage="0" branchCoverage="0" maxCyclomaticComplexity="1" minCyclomaticComplexity="1" maxCrapScore="2" minCrapScore="2" visitedClasses="0" numClasses="1" visitedMethods="0" numMethods="1" />
          <FullName>DonaLaura.Domain.Exceptions.UnsupportedOperationException</FullName>
          <Methods>
            <Method visited="false" cyclomaticComplexity="1" nPathComplexity="0" sequenceCoverage="0" branchCoverage="0" crapScore="2" isConstructor="true" isStatic="false" isGetter="false" isSetter="false">
              <Summary numSequencePoints="3" visitedSequencePoints="0" numBranchPoints="1" visitedBranchPoints="0" sequenceCoverage="0" branchCoverage="0" maxCyclomaticComplexity="1" minCyclomaticComplexity="1" maxCrapScore="2" minCrapScore="2" visitedClasses="0" numClasses="0" visitedMethods="0" numMethods="1" />
              <MetadataToken>100663342</MetadataToken>
              <Name>System.Void DonaLaura.Domain.Exceptions.UnsupportedOperationException::.ctor()</Name>
              <FileRef uid="12" />
              <SequencePoints>
                <SequencePoint vc="0" uspid="95" ordinal="0" offset="0" sl="7" sc="50" el="7" ec="80" bec="0" bev="0" fileid="12" />
                <SequencePoint vc="0" uspid="96" ordinal="1" offset="12" sl="8" sc="9" el="8" ec="10" bec="0" bev="0" fileid="12" />
                <SequencePoint vc="0" uspid="97" ordinal="2" offset="13" sl="10" sc="9" el="10" ec="10" bec="0" bev="0" fileid="12" />
              </SequencePoints>
              <BranchPoints />
              <MethodPoint xsi:type="SequencePoint" vc="0" uspid="95" ordinal="0" offset="0" sl="7" sc="50" el="7" ec="80" bec="0" bev="0" fileid="12" />
            </Method>
          </Methods>
        </Class>
        <Class>
          <Summary numSequencePoints="0" visitedSequencePoints="0" numBranchPoints="0" visitedBranchPoints="0" sequenceCoverage="0" branchCoverage="0" maxCyclomaticComplexity="1" minCyclomaticComplexity="1" maxCrapScore="2" minCrapScore="2" visitedClasses="0" numClasses="0" visitedMethods="0" numMethods="0" />
          <FullName>DonaLaura.Domain.Common.Entity</FullName>
          <Methods>
            <Method skippedDueTo="AutoImplementedProperty" visited="false" cyclomaticComplexity="1" nPathComplexity="0" sequenceCoverage="0" branchCoverage="0" crapScore="0" isConstructor="false" isStatic="false" isGetter="true" isSetter="false">
              <MetadataToken>100663343</MetadataToken>
              <Name>System.Int32 DonaLaura.Domain.Common.Entity::get_Id()</Name>
              <FileRef uid="13" />
              <SequencePoints />
              <BranchPoints />
            </Method>
            <Method skippedDueTo="AutoImplementedProperty" visited="false" cyclomaticComplexity="1" nPathComplexity="0" sequenceCoverage="0" branchCoverage="0" crapScore="0" isConstructor="false" isStatic="false" isGetter="false" isSetter="true">
              <MetadataToken>100663344</MetadataToken>
              <Name>System.Void DonaLaura.Domain.Common.Entity::set_Id(System.Int32)</Name>
              <FileRef uid="13" />
              <SequencePoints />
              <BranchPoints />
            </Method>
            <Method visited="false" cyclomaticComplexity="1" nPathComplexity="0" sequenceCoverage="0" branchCoverage="0" crapScore="2" isConstructor="true" isStatic="false" isGetter="false" isSetter="false">
              <Summary numSequencePoints="0" visitedSequencePoints="0" numBranchPoints="0" visitedBranchPoints="0" sequenceCoverage="0" branchCoverage="0" maxCyclomaticComplexity="1" minCyclomaticComplexity="1" maxCrapScore="2" minCrapScore="2" visitedClasses="0" numClasses="0" visitedMethods="0" numMethods="0" />
              <MetadataToken>100663346</MetadataToken>
              <Name>System.Void DonaLaura.Domain.Common.Entity::.ctor()</Name>
              <SequencePoints />
              <BranchPoints />
              <MethodPoint vc="0" uspid="98" ordinal="0" offset="0" />
            </Method>
          </Methods>
        </Class>
      </Classes>
    </Module>
    <Module hash="3F-AB-29-60-3D-E2-CB-7A-A2-9A-EE-71-A9-00-4E-97-4D-89-4A-DD">
      <Summary numSequencePoints="54" visitedSequencePoints="54" numBranchPoints="24" visitedBranchPoints="24" sequenceCoverage="100" branchCoverage="100" maxCyclomaticComplexity="2" minCyclomaticComplexity="1" maxCrapScore="2" minCrapScore="1" visitedClasses="2" numClasses="2" visitedMethods="12" numMethods="12" />
      <ModulePath>C:\Users\Isabel\Documents\Projetos\ndd-projetos-academiaprogramador2018\DonaLaura\DonaLaura.Application.Tests\bin\Debug\DonaLaura.Application.dll</ModulePath>
      <ModuleTime>2018-05-15T03:48:44.0576739Z</ModuleTime>
      <ModuleName>DonaLaura.Application</ModuleName>
      <Files>
        <File uid="27" fullPath="C:\Users\Isabel\Documents\Projetos\ndd-projetos-academiaprogramador2018\DonaLaura\DonaLaura.Application\Features\Sales\SaleService.cs" />
        <File uid="28" fullPath="C:\Users\Isabel\Documents\Projetos\ndd-projetos-academiaprogramador2018\DonaLaura\DonaLaura.Application\Features\Products\ProductService.cs" />
      </Files>
      <Classes>
        <Class>
          <Summary numSequencePoints="27" visitedSequencePoints="27" numBranchPoints="12" visitedBranchPoints="12" sequenceCoverage="100" branchCoverage="100" maxCyclomaticComplexity="2" minCyclomaticComplexity="1" maxCrapScore="2" minCrapScore="1" visitedClasses="1" numClasses="1" visitedMethods="6" numMethods="6" />
          <FullName>DonaLaura.Application.Features.Sales.SaleService</FullName>
          <Methods>
            <Method visited="true" cyclomaticComplexity="1" nPathComplexity="0" sequenceCoverage="100" branchCoverage="100" crapScore="1" isConstructor="true" isStatic="false" isGetter="false" isSetter="false">
              <Summary numSequencePoints="4" visitedSequencePoints="4" numBranchPoints="1" visitedBranchPoints="1" sequenceCoverage="100" branchCoverage="100" maxCyclomaticComplexity="1" minCyclomaticComplexity="1" maxCrapScore="1" minCrapScore="1" visitedClasses="0" numClasses="0" visitedMethods="1" numMethods="1" />
              <MetadataToken>100663302</MetadataToken>
              <Name>System.Void DonaLaura.Application.Features.Sales.SaleService::.ctor(DonaLaura.Domain.Features.Sales.ISaleRepository)</Name>
              <FileRef uid="27" />
              <SequencePoints>
                <SequencePoint vc="12" uspid="99" ordinal="0" offset="0" sl="15" sc="9" el="15" ec="55" bec="0" bev="0" fileid="27" />
                <SequencePoint vc="12" uspid="100" ordinal="1" offset="7" sl="16" sc="9" el="16" ec="10" bec="0" bev="0" fileid="27" />
                <SequencePoint vc="12" uspid="101" ordinal="2" offset="8" sl="17" sc="13" el="17" ec="39" bec="0" bev="0" fileid="27" />
                <SequencePoint vc="12" uspid="102" ordinal="3" offset="15" sl="18" sc="9" el="18" ec="10" bec="0" bev="0" fileid="27" />
              </SequencePoints>
              <BranchPoints />
              <MethodPoint xsi:type="SequencePoint" vc="12" uspid="99" ordinal="0" offset="0" sl="15" sc="9" el="15" ec="55" bec="0" bev="0" fileid="27" />
            </Method>
            <Method visited="true" cyclomaticComplexity="1" nPathComplexity="0" sequenceCoverage="100" branchCoverage="100" crapScore="1" isConstructor="false" isStatic="false" isGetter="false" isSetter="false">
              <Summary numSequencePoints="4" visitedSequencePoints="4" numBranchPoints="1" visitedBranchPoints="1" sequenceCoverage="100" branchCoverage="100" maxCyclomaticComplexity="1" minCyclomaticComplexity="1" maxCrapScore="1" minCrapScore="1" visitedClasses="0" numClasses="0" visitedMethods="1" numMethods="1" />
              <MetadataToken>100663303</MetadataToken>
              <Name>DonaLaura.Domain.Features.Sales.Sale DonaLaura.Application.Features.Sales.SaleService::Add(DonaLaura.Domain.Features.Sales.Sale)</Name>
              <FileRef uid="27" />
              <SequencePoints>
                <SequencePoint vc="3" uspid="103" ordinal="0" offset="0" sl="21" sc="9" el="21" ec="10" bec="0" bev="0" fileid="27" />
                <SequencePoint vc="3" uspid="104" ordinal="1" offset="1" sl="22" sc="13" el="22" ec="29" bec="0" bev="0" fileid="27" />
                <SequencePoint vc="1" uspid="105" ordinal="2" offset="8" sl="24" sc="13" el="24" ec="44" bec="0" bev="0" fileid="27" />
                <SequencePoint vc="1" uspid="106" ordinal="3" offset="23" sl="25" sc="9" el="25" ec="10" bec="0" bev="0" fileid="27" />
              </SequencePoints>
              <BranchPoints />
              <MethodPoint xsi:type="SequencePoint" vc="3" uspid="103" ordinal="0" offset="0" sl="21" sc="9" el="21" ec="10" bec="0" bev="0" fileid="27" />
            </Method>
            <Method visited="true" cyclomaticComplexity="2" nPathComplexity="2" sequenceCoverage="100" branchCoverage="100" crapScore="2" isConstructor="false" isStatic="false" isGetter="false" isSetter="false">
              <Summary numSequencePoints="6" visitedSequencePoints="6" numBranchPoints="3" visitedBranchPoints="3" sequenceCoverage="100" branchCoverage="100" maxCyclomaticComplexity="2" minCyclomaticComplexity="2" maxCrapScore="2" minCrapScore="2" visitedClasses="0" numClasses="0" visitedMethods="1" numMethods="1" />
              <MetadataToken>100663304</MetadataToken>
              <Name>DonaLaura.Domain.Features.Sales.Sale DonaLaura.Application.Features.Sales.SaleService::Update(DonaLaura.Domain.Features.Sales.Sale)</Name>
              <FileRef uid="27" />
              <SequencePoints>
                <SequencePoint vc="4" uspid="107" ordinal="0" offset="0" sl="28" sc="9" el="28" ec="10" bec="0" bev="0" fileid="27" />
                <SequencePoint vc="4" uspid="108" ordinal="1" offset="1" sl="29" sc="13" el="29" ec="29" bec="2" bev="2" fileid="27" />
                <SequencePoint vc="1" uspid="109" ordinal="2" offset="14" sl="30" sc="17" el="30" ec="58" bec="0" bev="0" fileid="27" />
                <SequencePoint vc="3" uspid="110" ordinal="3" offset="20" sl="32" sc="13" el="32" ec="29" bec="0" bev="0" fileid="27" />
                <SequencePoint vc="1" uspid="111" ordinal="4" offset="27" sl="34" sc="13" el="34" ec="46" bec="0" bev="0" fileid="27" />
                <SequencePoint vc="1" uspid="112" ordinal="5" offset="42" sl="35" sc="9" el="35" ec="10" bec="0" bev="0" fileid="27" />
              </SequencePoints>
              <BranchPoints>
                <BranchPoint vc="1" uspid="113" ordinal="0" offset="12" sl="29" path="0" offsetend="14" fileid="27" />
                <BranchPoint vc="3" uspid="114" ordinal="1" offset="12" sl="29" path="1" offsetend="20" fileid="27" />
              </BranchPoints>
              <MethodPoint xsi:type="SequencePoint" vc="4" uspid="107" ordinal="0" offset="0" sl="28" sc="9" el="28" ec="10" bec="0" bev="0" fileid="27" />
            </Method>
            <Method visited="true" cyclomaticComplexity="2" nPathComplexity="2" sequenceCoverage="100" branchCoverage="100" crapScore="2" isConstructor="false" isStatic="false" isGetter="false" isSetter="false">
              <Summary numSequencePoints="5" visitedSequencePoints="5" numBranchPoints="3" visitedBranchPoints="3" sequenceCoverage="100" branchCoverage="100" maxCyclomaticComplexity="2" minCyclomaticComplexity="2" maxCrapScore="2" minCrapScore="2" visitedClasses="0" numClasses="0" visitedMethods="1" numMethods="1" />
              <MetadataToken>100663305</MetadataToken>
              <Name>DonaLaura.Domain.Features.Sales.Sale DonaLaura.Application.Features.Sales.SaleService::Get(System.Int64)</Name>
              <FileRef uid="27" />
              <SequencePoints>
                <SequencePoint vc="2" uspid="115" ordinal="0" offset="0" sl="38" sc="9" el="38" ec="10" bec="0" bev="0" fileid="27" />
                <SequencePoint vc="2" uspid="116" ordinal="1" offset="1" sl="39" sc="13" el="39" ec="24" bec="2" bev="2" fileid="27" />
                <SequencePoint vc="1" uspid="117" ordinal="2" offset="10" sl="40" sc="17" el="40" ec="58" bec="0" bev="0" fileid="27" />
                <SequencePoint vc="1" uspid="118" ordinal="3" offset="16" sl="42" sc="13" el="42" ec="41" bec="0" bev="0" fileid="27" />
                <SequencePoint vc="1" uspid="119" ordinal="4" offset="31" sl="43" sc="9" el="43" ec="10" bec="0" bev="0" fileid="27" />
              </SequencePoints>
              <BranchPoints>
                <BranchPoint vc="1" uspid="120" ordinal="0" offset="8" sl="39" path="0" offsetend="10" fileid="27" />
                <BranchPoint vc="1" uspid="121" ordinal="1" offset="8" sl="39" path="1" offsetend="16" fileid="27" />
              </BranchPoints>
              <MethodPoint xsi:type="SequencePoint" vc="2" uspid="115" ordinal="0" offset="0" sl="38" sc="9" el="38" ec="10" bec="0" bev="0" fileid="27" />
            </Method>
            <Method visited="true" cyclomaticComplexity="1" nPathComplexity="0" sequenceCoverage="100" branchCoverage="100" crapScore="1" isConstructor="false" isStatic="false" isGetter="false" isSetter="false">
              <Summary numSequencePoints="3" visitedSequencePoints="3" numBranchPoints="1" visitedBranchPoints="1" sequenceCoverage="100" branchCoverage="100" maxCyclomaticComplexity="1" minCyclomaticComplexity="1" maxCrapScore="1" minCrapScore="1" visitedClasses="0" numClasses="0" visitedMethods="1" numMethods="1" />
              <MetadataToken>100663306</MetadataToken>
              <Name>System.Collections.Generic.IEnumerable`1&lt;DonaLaura.Domain.Features.Sales.Sale&gt; DonaLaura.Application.Features.Sales.SaleService::GetAll()</Name>
              <FileRef uid="27" />
              <SequencePoints>
                <SequencePoint vc="1" uspid="122" ordinal="0" offset="0" sl="46" sc="9" el="46" ec="10" bec="0" bev="0" fileid="27" />
                <SequencePoint vc="1" uspid="123" ordinal="1" offset="1" sl="47" sc="13" el="47" ec="42" bec="0" bev="0" fileid="27" />
                <SequencePoint vc="1" uspid="124" ordinal="2" offset="15" sl="48" sc="9" el="48" ec="10" bec="0" bev="0" fileid="27" />
              </SequencePoints>
              <BranchPoints />
              <MethodPoint xsi:type="SequencePoint" vc="1" uspid="122" ordinal="0" offset="0" sl="46" sc="9" el="46" ec="10" bec="0" bev="0" fileid="27" />
            </Method>
            <Method visited="true" cyclomaticComplexity="2" nPathComplexity="2" sequenceCoverage="100" branchCoverage="100" crapScore="2" isConstructor="false" isStatic="false" isGetter="false" isSetter="false">
              <Summary numSequencePoints="5" visitedSequencePoints="5" numBranchPoints="3" visitedBranchPoints="3" sequenceCoverage="100" branchCoverage="100" maxCyclomaticComplexity="2" minCyclomaticComplexity="2" maxCrapScore="2" minCrapScore="2" visitedClasses="0" numClasses="0" visitedMethods="1" numMethods="1" />
              <MetadataToken>100663307</MetadataToken>
              <Name>System.Void DonaLaura.Application.Features.Sales.SaleService::Delete(DonaLaura.Domain.Features.Sales.Sale)</Name>
              <FileRef uid="27" />
              <SequencePoints>
                <SequencePoint vc="2" uspid="125" ordinal="0" offset="0" sl="51" sc="9" el="51" ec="10" bec="0" bev="0" fileid="27" />
                <SequencePoint vc="2" uspid="126" ordinal="1" offset="1" sl="52" sc="13" el="52" ec="29" bec="2" bev="2" fileid="27" />
                <SequencePoint vc="1" uspid="127" ordinal="2" offset="14" sl="53" sc="17" el="53" ec="58" bec="0" bev="0" fileid="27" />
                <SequencePoint vc="1" uspid="128" ordinal="3" offset="20" sl="55" sc="13" el="55" ec="39" bec="0" bev="0" fileid="27" />
                <SequencePoint vc="1" uspid="129" ordinal="4" offset="33" sl="56" sc="9" el="56" ec="10" bec="0" bev="0" fileid="27" />
              </SequencePoints>
              <BranchPoints>
                <BranchPoint vc="1" uspid="130" ordinal="0" offset="12" sl="52" path="0" offsetend="14" fileid="27" />
                <BranchPoint vc="1" uspid="131" ordinal="1" offset="12" sl="52" path="1" offsetend="20" fileid="27" />
              </BranchPoints>
              <MethodPoint xsi:type="SequencePoint" vc="2" uspid="125" ordinal="0" offset="0" sl="51" sc="9" el="51" ec="10" bec="0" bev="0" fileid="27" />
            </Method>
          </Methods>
        </Class>
        <Class>
          <Summary numSequencePoints="27" visitedSequencePoints="27" numBranchPoints="12" visitedBranchPoints="12" sequenceCoverage="100" branchCoverage="100" maxCyclomaticComplexity="2" minCyclomaticComplexity="1" maxCrapScore="2" minCrapScore="1" visitedClasses="1" numClasses="1" visitedMethods="6" numMethods="6" />
          <FullName>DonaLaura.Application.Features.Products.ProductService</FullName>
          <Methods>
            <Method visited="true" cyclomaticComplexity="1" nPathComplexity="0" sequenceCoverage="100" branchCoverage="100" crapScore="1" isConstructor="true" isStatic="false" isGetter="false" isSetter="false">
              <Summary numSequencePoints="4" visitedSequencePoints="4" numBranchPoints="1" visitedBranchPoints="1" sequenceCoverage="100" branchCoverage="100" maxCyclomaticComplexity="1" minCyclomaticComplexity="1" maxCrapScore="1" minCrapScore="1" visitedClasses="0" numClasses="0" visitedMethods="1" numMethods="1" />
              <MetadataToken>100663313</MetadataToken>
              <Name>System.Void DonaLaura.Application.Features.Products.ProductService::.ctor(DonaLaura.Domain.Features.Products.IProductRepository)</Name>
              <FileRef uid="28" />
              <SequencePoints>
                <SequencePoint vc="15" uspid="132" ordinal="0" offset="0" sl="15" sc="9" el="15" ec="61" bec="0" bev="0" fileid="28" />
                <SequencePoint vc="15" uspid="133" ordinal="1" offset="7" sl="16" sc="9" el="16" ec="10" bec="0" bev="0" fileid="28" />
                <SequencePoint vc="15" uspid="134" ordinal="2" offset="8" sl="17" sc="13" el="17" ec="39" bec="0" bev="0" fileid="28" />
                <SequencePoint vc="15" uspid="135" ordinal="3" offset="15" sl="18" sc="9" el="18" ec="10" bec="0" bev="0" fileid="28" />
              </SequencePoints>
              <BranchPoints />
              <MethodPoint xsi:type="SequencePoint" vc="15" uspid="132" ordinal="0" offset="0" sl="15" sc="9" el="15" ec="61" bec="0" bev="0" fileid="28" />
            </Method>
            <Method visited="true" cyclomaticComplexity="1" nPathComplexity="0" sequenceCoverage="100" branchCoverage="100" crapScore="1" isConstructor="false" isStatic="false" isGetter="false" isSetter="false">
              <Summary numSequencePoints="4" visitedSequencePoints="4" numBranchPoints="1" visitedBranchPoints="1" sequenceCoverage="100" branchCoverage="100" maxCyclomaticComplexity="1" minCyclomaticComplexity="1" maxCrapScore="1" minCrapScore="1" visitedClasses="0" numClasses="0" visitedMethods="1" numMethods="1" />
              <MetadataToken>100663314</MetadataToken>
              <Name>DonaLaura.Domain.Features.Products.Product DonaLaura.Application.Features.Products.ProductService::Add(DonaLaura.Domain.Features.Products.Product)</Name>
              <FileRef uid="28" />
              <SequencePoints>
                <SequencePoint vc="7" uspid="136" ordinal="0" offset="0" sl="21" sc="9" el="21" ec="10" bec="0" bev="0" fileid="28" />
                <SequencePoint vc="7" uspid="137" ordinal="1" offset="1" sl="22" sc="13" el="22" ec="32" bec="0" bev="0" fileid="28" />
                <SequencePoint vc="1" uspid="138" ordinal="2" offset="8" sl="24" sc="13" el="24" ec="47" bec="0" bev="0" fileid="28" />
                <SequencePoint vc="1" uspid="139" ordinal="3" offset="23" sl="25" sc="9" el="25" ec="10" bec="0" bev="0" fileid="28" />
              </SequencePoints>
              <BranchPoints />
              <MethodPoint xsi:type="SequencePoint" vc="7" uspid="136" ordinal="0" offset="0" sl="21" sc="9" el="21" ec="10" bec="0" bev="0" fileid="28" />
            </Method>
            <Method visited="true" cyclomaticComplexity="2" nPathComplexity="2" sequenceCoverage="100" branchCoverage="100" crapScore="2" isConstructor="false" isStatic="false" isGetter="false" isSetter="false">
              <Summary numSequencePoints="6" visitedSequencePoints="6" numBranchPoints="3" visitedBranchPoints="3" sequenceCoverage="100" branchCoverage="100" maxCyclomaticComplexity="2" minCyclomaticComplexity="2" maxCrapScore="2" minCrapScore="2" visitedClasses="0" numClasses="0" visitedMethods="1" numMethods="1" />
              <MetadataToken>100663315</MetadataToken>
              <Name>DonaLaura.Domain.Features.Products.Product DonaLaura.Application.Features.Products.ProductService::Update(DonaLaura.Domain.Features.Products.Product)</Name>
              <FileRef uid="28" />
              <SequencePoints>
                <SequencePoint vc="3" uspid="140" ordinal="0" offset="0" sl="27" sc="9" el="27" ec="10" bec="0" bev="0" fileid="28" />
                <SequencePoint vc="3" uspid="141" ordinal="1" offset="1" sl="28" sc="13" el="28" ec="32" bec="2" bev="2" fileid="28" />
                <SequencePoint vc="1" uspid="142" ordinal="2" offset="14" sl="29" sc="17" el="29" ec="58" bec="0" bev="0" fileid="28" />
                <SequencePoint vc="2" uspid="143" ordinal="3" offset="20" sl="31" sc="13" el="31" ec="32" bec="0" bev="0" fileid="28" />
                <SequencePoint vc="1" uspid="144" ordinal="4" offset="27" sl="33" sc="13" el="33" ec="49" bec="0" bev="0" fileid="28" />
                <SequencePoint vc="1" uspid="145" ordinal="5" offset="42" sl="34" sc="9" el="34" ec="10" bec="0" bev="0" fileid="28" />
              </SequencePoints>
              <BranchPoints>
                <BranchPoint vc="1" uspid="146" ordinal="0" offset="12" sl="28" path="0" offsetend="14" fileid="28" />
                <BranchPoint vc="2" uspid="147" ordinal="1" offset="12" sl="28" path="1" offsetend="20" fileid="28" />
              </BranchPoints>
              <MethodPoint xsi:type="SequencePoint" vc="3" uspid="140" ordinal="0" offset="0" sl="27" sc="9" el="27" ec="10" bec="0" bev="0" fileid="28" />
            </Method>
            <Method visited="true" cyclomaticComplexity="2" nPathComplexity="2" sequenceCoverage="100" branchCoverage="100" crapScore="2" isConstructor="false" isStatic="false" isGetter="false" isSetter="false">
              <Summary numSequencePoints="5" visitedSequencePoints="5" numBranchPoints="3" visitedBranchPoints="3" sequenceCoverage="100" branchCoverage="100" maxCyclomaticComplexity="2" minCyclomaticComplexity="2" maxCrapScore="2" minCrapScore="2" visitedClasses="0" numClasses="0" visitedMethods="1" numMethods="1" />
              <MetadataToken>100663316</MetadataToken>
              <Name>DonaLaura.Domain.Features.Products.Product DonaLaura.Application.Features.Products.ProductService::Get(System.Int64)</Name>
              <FileRef uid="28" />
              <SequencePoints>
                <SequencePoint vc="2" uspid="148" ordinal="0" offset="0" sl="37" sc="9" el="37" ec="10" bec="0" bev="0" fileid="28" />
                <SequencePoint vc="2" uspid="149" ordinal="1" offset="1" sl="38" sc="13" el="38" ec="24" bec="2" bev="2" fileid="28" />
                <SequencePoint vc="1" uspid="150" ordinal="2" offset="10" sl="39" sc="17" el="39" ec="58" bec="0" bev="0" fileid="28" />
                <SequencePoint vc="1" uspid="151" ordinal="3" offset="16" sl="41" sc="13" el="41" ec="41" bec="0" bev="0" fileid="28" />
                <SequencePoint vc="1" uspid="152" ordinal="4" offset="31" sl="42" sc="9" el="42" ec="10" bec="0" bev="0" fileid="28" />
              </SequencePoints>
              <BranchPoints>
                <BranchPoint vc="1" uspid="153" ordinal="0" offset="8" sl="38" path="0" offsetend="10" fileid="28" />
                <BranchPoint vc="1" uspid="154" ordinal="1" offset="8" sl="38" path="1" offsetend="16" fileid="28" />
              </BranchPoints>
              <MethodPoint xsi:type="SequencePoint" vc="2" uspid="148" ordinal="0" offset="0" sl="37" sc="9" el="37" ec="10" bec="0" bev="0" fileid="28" />
            </Method>
            <Method visited="true" cyclomaticComplexity="1" nPathComplexity="0" sequenceCoverage="100" branchCoverage="100" crapScore="1" isConstructor="false" isStatic="false" isGetter="false" isSetter="false">
              <Summary numSequencePoints="3" visitedSequencePoints="3" numBranchPoints="1" visitedBranchPoints="1" sequenceCoverage="100" branchCoverage="100" maxCyclomaticComplexity="1" minCyclomaticComplexity="1" maxCrapScore="1" minCrapScore="1" visitedClasses="0" numClasses="0" visitedMethods="1" numMethods="1" />
              <MetadataToken>100663317</MetadataToken>
              <Name>System.Collections.Generic.IEnumerable`1&lt;DonaLaura.Domain.Features.Products.Product&gt; DonaLaura.Application.Features.Products.ProductService::GetAll()</Name>
              <FileRef uid="28" />
              <SequencePoints>
                <SequencePoint vc="1" uspid="155" ordinal="0" offset="0" sl="45" sc="9" el="45" ec="10" bec="0" bev="0" fileid="28" />
                <SequencePoint vc="1" uspid="156" ordinal="1" offset="1" sl="46" sc="13" el="46" ec="42" bec="0" bev="0" fileid="28" />
                <SequencePoint vc="1" uspid="157" ordinal="2" offset="15" sl="47" sc="9" el="47" ec="10" bec="0" bev="0" fileid="28" />
              </SequencePoints>
              <BranchPoints />
              <MethodPoint xsi:type="SequencePoint" vc="1" uspid="155" ordinal="0" offset="0" sl="45" sc="9" el="45" ec="10" bec="0" bev="0" fileid="28" />
            </Method>
            <Method visited="true" cyclomaticComplexity="2" nPathComplexity="2" sequenceCoverage="100" branchCoverage="100" crapScore="2" isConstructor="false" isStatic="false" isGetter="false" isSetter="false">
              <Summary numSequencePoints="5" visitedSequencePoints="5" numBranchPoints="3" visitedBranchPoints="3" sequenceCoverage="100" branchCoverage="100" maxCyclomaticComplexity="2" minCyclomaticComplexity="2" maxCrapScore="2" minCrapScore="2" visitedClasses="0" numClasses="0" visitedMethods="1" numMethods="1" />
              <MetadataToken>100663318</MetadataToken>
              <Name>System.Void DonaLaura.Application.Features.Products.ProductService::Delete(DonaLaura.Domain.Features.Products.Product)</Name>
              <FileRef uid="28" />
              <SequencePoints>
                <SequencePoint vc="2" uspid="158" ordinal="0" offset="0" sl="50" sc="9" el="50" ec="10" bec="0" bev="0" fileid="28" />
                <SequencePoint vc="2" uspid="159" ordinal="1" offset="1" sl="51" sc="13" el="51" ec="32" bec="2" bev="2" fileid="28" />
                <SequencePoint vc="1" uspid="160" ordinal="2" offset="14" sl="52" sc="17" el="52" ec="58" bec="0" bev="0" fileid="28" />
                <SequencePoint vc="1" uspid="161" ordinal="3" offset="20" sl="54" sc="13" el="54" ec="42" bec="0" bev="0" fileid="28" />
                <SequencePoint vc="1" uspid="162" ordinal="4" offset="33" sl="55" sc="9" el="55" ec="10" bec="0" bev="0" fileid="28" />
              </SequencePoints>
              <BranchPoints>
                <BranchPoint vc="1" uspid="163" ordinal="0" offset="12" sl="51" path="0" offsetend="14" fileid="28" />
                <BranchPoint vc="1" uspid="164" ordinal="1" offset="12" sl="51" path="1" offsetend="20" fileid="28" />
              </BranchPoints>
              <MethodPoint xsi:type="SequencePoint" vc="2" uspid="158" ordinal="0" offset="0" sl="50" sc="9" el="50" ec="10" bec="0" bev="0" fileid="28" />
            </Method>
          </Methods>
        </Class>
      </Classes>
    </Module>
    <Module hash="B1-F5-9B-28-A3-65-C6-87-AD-25-0F-E4-EB-43-88-A2-0A-C0-5F-8E">
      <Summary numSequencePoints="26" visitedSequencePoints="26" numBranchPoints="8" visitedBranchPoints="8" sequenceCoverage="100" branchCoverage="100" maxCyclomaticComplexity="1" minCyclomaticComplexity="1" maxCrapScore="1" minCrapScore="1" visitedClasses="3" numClasses="3" visitedMethods="8" numMethods="8" />
      <ModulePath>C:\Users\Isabel\Documents\Projetos\ndd-projetos-academiaprogramador2018\DonaLaura\DonaLaura.Application.Tests\bin\Debug\DonaLaura.Common.Tests.dll</ModulePath>
      <ModuleTime>2018-05-15T04:06:59.2533593Z</ModuleTime>
      <ModuleName>DonaLaura.Common.Tests</ModuleName>
      <Files>
        <File uid="31" fullPath="C:\Users\Isabel\Documents\Projetos\ndd-projetos-academiaprogramador2018\DonaLaura\DonaLaura.Common.Tests\Features\Sales\ObjectMother.cs" />
        <File uid="32" fullPath="C:\Users\Isabel\Documents\Projetos\ndd-projetos-academiaprogramador2018\DonaLaura\DonaLaura.Common.Tests\Features\Products\ObjectMother.cs" />
        <File uid="33" fullPath="C:\Users\Isabel\Documents\Projetos\ndd-projetos-academiaprogramador2018\DonaLaura\DonaLaura.Common.Tests\Base\BaseSqlTest.cs" />
      </Files>
      <Classes>
        <Class>
          <Summary numSequencePoints="9" visitedSequencePoints="9" numBranchPoints="3" visitedBranchPoints="3" sequenceCoverage="100" branchCoverage="100" maxCyclomaticComplexity="1" minCyclomaticComplexity="1" maxCrapScore="1" minCrapScore="1" visitedClasses="1" numClasses="1" visitedMethods="3" numMethods="3" />
          <FullName>DonaLaura.Common.Tests.Features.Sales.ObjectMother</FullName>
          <Methods>
            <Method visited="true" cyclomaticComplexity="1" nPathComplexity="0" sequenceCoverage="100" branchCoverage="100" crapScore="1" isConstructor="false" isStatic="true" isGetter="false" isSetter="false">
              <Summary numSequencePoints="3" visitedSequencePoints="3" numBranchPoints="1" visitedBranchPoints="1" sequenceCoverage="100" branchCoverage="100" maxCyclomaticComplexity="1" minCyclomaticComplexity="1" maxCrapScore="1" minCrapScore="1" visitedClasses="0" numClasses="0" visitedMethods="1" numMethods="1" />
              <MetadataToken>100663297</MetadataToken>
              <Name>DonaLaura.Domain.Features.Sales.Sale DonaLaura.Common.Tests.Features.Sales.ObjectMother::GetSale()</Name>
              <FileRef uid="31" />
              <SequencePoints>
                <SequencePoint vc="6" uspid="165" ordinal="0" offset="0" sl="13" sc="9" el="13" ec="10" bec="0" bev="0" fileid="31" />
                <SequencePoint vc="6" uspid="166" ordinal="1" offset="1" sl="14" sc="13" el="18" ec="15" bec="0" bev="0" fileid="31" />
                <SequencePoint vc="6" uspid="167" ordinal="2" offset="29" sl="19" sc="9" el="19" ec="10" bec="0" bev="0" fileid="31" />
              </SequencePoints>
              <BranchPoints />
              <MethodPoint xsi:type="SequencePoint" vc="6" uspid="165" ordinal="0" offset="0" sl="13" sc="9" el="13" ec="10" bec="0" bev="0" fileid="31" />
            </Method>
            <Method visited="true" cyclomaticComplexity="1" nPathComplexity="0" sequenceCoverage="100" branchCoverage="100" crapScore="1" isConstructor="false" isStatic="true" isGetter="false" isSetter="false">
              <Summary numSequencePoints="3" visitedSequencePoints="3" numBranchPoints="1" visitedBranchPoints="1" sequenceCoverage="100" branchCoverage="100" maxCyclomaticComplexity="1" minCyclomaticComplexity="1" maxCrapScore="1" minCrapScore="1" visitedClasses="0" numClasses="0" visitedMethods="1" numMethods="1" />
              <MetadataToken>100663298</MetadataToken>
              <Name>DonaLaura.Domain.Features.Sales.Sale DonaLaura.Common.Tests.Features.Sales.ObjectMother::GetSaleWithInvalidClientName()</Name>
              <FileRef uid="31" />
              <SequencePoints>
                <SequencePoint vc="3" uspid="168" ordinal="0" offset="0" sl="22" sc="9" el="22" ec="10" bec="0" bev="0" fileid="31" />
                <SequencePoint vc="3" uspid="169" ordinal="1" offset="1" sl="23" sc="13" el="28" ec="15" bec="0" bev="0" fileid="31" />
                <SequencePoint vc="3" uspid="170" ordinal="2" offset="37" sl="29" sc="9" el="29" ec="10" bec="0" bev="0" fileid="31" />
              </SequencePoints>
              <BranchPoints />
              <MethodPoint xsi:type="SequencePoint" vc="3" uspid="168" ordinal="0" offset="0" sl="22" sc="9" el="22" ec="10" bec="0" bev="0" fileid="31" />
            </Method>
            <Method visited="true" cyclomaticComplexity="1" nPathComplexity="0" sequenceCoverage="100" branchCoverage="100" crapScore="1" isConstructor="false" isStatic="true" isGetter="false" isSetter="false">
[...]
            </Method>
            <Method visited="true" cyclomaticComplexity="4" nPathComplexity="2" sequenceCoverage="100" branchCoverage="100" crapScore="4" isConstructor="false" isStatic="true" isGetter="false" isSetter="false">
              <Summary numSequencePoints="16" visitedSequencePoints="16" numBranchPoints="3" visitedBranchPoints="3" sequenceCoverage="100" branchCoverage="100" maxCyclomaticComplexity="4" minCyclomaticComplexity="4" maxCrapScore="4" minCrapScore="4" visitedClasses="0" numClasses="0" visitedMethods="1" numMethods="1" />
              <MetadataToken>100663298</MetadataToken>
              <Name>System.Collections.Generic.List`1&lt;T&gt; DonaLaura.Infra.Db::GetAll(System.String,System.Func`2&lt;System.Data.IDataReader,T&gt;,System.Object[])</Name>
              <FileRef uid="103" />
              <SequencePoints>
                <SequencePoint vc="1" uspid="513" ordinal="0" offset="0" sl="62" sc="9" el="62" ec="10" bec="0" bev="0" fileid="103" />
                <SequencePoint vc="1" uspid="514" ordinal="1" offset="1" sl="63" sc="20" el="63" ec="63" bec="0" bev="0" fileid="103" />
                <SequencePoint vc="1" uspid="515" ordinal="2" offset="12" sl="64" sc="13" el="64" ec="14" bec="0" bev="0" fileid="103" />
                <SequencePoint vc="1" uspid="516" ordinal="3" offset="13" sl="65" sc="17" el="65" ec="64" bec="0" bev="0" fileid="103" />
                <SequencePoint vc="1" uspid="517" ordinal="4" offset="25" sl="67" sc="24" el="67" ec="61" bec="0" bev="0" fileid="103" />
                <SequencePoint vc="1" uspid="518" ordinal="5" offset="36" sl="68" sc="17" el="68" ec="18" bec="0" bev="0" fileid="103" />
                <SequencePoint vc="1" uspid="519" ordinal="6" offset="37" sl="69" sc="21" el="69" ec="53" bec="0" bev="0" fileid="103" />
                <SequencePoint vc="1" uspid="520" ordinal="7" offset="45" sl="70" sc="21" el="70" ec="47" bec="0" bev="0" fileid="103" />
                <SequencePoint vc="1" uspid="521" ordinal="8" offset="53" sl="71" sc="21" el="71" ec="50" bec="0" bev="0" fileid="103" />
                <SequencePoint vc="1" uspid="522" ordinal="9" offset="61" sl="73" sc="21" el="73" ec="39" bec="0" bev="0" fileid="103" />
                <SequencePoint vc="1" uspid="523" ordinal="10" offset="68" sl="75" sc="21" el="75" ec="46" bec="0" bev="0" fileid="103" />
                <SequencePoint vc="1" uspid="524" ordinal="11" offset="74" sl="76" sc="21" el="76" ec="58" bec="0" bev="0" fileid="103" />
                <SequencePoint vc="1" uspid="525" ordinal="12" offset="83" sl="79" sc="25" el="79" ec="48" bec="0" bev="0" fileid="103" />
                <SequencePoint vc="2" uspid="526" ordinal="13" offset="97" sl="78" sc="21" el="78" ec="42" bec="2" bev="2" fileid="103" />
                <SequencePoint vc="1" uspid="527" ordinal="14" offset="109" sl="81" sc="21" el="81" ec="33" bec="0" bev="0" fileid="103" />
                <SequencePoint vc="1" uspid="528" ordinal="15" offset="136" sl="84" sc="9" el="84" ec="10" bec="0" bev="0" fileid="103" />
              </SequencePoints>
              <BranchPoints>
                <BranchPoint vc="1" uspid="529" ordinal="0" offset="107" sl="78" path="0" offsetend="109" fileid="103" />
                <BranchPoint vc="1" uspid="530" ordinal="1" offset="107" sl="78" path="1" offsetend="83" fileid="103" />
              </BranchPoints>
              <MethodPoint xsi:type="SequencePoint" vc="1" uspid="513" ordinal="0" offset="0" sl="62" sc="9" el="62" ec="10" bec="0" bev="0" fileid="103" />
            </Method>
            <Method visited="true" cyclomaticComplexity="3" nPathComplexity="0" sequenceCoverage="100" branchCoverage="100" crapScore="3" isConstructor="false" isStatic="true" isGetter="false" isSetter="false">
              <Summary numSequencePoints="12" visitedSequencePoints="12" numBranchPoints="1" visitedBranchPoints="1" sequenceCoverage="100" branchCoverage="100" maxCyclomaticComplexity="3" minCyclomaticComplexity="3" maxCrapScore="3" minCrapScore="3" visitedClasses="0" numClasses="0" visitedMethods="1" numMethods="1" />
              <MetadataToken>100663299</MetadataToken>
              <Name>System.Int32 DonaLaura.Infra.Db::Insert(System.String,System.Object[])</Name>
              <FileRef uid="103" />
              <SequencePoints>
                <SequencePoint vc="1" uspid="531" ordinal="0" offset="0" sl="93" sc="9" el="93" ec="10" bec="0" bev="0" fileid="103" />
                <SequencePoint vc="1" uspid="532" ordinal="1" offset="1" sl="94" sc="20" el="94" ec="63" bec="0" bev="0" fileid="103" />
                <SequencePoint vc="1" uspid="533" ordinal="2" offset="12" sl="95" sc="13" el="95" ec="14" bec="0" bev="0" fileid="103" />
                <SequencePoint vc="1" uspid="534" ordinal="3" offset="13" sl="96" sc="17" el="96" ec="64" bec="0" bev="0" fileid="103" />
                <SequencePoint vc="1" uspid="535" ordinal="4" offset="25" sl="98" sc="24" el="98" ec="61" bec="0" bev="0" fileid="103" />
                <SequencePoint vc="1" uspid="536" ordinal="5" offset="36" sl="99" sc="17" el="99" ec="18" bec="0" bev="0" fileid="103" />
                <SequencePoint vc="1" uspid="537" ordinal="6" offset="37" sl="100" sc="21" el="100" ec="53" bec="0" bev="0" fileid="103" />
                <SequencePoint vc="1" uspid="538" ordinal="7" offset="45" sl="101" sc="21" el="101" ec="50" bec="0" bev="0" fileid="103" />
                <SequencePoint vc="1" uspid="539" ordinal="8" offset="53" sl="102" sc="21" el="102" ec="70" bec="0" bev="0" fileid="103" />
                <SequencePoint vc="1" uspid="540" ordinal="9" offset="66" sl="104" sc="21" el="104" ec="39" bec="0" bev="0" fileid="103" />
                <SequencePoint vc="1" uspid="541" ordinal="10" offset="73" sl="105" sc="21" el="105" ec="69" bec="0" bev="0" fileid="103" />
                <SequencePoint vc="1" uspid="542" ordinal="11" offset="109" sl="108" sc="9" el="108" ec="10" bec="0" bev="0" fileid="103" />
              </SequencePoints>
              <BranchPoints />
              <MethodPoint xsi:type="SequencePoint" vc="1" uspid="531" ordinal="0" offset="0" sl="93" sc="9" el="93" ec="10" bec="0" bev="0" fileid="103" />
            </Method>
            <Method visited="true" cyclomaticComplexity="3" nPathComplexity="0" sequenceCoverage="100" branchCoverage="100" crapScore="3" isConstructor="false" isStatic="true" isGetter="false" isSetter="false">
              <Summary numSequencePoints="14" visitedSequencePoints="14" numBranchPoints="1" visitedBranchPoints="1" sequenceCoverage="100" branchCoverage="100" maxCyclomaticComplexity="3" minCyclomaticComplexity="3" maxCrapScore="3" minCrapScore="3" visitedClasses="0" numClasses="0" visitedMethods="1" numMethods="1" />
              <MetadataToken>100663300</MetadataToken>
              <Name>System.Void DonaLaura.Infra.Db::Update(System.String,System.Object[])</Name>
              <FileRef uid="103" />
              <SequencePoints>
                <SequencePoint vc="38" uspid="543" ordinal="0" offset="0" sl="116" sc="9" el="116" ec="10" bec="0" bev="0" fileid="103" />
                <SequencePoint vc="38" uspid="544" ordinal="1" offset="1" sl="117" sc="20" el="117" ec="63" bec="0" bev="0" fileid="103" />
                <SequencePoint vc="38" uspid="545" ordinal="2" offset="12" sl="118" sc="13" el="118" ec="14" bec="0" bev="0" fileid="103" />
                <SequencePoint vc="38" uspid="546" ordinal="3" offset="13" sl="119" sc="17" el="119" ec="64" bec="0" bev="0" fileid="103" />
                <SequencePoint vc="38" uspid="547" ordinal="4" offset="25" sl="121" sc="24" el="121" ec="61" bec="0" bev="0" fileid="103" />
                <SequencePoint vc="38" uspid="548" ordinal="5" offset="36" sl="122" sc="17" el="122" ec="18" bec="0" bev="0" fileid="103" />
                <SequencePoint vc="38" uspid="549" ordinal="6" offset="37" sl="123" sc="21" el="123" ec="53" bec="0" bev="0" fileid="103" />
                <SequencePoint vc="38" uspid="550" ordinal="7" offset="45" sl="124" sc="21" el="124" ec="47" bec="0" bev="0" fileid="103" />
                <SequencePoint vc="38" uspid="551" ordinal="8" offset="53" sl="125" sc="21" el="125" ec="50" bec="0" bev="0" fileid="103" />
                <SequencePoint vc="38" uspid="552" ordinal="9" offset="61" sl="127" sc="21" el="127" ec="39" bec="0" bev="0" fileid="103" />
                <SequencePoint vc="38" uspid="553" ordinal="10" offset="68" sl="128" sc="21" el="128" ec="47" bec="0" bev="0" fileid="103" />
                <SequencePoint vc="38" uspid="554" ordinal="11" offset="75" sl="129" sc="17" el="129" ec="18" bec="0" bev="0" fileid="103" />
                <SequencePoint vc="38" uspid="555" ordinal="12" offset="89" sl="130" sc="13" el="130" ec="14" bec="0" bev="0" fileid="103" />
                <SequencePoint vc="38" uspid="556" ordinal="13" offset="103" sl="131" sc="9" el="131" ec="10" bec="0" bev="0" fileid="103" />
              </SequencePoints>
              <BranchPoints />
              <MethodPoint xsi:type="SequencePoint" vc="38" uspid="543" ordinal="0" offset="0" sl="116" sc="9" el="116" ec="10" bec="0" bev="0" fileid="103" />
            </Method>
            <Method visited="true" cyclomaticComplexity="1" nPathComplexity="0" sequenceCoverage="100" branchCoverage="100" crapScore="1" isConstructor="false" isStatic="true" isGetter="false" isSetter="false">
              <Summary numSequencePoints="3" visitedSequencePoints="3" numBranchPoints="1" visitedBranchPoints="1" sequenceCoverage="100" branchCoverage="100" maxCyclomaticComplexity="1" minCyclomaticComplexity="1" maxCrapScore="1" minCrapScore="1" visitedClasses="0" numClasses="0" visitedMethods="1" numMethods="1" />
              <MetadataToken>100663301</MetadataToken>
              <Name>System.Void DonaLaura.Infra.Db::Delete(System.String,System.Object[])</Name>
              <FileRef uid="103" />
              <SequencePoints>
                <SequencePoint vc="1" uspid="557" ordinal="0" offset="0" sl="139" sc="9" el="139" ec="10" bec="0" bev="0" fileid="103" />
                <SequencePoint vc="1" uspid="558" ordinal="1" offset="1" sl="140" sc="13" el="140" ec="32" bec="0" bev="0" fileid="103" />
                <SequencePoint vc="1" uspid="559" ordinal="2" offset="9" sl="141" sc="9" el="141" ec="10" bec="0" bev="0" fileid="103" />
              </SequencePoints>
              <BranchPoints />
              <MethodPoint xsi:type="SequencePoint" vc="1" uspid="557" ordinal="0" offset="0" sl="139" sc="9" el="139" ec="10" bec="0" bev="0" fileid="103" />
            </Method>
            <Method visited="true" cyclomaticComplexity="5" nPathComplexity="16" sequenceCoverage="50" branchCoverage="33.33" crapScore="8.12" isConstructor="false" isStatic="true" isGetter="false" isSetter="false">
              <Summary numSequencePoints="8" visitedSequencePoints="4" numBranchPoints="9" visitedBranchPoints="3" sequenceCoverage="50" branchCoverage="33.33" maxCyclomaticComplexity="5" minCyclomaticComplexity="5" maxCrapScore="8.12" minCrapScore="8.12" visitedClasses="0" numClasses="0" visitedMethods="1" numMethods="1" />
              <MetadataToken>100663302</MetadataToken>
              <Name>System.String DonaLaura.Infra.Db::AppendIdentitySelect(System.String)</Name>
              <FileRef uid="103" />
              <SequencePoints>
                <SequencePoint vc="1" uspid="560" ordinal="0" offset="0" sl="151" sc="9" el="151" ec="10" bec="0" bev="0" fileid="103" />
                <SequencePoint vc="1" uspid="561" ordinal="1" offset="1" sl="152" sc="13" el="152" ec="34" bec="8" bev="2" fileid="103" />
                <SequencePoint vc="0" uspid="562" ordinal="2" offset="61" sl="155" sc="43" el="155" ec="54" bec="0" bev="0" fileid="103" />
                <SequencePoint vc="1" uspid="563" ordinal="3" offset="65" sl="156" sc="47" el="156" ec="87" bec="0" bev="0" fileid="103" />
                <SequencePoint vc="0" uspid="564" ordinal="4" offset="79" sl="157" sc="50" el="157" ec="102" bec="0" bev="0" fileid="103" />
                <SequencePoint vc="0" uspid="565" ordinal="5" offset="93" sl="158" sc="53" el="158" ec="86" bec="0" bev="0" fileid="103" />
                <SequencePoint vc="0" uspid="566" ordinal="6" offset="107" sl="159" sc="26" el="159" ec="60" bec="0" bev="0" fileid="103" />
                <SequencePoint vc="1" uspid="567" ordinal="7" offset="121" sl="161" sc="9" el="161" ec="10" bec="0" bev="0" fileid="103" />
              </SequencePoints>
              <BranchPoints>
                <BranchPoint vc="1" uspid="568" ordinal="0" offset="18" sl="152" path="0" offsetend="20" fileid="103" />
                <BranchPoint vc="0" uspid="569" ordinal="1" offset="18" sl="152" path="1" offsetend="61" fileid="103" />
                <BranchPoint vc="0" uspid="570" ordinal="2" offset="31" sl="152" path="0" offsetend="33" fileid="103" />
                <BranchPoint vc="1" uspid="571" ordinal="3" offset="31" sl="152" path="1" offsetend="65" fileid="103" />
                <BranchPoint vc="0" uspid="572" ordinal="4" offset="44" sl="152" path="0" offsetend="46" fileid="103" />
                <BranchPoint vc="0" uspid="573" ordinal="5" offset="44" sl="152" path="1" offsetend="79" fileid="103" />
                <BranchPoint vc="0" uspid="574" ordinal="6" offset="57" sl="152" path="0" offsetchain="59" offsetend="107" fileid="103" />
                <BranchPoint vc="0" uspid="575" ordinal="7" offset="57" sl="152" path="1" offsetend="93" fileid="103" />
              </BranchPoints>
              <MethodPoint xsi:type="SequencePoint" vc="1" uspid="560" ordinal="0" offset="0" sl="151" sc="9" el="151" ec="10" bec="0" bev="0" fileid="103" />
            </Method>
            <Method visited="true" cyclomaticComplexity="7" nPathComplexity="16" sequenceCoverage="94.44" branchCoverage="77.78" crapScore="7.01" isConstructor="false" isStatic="true" isGetter="false" isSetter="false">
              <Summary numSequencePoints="18" visitedSequencePoints="17" numBranchPoints="9" visitedBranchPoints="7" sequenceCoverage="94.44" branchCoverage="77.78" maxCyclomaticComplexity="7" minCyclomaticComplexity="7" maxCrapScore="7.01" minCrapScore="7.01" visitedClasses="0" numClasses="0" visitedMethods="1" numMethods="1" />
              <MetadataToken>100663303</MetadataToken>
              <Name>System.Void DonaLaura.Infra.Db::SetParameters(System.Data.Common.DbCommand,System.Object[])</Name>
              <FileRef uid="103" />
              <SequencePoints>
                <SequencePoint vc="43" uspid="576" ordinal="0" offset="0" sl="169" sc="9" el="169" ec="10" bec="0" bev="0" fileid="103" />
                <SequencePoint vc="43" uspid="577" ordinal="1" offset="1" sl="170" sc="13" el="170" ec="51" bec="2" bev="2" fileid="103" />
                <SequencePoint vc="6" uspid="578" ordinal="2" offset="19" sl="171" sc="13" el="171" ec="14" bec="0" bev="0" fileid="103" />
                <SequencePoint vc="6" uspid="579" ordinal="3" offset="20" sl="172" sc="22" el="172" ec="31" bec="0" bev="0" fileid="103" />
                <SequencePoint vc="17" uspid="580" ordinal="4" offset="24" sl="173" sc="17" el="173" ec="18" bec="0" bev="0" fileid="103" />
                <SequencePoint vc="17" uspid="581" ordinal="5" offset="25" sl="174" sc="21" el="174" ec="55" bec="0" bev="0" fileid="103" />
                <SequencePoint vc="17" uspid="582" ordinal="6" offset="34" sl="176" sc="21" el="176" ec="78" bec="2" bev="1" fileid="103" />
                <SequencePoint vc="0" uspid="583" ordinal="7" offset="75" sl="177" sc="25" el="177" ec="45" bec="0" bev="0" fileid="103" />
                <SequencePoint vc="17" uspid="584" ordinal="8" offset="81" sl="179" sc="21" el="179" ec="65" bec="2" bev="1" fileid="103" />
                <SequencePoint vc="17" uspid="585" ordinal="9" offset="96" sl="181" sc="21" el="181" ec="65" bec="0" bev="0" fileid="103" />
                <SequencePoint vc="17" uspid="586" ordinal="10" offset="104" sl="182" sc="21" el="182" ec="54" bec="0" bev="0" fileid="103" />
                <SequencePoint vc="17" uspid="587" ordinal="11" offset="113" sl="183" sc="21" el="183" ec="47" bec="0" bev="0" fileid="103" />
                <SequencePoint vc="17" uspid="588" ordinal="12" offset="122" sl="185" sc="21" el="185" ec="57" bec="0" bev="0" fileid="103" />
                <SequencePoint vc="17" uspid="589" ordinal="13" offset="136" sl="186" sc="17" el="186" ec="18" bec="0" bev="0" fileid="103" />
                <SequencePoint vc="17" uspid="590" ordinal="14" offset="137" sl="172" sc="51" el="172" ec="57" bec="0" bev="0" fileid="103" />
                <SequencePoint vc="23" uspid="591" ordinal="15" offset="141" sl="172" sc="33" el="172" ec="49" bec="2" bev="2" fileid="103" />
                <SequencePoint vc="6" uspid="592" ordinal="16" offset="156" sl="187" sc="13" el="187" ec="14" bec="0" bev="0" fileid="103" />
                <SequencePoint vc="43" uspid="593" ordinal="17" offset="157" sl="188" sc="9" el="188" ec="10" bec="0" bev="0" fileid="103" />
              </SequencePoints>
              <BranchPoints>
                <BranchPoint vc="6" uspid="596" ordinal="2" offset="14" sl="170" path="0" offsetend="19" fileid="103" />
                <BranchPoint vc="37" uspid="597" ordinal="3" offset="14" sl="170" path="1" offsetend="157" fileid="103" />
                <BranchPoint vc="0" uspid="600" ordinal="6" offset="73" sl="176" path="0" offsetend="75" fileid="103" />
                <BranchPoint vc="17" uspid="601" ordinal="7" offset="73" sl="176" path="1" offsetend="81" fileid="103" />
                <BranchPoint vc="0" uspid="602" ordinal="8" offset="87" sl="179" path="0" offsetend="89" fileid="103" />
                <BranchPoint vc="17" uspid="603" ordinal="9" offset="87" sl="179" path="1" offsetend="95" fileid="103" />
                <BranchPoint vc="6" uspid="604" ordinal="10" offset="151" sl="172" path="0" offsetend="156" fileid="103" />
                <BranchPoint vc="17" uspid="605" ordinal="11" offset="151" sl="172" path="1" offsetend="24" fileid="103" />
              </BranchPoints>
              <MethodPoint xsi:type="SequencePoint" vc="43" uspid="576" ordinal="0" offset="0" sl="169" sc="9" el="169" ec="10" bec="0" bev="0" fileid="103" />
            </Method>
            <Method visited="true" cyclomaticComplexity="1" nPathComplexity="0" sequenceCoverage="100" branchCoverage="100" crapScore="1" isConstructor="true" isStatic="true" isGetter="false" isSetter="false">
              <Summary numSequencePoints="4" visitedSequencePoints="4" numBranchPoints="1" visitedBranchPoints="1" sequenceCoverage="100" branchCoverage="100" maxCyclomaticComplexity="1" minCyclomaticComplexity="1" maxCrapScore="1" minCrapScore="1" visitedClasses="0" numClasses="0" visitedMethods="1" numMethods="1" />
              <MetadataToken>100663304</MetadataToken>
              <Name>System.Void DonaLaura.Infra.Db::.cctor()</Name>
              <FileRef uid="103" />
              <SequencePoints>
                <SequencePoint vc="1" uspid="606" ordinal="0" offset="0" sl="14" sc="9" el="14" ec="108" bec="0" bev="0" fileid="103" />
                <SequencePoint vc="1" uspid="607" ordinal="1" offset="20" sl="15" sc="9" el="15" ec="106" bec="0" bev="0" fileid="103" />
                <SequencePoint vc="1" uspid="608" ordinal="2" offset="35" sl="17" sc="9" el="17" ec="124" bec="0" bev="0" fileid="103" />
                <SequencePoint vc="1" uspid="609" ordinal="3" offset="55" sl="18" sc="9" el="18" ec="137" bec="0" bev="0" fileid="103" />
              </SequencePoints>
              <BranchPoints />
              <MethodPoint xsi:type="SequencePoint" vc="1" uspid="606" ordinal="0" offset="0" sl="14" sc="9" el="14" ec="108" bec="0" bev="0" fileid="103" />
            </Method>
          </Methods>
        </Class>
      </Classes>
    </Module>
  </Modules>
</CoverageSession>