<?xml version="1.0" encoding="utf-8"?>
<CoverageSession xmlns:xsd="http://www.w3.org/2001/XMLSchema" xmlns:xsi="http://www.w3.org/2001/XMLSchema-instance" Version="4.6.0.0">
  <Summary numSequencePoints="194" visitedSequencePoints="185" numBranchPoints="88" visitedBranchPoints="79" sequenceCoverage="95.36" branchCoverage="89.77" maxCyclomaticComplexity="9" minCyclomaticComplexity="1" maxCrapScore="9.03" minCrapScore="1" visitedClasses="12" numClasses="12" visitedMethods="38" numMethods="38" />
  <Modules>
    <Module hash="8D-26-DC-43-FE-65-B7-73-C7-74-5E-1E-68-6D-7D-89-30-80-5B-64">
      <Summary numSequencePoints="23" visitedSequencePoints="23" numBranchPoints="7" visitedBranchPoints="7" sequenceCoverage="100" branchCoverage="100" maxCyclomaticComplexity="1" minCyclomaticComplexity="1" maxCrapScore="1" minCrapScore="1" visitedClasses="3" numClasses="3" visitedMethods="7" numMethods="7" />
      <ModulePath>C:\Users\Isabel\Documents\Projetos\ndd-projetos-academiaprogramador2018\BibliotecaRosangela\BibliotecaRosangela.Integration.Tests\bin\Debug\BibliotecaRosangela.Common.Tests.dll</ModulePath>
      <ModuleTime>2018-05-23T23:52:41.5531738Z</ModuleTime>
      <ModuleName>BibliotecaRosangela.Common.Tests</ModuleName>
      <Files>
        <File uid="1" fullPath="C:\Users\Isabel\Documents\Projetos\ndd-projetos-academiaprogramador2018\BibliotecaRosangela\BibliotecaRosangela.Common.Tests\Features\Loans\ObjectMother.cs" />
        <File uid="2" fullPath="C:\Users\Isabel\Documents\Projetos\ndd-projetos-academiaprogramador2018\BibliotecaRosangela\BibliotecaRosangela.Common.Tests\Features\Books\ObjectMother.cs" />
        <File uid="3" fullPath="C:\Users\Isabel\Documents\Projetos\ndd-projetos-academiaprogramador2018\BibliotecaRosangela\BibliotecaRosangela.Common.Tests\Base\BaseSqlTest.cs" />
      </Files>
      <Classes>
        <Class>
          <Summary numSequencePoints="6" visitedSequencePoints="6" numBranchPoints="2" visitedBranchPoints="2" sequenceCoverage="100" branchCoverage="100" maxCyclomaticComplexity="1" minCyclomaticComplexity="1" maxCrapScore="1" minCrapScore="1" visitedClasses="1" numClasses="1" visitedMethods="2" numMethods="2" />
          <FullName>BibliotecaRosangela.Common.Tests.Features.Loans.ObjectMother</FullName>
          <Methods>
            <Method visited="true" cyclomaticComplexity="1" nPathComplexity="0" sequenceCoverage="100" branchCoverage="100" crapScore="1" isConstructor="false" isStatic="true" isGetter="false" isSetter="false">
              <Summary numSequencePoints="3" visitedSequencePoints="3" numBranchPoints="1" visitedBranchPoints="1" sequenceCoverage="100" branchCoverage="100" maxCyclomaticComplexity="1" minCyclomaticComplexity="1" maxCrapScore="1" minCrapScore="1" visitedClasses="0" numClasses="0" visitedMethods="1" numMethods="1" />
              <MetadataToken>100663297</MetadataToken>
              <Name>BibliotecaRosangela.Domain.Features.Loans.Loan BibliotecaRosangela.Common.Tests.Features.Loans.ObjectMother::GetLoan()</Name>
              <FileRef uid="1" />
              <SequencePoints>
                <SequencePoint vc="4" uspid="1" ordinal="0" offset="0" sl="13" sc="9" el="13" ec="10" bec="0" bev="0" fileid="1" />
                <SequencePoint vc="4" uspid="2" ordinal="1" offset="1" sl="14" sc="13" el="18" ec="15" bec="0" bev="0" fileid="1" />
                <SequencePoint vc="4" uspid="3" ordinal="2" offset="50" sl="19" sc="9" el="19" ec="10" bec="0" bev="0" fileid="1" />
              </SequencePoints>
              <BranchPoints />
              <MethodPoint xsi:type="SequencePoint" vc="4" uspid="1" ordinal="0" offset="0" sl="13" sc="9" el="13" ec="10" bec="0" bev="0" fileid="1" />
            </Method>
            <Method visited="true" cyclomaticComplexity="1" nPathComplexity="0" sequenceCoverage="100" branchCoverage="100" crapScore="1" isConstructor="false" isStatic="true" isGetter="false" isSetter="false">
              <Summary numSequencePoints="3" visitedSequencePoints="3" numBranchPoints="1" visitedBranchPoints="1" sequenceCoverage="100" branchCoverage="100" maxCyclomaticComplexity="1" minCyclomaticComplexity="1" maxCrapScore="1" minCrapScore="1" visitedClasses="0" numClasses="0" visitedMethods="1" numMethods="1" />
              <MetadataToken>100663298</MetadataToken>
              <Name>BibliotecaRosangela.Domain.Features.Loans.Loan BibliotecaRosangela.Common.Tests.Features.Loans.ObjectMother::GetLoanInvalidClienteName()</Name>
              <FileRef uid="1" />
              <SequencePoints>
                <SequencePoint vc="2" uspid="4" ordinal="0" offset="0" sl="22" sc="9" el="22" ec="10" bec="0" bev="0" fileid="1" />
                <SequencePoint vc="2" uspid="5" ordinal="1" offset="1" sl="23" sc="13" el="27" ec="15" bec="0" bev="0" fileid="1" />
                <SequencePoint vc="2" uspid="6" ordinal="2" offset="50" sl="28" sc="9" el="28" ec="10" bec="0" bev="0" fileid="1" />
              </SequencePoints>
              <BranchPoints />
              <MethodPoint xsi:type="SequencePoint" vc="2" uspid="4" ordinal="0" offset="0" sl="22" sc="9" el="22" ec="10" bec="0" bev="0" fileid="1" />
            </Method>
          </Methods>
        </Class>
        <Class>
          <Summary numSequencePoints="12" visitedSequencePoints="12" numBranchPoints="4" visitedBranchPoints="4" sequenceCoverage="100" branchCoverage="100" maxCyclomaticComplexity="1" minCyclomaticComplexity="1" maxCrapScore="1" minCrapScore="1" visitedClasses="1" numClasses="1" visitedMethods="4" numMethods="4" />
          <FullName>BibliotecaRosangela.Common.Tests.Features.Books.ObjectMother</FullName>
          <Methods>
            <Method visited="true" cyclomaticComplexity="1" nPathComplexity="0" sequenceCoverage="100" branchCoverage="100" crapScore="1" isConstructor="false" isStatic="true" isGetter="false" isSetter="false">
              <Summary numSequencePoints="3" visitedSequencePoints="3" numBranchPoints="1" visitedBranchPoints="1" sequenceCoverage="100" branchCoverage="100" maxCyclomaticComplexity="1" minCyclomaticComplexity="1" maxCrapScore="1" minCrapScore="1" visitedClasses="0" numClasses="0" visitedMethods="1" numMethods="1" />
              <MetadataToken>100663299</MetadataToken>
              <Name>BibliotecaRosangela.Domain.Features.Books.Book BibliotecaRosangela.Common.Tests.Features.Books.ObjectMother::GetBook()</Name>
              <FileRef uid="2" />
              <SequencePoints>
                <SequencePoint vc="17" uspid="7" ordinal="0" offset="0" sl="13" sc="9" el="13" ec="10" bec="0" bev="0" fileid="2" />
                <SequencePoint vc="17" uspid="8" ordinal="1" offset="1" sl="14" sc="13" el="22" ec="15" bec="0" bev="0" fileid="2" />
                <SequencePoint vc="17" uspid="9" ordinal="2" offset="83" sl="23" sc="9" el="23" ec="10" bec="0" bev="0" fileid="2" />
              </SequencePoints>
              <BranchPoints />
              <MethodPoint xsi:type="SequencePoint" vc="17" uspid="7" ordinal="0" offset="0" sl="13" sc="9" el="13" ec="10" bec="0" bev="0" fileid="2" />
            </Method>
            <Method visited="true" cyclomaticComplexity="1" nPathComplexity="0" sequenceCoverage="100" branchCoverage="100" crapScore="1" isConstructor="false" isStatic="true" isGetter="false" isSetter="false">
              <Summary numSequencePoints="3" visitedSequencePoints="3" numBranchPoints="1" visitedBranchPoints="1" sequenceCoverage="100" branchCoverage="100" maxCyclomaticComplexity="1" minCyclomaticComplexity="1" maxCrapScore="1" minCrapScore="1" visitedClasses="0" numClasses="0" visitedMethods="1" numMethods="1" />
              <MetadataToken>100663300</MetadataToken>
              <Name>BibliotecaRosangela.Domain.Features.Books.Book BibliotecaRosangela.Common.Tests.Features.Books.ObjectMother::GetBookInvalidTitle()</Name>
              <FileRef uid="2" />
              <SequencePoints>
                <SequencePoint vc="2" uspid="10" ordinal="0" offset="0" sl="26" sc="9" el="26" ec="10" bec="0" bev="0" fileid="2" />
                <SequencePoint vc="2" uspid="11" ordinal="1" offset="1" sl="27" sc="13" el="35" ec="15" bec="0" bev="0" fileid="2" />
                <SequencePoint vc="2" uspid="12" ordinal="2" offset="83" sl="36" sc="9" el="36" ec="10" bec="0" bev="0" fileid="2" />
              </SequencePoints>
              <BranchPoints />
              <MethodPoint xsi:type="SequencePoint" vc="2" uspid="10" ordinal="0" offset="0" sl="26" sc="9" el="26" ec="10" bec="0" bev="0" fileid="2" />
            </Method>
            <Method visited="true" cyclomaticComplexity="1" nPathComplexity="0" sequenceCoverage="100" branchCoverage="100" crapScore="1" isConstructor="false" isStatic="true" isGetter="false" isSetter="false">
              <Summary numSequencePoints="3" visitedSequencePoints="3" numBranchPoints="1" visitedBranchPoints="1" sequenceCoverage="100" branchCoverage="100" maxCyclomaticComplexity="1" minCyclomaticComplexity="1" maxCrapScore="1" minCrapScore="1" visitedClasses="0" numClasses="0" visitedMethods="1" numMethods="1" />
              <MetadataToken>100663301</MetadataToken>
              <Name>BibliotecaRosangela.Domain.Features.Books.Book BibliotecaRosangela.Common.Tests.Features.Books.ObjectMother::GetBookInvalidTheme()</Name>
              <FileRef uid="2" />
              <SequencePoints>
                <SequencePoint vc="2" uspid="13" ordinal="0" offset="0" sl="39" sc="9" el="39" ec="10" bec="0" bev="0" fileid="2" />
                <SequencePoint vc="2" uspid="14" ordinal="1" offset="1" sl="40" sc="13" el="48" ec="15" bec="0" bev="0" fileid="2" />
                <SequencePoint vc="2" uspid="15" ordinal="2" offset="83" sl="49" sc="9" el="49" ec="10" bec="0" bev="0" fileid="2" />
              </SequencePoints>
              <BranchPoints />
              <MethodPoint xsi:type="SequencePoint" vc="2" uspid="13" ordinal="0" offset="0" sl="39" sc="9" el="39" ec="10" bec="0" bev="0" fileid="2" />
            </Method>
            <Method visited="true" cyclomaticComplexity="1" nPathComplexity="0" sequenceCoverage="100" branchCoverage="100" crapScore="1" isConstructor="false" isStatic="true" isGetter="false" isSetter="false">
              <Summary numSequencePoints="3" visitedSequencePoints="3" numBranchPoints="1" visitedBranchPoints="1" sequenceCoverage="100" branchCoverage="100" maxCyclomaticComplexity="1" minCyclomaticComplexity="1" maxCrapScore="1" minCrapScore="1" visitedClasses="0" numClasses="0" visitedMethods="1" numMethods="1" />
              <MetadataToken>100663302</MetadataToken>
              <Name>BibliotecaRosangela.Domain.Features.Books.Book BibliotecaRosangela.Common.Tests.Features.Books.ObjectMother::GetBookInvalidVolume()</Name>
              <FileRef uid="2" />
              <SequencePoints>
                <SequencePoint vc="1" uspid="16" ordinal="0" offset="0" sl="52" sc="9" el="52" ec="10" bec="0" bev="0" fileid="2" />
                <SequencePoint vc="1" uspid="17" ordinal="1" offset="1" sl="53" sc="13" el="61" ec="15" bec="0" bev="0" fileid="2" />
                <SequencePoint vc="1" uspid="18" ordinal="2" offset="83" sl="62" sc="9" el="62" ec="10" bec="0" bev="0" fileid="2" />
              </SequencePoints>
              <BranchPoints />
              <MethodPoint xsi:type="SequencePoint" vc="1" uspid="16" ordinal="0" offset="0" sl="52" sc="9" el="52" ec="10" bec="0" bev="0" fileid="2" />
            </Method>
          </Methods>
        </Class>
        <Class>
          <Summary numSequencePoints="5" visitedSequencePoints="5" numBranchPoints="1" visitedBranchPoints="1" sequenceCoverage="100" branchCoverage="100" maxCyclomaticComplexity="1" minCyclomaticComplexity="1" maxCrapScore="1" minCrapScore="1" visitedClasses="1" numClasses="1" visitedMethods="1" numMethods="1" />
          <FullName>BibliotecaRosangela.Common.Tests.Base.BaseSqlTest</FullName>
          <Methods>
            <Method visited="true" cyclomaticComplexity="1" nPathComplexity="0" sequenceCoverage="100" branchCoverage="100" crapScore="1" isConstructor="false" isStatic="true" isGetter="false" isSetter="false">
              <Summary numSequencePoints="5" visitedSequencePoints="5" numBranchPoints="1" visitedBranchPoints="1" sequenceCoverage="100" branchCoverage="100" maxCyclomaticComplexity="1" minCyclomaticComplexity="1" maxCrapScore="1" minCrapScore="1" visitedClasses="0" numClasses="0" visitedMethods="1" numMethods="1" />
              <MetadataToken>100663303</MetadataToken>
              <Name>System.Void BibliotecaRosangela.Common.Tests.Base.BaseSqlTest::SeedDatabase()</Name>
              <FileRef uid="3" />
              <SequencePoints>
                <SequencePoint vc="27" uspid="19" ordinal="0" offset="0" sl="21" sc="9" el="21" ec="10" bec="0" bev="0" fileid="3" />
                <SequencePoint vc="27" uspid="20" ordinal="1" offset="1" sl="22" sc="13" el="22" ec="40" bec="0" bev="0" fileid="3" />
                <SequencePoint vc="27" uspid="21" ordinal="2" offset="13" sl="23" sc="13" el="23" ec="36" bec="0" bev="0" fileid="3" />
                <SequencePoint vc="27" uspid="22" ordinal="3" offset="25" sl="24" sc="13" el="24" ec="36" bec="0" bev="0" fileid="3" />
                <SequencePoint vc="27" uspid="23" ordinal="4" offset="37" sl="25" sc="9" el="25" ec="10" bec="0" bev="0" fileid="3" />
              </SequencePoints>
              <BranchPoints />
              <MethodPoint xsi:type="SequencePoint" vc="27" uspid="19" ordinal="0" offset="0" sl="21" sc="9" el="21" ec="10" bec="0" bev="0" fileid="3" />
            </Method>
          </Methods>
        </Class>
      </Classes>
    </Module>
    <Module hash="42-FA-F1-C4-47-BB-12-5A-2A-1F-E9-59-D5-04-79-91-EC-5F-67-5B">
      <Summary numSequencePoints="86" visitedSequencePoints="80" numBranchPoints="32" visitedBranchPoints="26" sequenceCoverage="93.02" branchCoverage="81.25" maxCyclomaticComplexity="2" minCyclomaticComplexity="1" maxCrapScore="2.02" minCrapScore="1" visitedClasses="4" numClasses="4" visitedMethods="16" numMethods="16" />
      <ModulePath>C:\Users\Isabel\Documents\Projetos\ndd-projetos-academiaprogramador2018\BibliotecaRosangela\BibliotecaRosangela.Integration.Tests\bin\Debug\BibliotecaRosangela.Infra.Data.dll</ModulePath>
      <ModuleTime>2018-05-23T23:57:45.5533625Z</ModuleTime>
      <ModuleName>BibliotecaRosangela.Infra.Data</ModuleName>
      <Files>
        <File uid="7" fullPath="C:\Users\Isabel\Documents\Projetos\ndd-projetos-academiaprogramador2018\BibliotecaRosangela\BibliotecaRosangela.Infra.Data\Features\Loans\LoanSqlRepository.cs" />
        <File uid="9" fullPath="C:\Users\Isabel\Documents\Projetos\ndd-projetos-academiaprogramador2018\BibliotecaRosangela\BibliotecaRosangela.Infra.Data\Features\Books\BookSqlRepository.cs" />
      </Files>
      <Classes>
        <Class>
          <Summary numSequencePoints="42" visitedSequencePoints="39" numBranchPoints="15" visitedBranchPoints="12" sequenceCoverage="92.86" branchCoverage="80" maxCyclomaticComplexity="2" minCyclomaticComplexity="1" maxCrapScore="2.02" minCrapScore="1" visitedClasses="1" numClasses="1" visitedMethods="7" numMethods="7" />
          <FullName>BibliotecaRosangela.Infra.Data.Features.Loans.LoanSqlRepository</FullName>
          <Methods>
            <Method visited="true" cyclomaticComplexity="1" nPathComplexity="0" sequenceCoverage="100" branchCoverage="100" crapScore="1" isConstructor="false" isStatic="false" isGetter="false" isSetter="false">
              <Summary numSequencePoints="6" visitedSequencePoints="6" numBranchPoints="1" visitedBranchPoints="1" sequenceCoverage="100" branchCoverage="100" maxCyclomaticComplexity="1" minCyclomaticComplexity="1" maxCrapScore="1" minCrapScore="1" visitedClasses="0" numClasses="0" visitedMethods="1" numMethods="1" />
              <MetadataToken>100663297</MetadataToken>
              <Name>BibliotecaRosangela.Domain.Features.Loans.Loan BibliotecaRosangela.Infra.Data.Features.Loans.LoanSqlRepository::Save(BibliotecaRosangela.Domain.Features.Loans.Loan)</Name>
              <FileRef uid="7" />
              <SequencePoints>
                <SequencePoint vc="1" uspid="24" ordinal="0" offset="0" sl="17" sc="9" el="17" ec="10" bec="0" bev="0" fileid="7" />
                <SequencePoint vc="1" uspid="25" ordinal="1" offset="1" sl="18" sc="13" el="18" ec="29" bec="0" bev="0" fileid="7" />
                <SequencePoint vc="1" uspid="26" ordinal="2" offset="8" sl="20" sc="13" el="20" ec="123" bec="0" bev="0" fileid="7" />
                <SequencePoint vc="1" uspid="27" ordinal="3" offset="14" sl="22" sc="13" el="22" ec="57" bec="0" bev="0" fileid="7" />
                <SequencePoint vc="1" uspid="28" ordinal="4" offset="35" sl="24" sc="13" el="24" ec="25" bec="0" bev="0" fileid="7" />
                <SequencePoint vc="1" uspid="29" ordinal="5" offset="39" sl="25" sc="9" el="25" ec="10" bec="0" bev="0" fileid="7" />
              </SequencePoints>
              <BranchPoints />
              <MethodPoint xsi:type="SequencePoint" vc="1" uspid="24" ordinal="0" offset="0" sl="17" sc="9" el="17" ec="10" bec="0" bev="0" fileid="7" />
            </Method>
            <Method visited="true" cyclomaticComplexity="2" nPathComplexity="2" sequenceCoverage="87.5" branchCoverage="66.67" crapScore="2.01" isConstructor="false" isStatic="false" isGetter="false" isSetter="false">
              <Summary numSequencePoints="8" visitedSequencePoints="7" numBranchPoints="3" visitedBranchPoints="2" sequenceCoverage="87.5" branchCoverage="66.67" maxCyclomaticComplexity="2" minCyclomaticComplexity="2" maxCrapScore="2.01" minCrapScore="2.01" visitedClasses="0" numClasses="0" visitedMethods="1" numMethods="1" />
              <MetadataToken>100663298</MetadataToken>
              <Name>BibliotecaRosangela.Domain.Features.Loans.Loan BibliotecaRosangela.Infra.Data.Features.Loans.LoanSqlRepository::Update(BibliotecaRosangela.Domain.Features.Loans.Loan)</Name>
              <FileRef uid="7" />
              <SequencePoints>
                <SequencePoint vc="1" uspid="30" ordinal="0" offset="0" sl="28" sc="9" el="28" ec="10" bec="0" bev="0" fileid="7" />
                <SequencePoint vc="1" uspid="31" ordinal="1" offset="1" sl="29" sc="13" el="29" ec="29" bec="0" bev="0" fileid="7" />
                <SequencePoint vc="1" uspid="32" ordinal="2" offset="8" sl="31" sc="13" el="31" ec="28" bec="2" bev="1" fileid="7" />
                <SequencePoint vc="0" uspid="33" ordinal="3" offset="21" sl="32" sc="17" el="32" ec="58" bec="0" bev="0" fileid="7" />
                <SequencePoint vc="1" uspid="34" ordinal="4" offset="27" sl="34" sc="13" el="34" ec="130" bec="0" bev="0" fileid="7" />
                <SequencePoint vc="1" uspid="35" ordinal="5" offset="33" sl="36" sc="13" el="36" ec="46" bec="0" bev="0" fileid="7" />
                <SequencePoint vc="1" uspid="36" ordinal="6" offset="48" sl="38" sc="13" el="38" ec="25" bec="0" bev="0" fileid="7" />
                <SequencePoint vc="1" uspid="37" ordinal="7" offset="52" sl="39" sc="9" el="39" ec="10" bec="0" bev="0" fileid="7" />
              </SequencePoints>
              <BranchPoints>
                <BranchPoint vc="0" uspid="38" ordinal="0" offset="19" sl="31" path="0" offsetend="21" fileid="7" />
                <BranchPoint vc="1" uspid="39" ordinal="1" offset="19" sl="31" path="1" offsetend="27" fileid="7" />
              </BranchPoints>
              <MethodPoint xsi:type="SequencePoint" vc="1" uspid="30" ordinal="0" offset="0" sl="28" sc="9" el="28" ec="10" bec="0" bev="0" fileid="7" />
            </Method>
            <Method visited="true" cyclomaticComplexity="2" nPathComplexity="2" sequenceCoverage="83.33" branchCoverage="66.67" crapScore="2.02" isConstructor="false" isStatic="false" isGetter="false" isSetter="false">
              <Summary numSequencePoints="6" visitedSequencePoints="5" numBranchPoints="3" visitedBranchPoints="2" sequenceCoverage="83.33" branchCoverage="66.67" maxCyclomaticComplexity="2" minCyclomaticComplexity="2" maxCrapScore="2.02" minCrapScore="2.02" visitedClasses="0" numClasses="0" visitedMethods="1" numMethods="1" />
              <MetadataToken>100663299</MetadataToken>
              <Name>BibliotecaRosangela.Domain.Features.Loans.Loan BibliotecaRosangela.Infra.Data.Features.Loans.LoanSqlRepository::Get(System.Int64)</Name>
              <FileRef uid="7" />
              <SequencePoints>
                <SequencePoint vc="4" uspid="40" ordinal="0" offset="0" sl="42" sc="9" el="42" ec="10" bec="0" bev="0" fileid="7" />
                <SequencePoint vc="4" uspid="41" ordinal="1" offset="1" sl="43" sc="13" el="43" ec="24" bec="2" bev="1" fileid="7" />
                <SequencePoint vc="0" uspid="42" ordinal="2" offset="10" sl="44" sc="17" el="44" ec="58" bec="0" bev="0" fileid="7" />
                <SequencePoint vc="4" uspid="43" ordinal="3" offset="16" sl="46" sc="13" el="46" ec="64" bec="0" bev="0" fileid="7" />
                <SequencePoint vc="4" uspid="44" ordinal="4" offset="22" sl="48" sc="13" el="48" ec="65" bec="0" bev="0" fileid="7" />
                <SequencePoint vc="4" uspid="45" ordinal="5" offset="59" sl="49" sc="9" el="49" ec="10" bec="0" bev="0" fileid="7" />
              </SequencePoints>
              <BranchPoints>
                <BranchPoint vc="0" uspid="46" ordinal="0" offset="8" sl="43" path="0" offsetend="10" fileid="7" />
                <BranchPoint vc="4" uspid="47" ordinal="1" offset="8" sl="43" path="1" offsetend="16" fileid="7" />
              </BranchPoints>
              <MethodPoint xsi:type="SequencePoint" vc="4" uspid="40" ordinal="0" offset="0" sl="42" sc="9" el="42" ec="10" bec="0" bev="0" fileid="7" />
            </Method>
            <Method visited="true" cyclomaticComplexity="1" nPathComplexity="0" sequenceCoverage="100" branchCoverage="100" crapScore="1" isConstructor="false" isStatic="false" isGetter="false" isSetter="false">
              <Summary numSequencePoints="4" visitedSequencePoints="4" numBranchPoints="1" visitedBranchPoints="1" sequenceCoverage="100" branchCoverage="100" maxCyclomaticComplexity="1" minCyclomaticComplexity="1" maxCrapScore="1" minCrapScore="1" visitedClasses="0" numClasses="0" visitedMethods="1" numMethods="1" />
              <MetadataToken>100663300</MetadataToken>
              <Name>System.Collections.Generic.IEnumerable`1&lt;BibliotecaRosangela.Domain.Features.Loans.Loan&gt; BibliotecaRosangela.Infra.Data.Features.Loans.LoanSqlRepository::GetAll()</Name>
              <FileRef uid="7" />
              <SequencePoints>
                <SequencePoint vc="1" uspid="48" ordinal="0" offset="0" sl="52" sc="9" el="52" ec="10" bec="0" bev="0" fileid="7" />
                <SequencePoint vc="1" uspid="49" ordinal="1" offset="1" sl="53" sc="13" el="53" ec="49" bec="0" bev="0" fileid="7" />
                <SequencePoint vc="1" uspid="50" ordinal="2" offset="7" sl="55" sc="13" el="55" ec="41" bec="0" bev="0" fileid="7" />
                <SequencePoint vc="1" uspid="51" ordinal="3" offset="22" sl="56" sc="9" el="56" ec="10" bec="0" bev="0" fileid="7" />
              </SequencePoints>
              <BranchPoints />
              <MethodPoint xsi:type="SequencePoint" vc="1" uspid="48" ordinal="0" offset="0" sl="52" sc="9" el="52" ec="10" bec="0" bev="0" fileid="7" />
            </Method>
            <Method visited="true" cyclomaticComplexity="2" nPathComplexity="2" sequenceCoverage="83.33" branchCoverage="66.67" crapScore="2.02" isConstructor="false" isStatic="false" isGetter="false" isSetter="false">
              <Summary numSequencePoints="6" visitedSequencePoints="5" numBranchPoints="3" visitedBranchPoints="2" sequenceCoverage="83.33" branchCoverage="66.67" maxCyclomaticComplexity="2" minCyclomaticComplexity="2" maxCrapScore="2.02" minCrapScore="2.02" visitedClasses="0" numClasses="0" visitedMethods="1" numMethods="1" />
              <MetadataToken>100663301</MetadataToken>
              <Name>System.Void BibliotecaRosangela.Infra.Data.Features.Loans.LoanSqlRepository::Delete(BibliotecaRosangela.Domain.Features.Loans.Loan)</Name>
              <FileRef uid="7" />
              <SequencePoints>
                <SequencePoint vc="1" uspid="52" ordinal="0" offset="0" sl="59" sc="9" el="59" ec="10" bec="0" bev="0" fileid="7" />
                <SequencePoint vc="1" uspid="53" ordinal="1" offset="1" sl="60" sc="13" el="60" ec="29" bec="2" bev="1" fileid="7" />
                <SequencePoint vc="0" uspid="54" ordinal="2" offset="14" sl="61" sc="17" el="61" ec="58" bec="0" bev="0" fileid="7" />
                <SequencePoint vc="1" uspid="55" ordinal="3" offset="20" sl="63" sc="13" el="63" ec="62" bec="0" bev="0" fileid="7" />
                <SequencePoint vc="1" uspid="56" ordinal="4" offset="26" sl="65" sc="13" el="65" ec="60" bec="0" bev="0" fileid="7" />
                <SequencePoint vc="1" uspid="57" ordinal="5" offset="61" sl="66" sc="9" el="66" ec="10" bec="0" bev="0" fileid="7" />
              </SequencePoints>
              <BranchPoints>
                <BranchPoint vc="0" uspid="58" ordinal="0" offset="12" sl="60" path="0" offsetend="14" fileid="7" />
                <BranchPoint vc="1" uspid="59" ordinal="1" offset="12" sl="60" path="1" offsetend="20" fileid="7" />
              </BranchPoints>
              <MethodPoint xsi:type="SequencePoint" vc="1" uspid="52" ordinal="0" offset="0" sl="59" sc="9" el="59" ec="10" bec="0" bev="0" fileid="7" />
            </Method>
            <Method visited="true" cyclomaticComplexity="2" nPathComplexity="2" sequenceCoverage="100" branchCoverage="100" crapScore="2" isConstructor="false" isStatic="false" isGetter="false" isSetter="false">
              <Summary numSequencePoints="11" visitedSequencePoints="11" numBranchPoints="3" visitedBranchPoints="3" sequenceCoverage="100" branchCoverage="100" maxCyclomaticComplexity="2" minCyclomaticComplexity="2" maxCrapScore="2" minCrapScore="2" visitedClasses="0" numClasses="0" visitedMethods="1" numMethods="1" />
              <MetadataToken>100663302</MetadataToken>
              <Name>System.Object[] BibliotecaRosangela.Infra.Data.Features.Loans.LoanSqlRepository::Take(BibliotecaRosangela.Domain.Features.Loans.Loan,System.Boolean)</Name>
              <FileRef uid="7" />
              <SequencePoints>
                <SequencePoint vc="2" uspid="60" ordinal="0" offset="0" sl="89" sc="9" el="89" ec="10" bec="0" bev="0" fileid="7" />
                <SequencePoint vc="2" uspid="61" ordinal="1" offset="1" sl="90" sc="13" el="90" ec="40" bec="0" bev="0" fileid="7" />
                <SequencePoint vc="2" uspid="62" ordinal="2" offset="3" sl="92" sc="13" el="92" ec="23" bec="2" bev="2" fileid="7" />
                <SequencePoint vc="1" uspid="63" ordinal="3" offset="8" sl="93" sc="13" el="93" ec="14" bec="0" bev="0" fileid="7" />
                <SequencePoint vc="1" uspid="64" ordinal="4" offset="9" sl="94" sc="17" el="100" ec="23" bec="0" bev="0" fileid="7" />
                <SequencePoint vc="1" uspid="65" ordinal="5" offset="104" sl="101" sc="13" el="101" ec="14" bec="0" bev="0" fileid="7" />
                <SequencePoint vc="1" uspid="66" ordinal="6" offset="107" sl="103" sc="13" el="103" ec="14" bec="0" bev="0" fileid="7" />
                <SequencePoint vc="1" uspid="67" ordinal="7" offset="108" sl="104" sc="17" el="109" ec="17" bec="0" bev="0" fileid="7" />
                <SequencePoint vc="1" uspid="68" ordinal="8" offset="181" sl="110" sc="13" el="110" ec="14" bec="0" bev="0" fileid="7" />
                <SequencePoint vc="2" uspid="69" ordinal="9" offset="182" sl="111" sc="13" el="111" ec="31" bec="0" bev="0" fileid="7" />
                <SequencePoint vc="2" uspid="70" ordinal="10" offset="186" sl="112" sc="9" el="112" ec="10" bec="0" bev="0" fileid="7" />
              </SequencePoints>
              <BranchPoints>
                <BranchPoint vc="1" uspid="71" ordinal="0" offset="6" sl="92" path="0" offsetend="8" fileid="7" />
                <BranchPoint vc="1" uspid="72" ordinal="1" offset="6" sl="92" path="1" offsetend="107" fileid="7" />
              </BranchPoints>
              <MethodPoint xsi:type="SequencePoint" vc="2" uspid="60" ordinal="0" offset="0" sl="89" sc="9" el="89" ec="10" bec="0" bev="0" fileid="7" />
            </Method>
            <Method visited="false" cyclomaticComplexity="1" nPathComplexity="0" sequenceCoverage="0" branchCoverage="0" crapScore="2" isConstructor="true" isStatic="false" isGetter="false" isSetter="false">
              <Summary numSequencePoints="0" visitedSequencePoints="0" numBranchPoints="0" visitedBranchPoints="0" sequenceCoverage="0" branchCoverage="0" maxCyclomaticComplexity="1" minCyclomaticComplexity="1" maxCrapScore="2" minCrapScore="2" visitedClasses="0" numClasses="0" visitedMethods="0" numMethods="0" />
              <MetadataToken>100663303</MetadataToken>
              <Name>System.Void BibliotecaRosangela.Infra.Data.Features.Loans.LoanSqlRepository::.ctor()</Name>
              <SequencePoints />
              <BranchPoints />
              <MethodPoint vc="0" uspid="73" ordinal="0" offset="0" />
            </Method>
            <Method visited="true" cyclomaticComplexity="1" nPathComplexity="0" sequenceCoverage="100" branchCoverage="100" crapScore="1" isConstructor="true" isStatic="true" isGetter="false" isSetter="false">
              <Summary numSequencePoints="1" visitedSequencePoints="1" numBranchPoints="1" visitedBranchPoints="1" sequenceCoverage="100" branchCoverage="100" maxCyclomaticComplexity="1" minCyclomaticComplexity="1" maxCrapScore="1" minCrapScore="1" visitedClasses="0" numClasses="0" visitedMethods="1" numMethods="1" />
              <MetadataToken>100663304</MetadataToken>
              <Name>System.Void BibliotecaRosangela.Infra.Data.Features.Loans.LoanSqlRepository::.cctor()</Name>
              <FileRef uid="7" />
              <SequencePoints>
                <SequencePoint vc="1" uspid="74" ordinal="0" offset="0" sl="71" sc="9" el="81" ec="14" bec="0" bev="0" fileid="7" />
              </SequencePoints>
              <BranchPoints />
              <MethodPoint xsi:type="SequencePoint" vc="1" uspid="74" ordinal="0" offset="0" sl="71" sc="9" el="81" ec="14" bec="0" bev="0" fileid="7" />
            </Method>
          </Methods>
        </Class>
        <Class>
          <Summary numSequencePoints="1" visitedSequencePoints="1" numBranchPoints="1" visitedBranchPoints="1" sequenceCoverage="100" branchCoverage="100" maxCyclomaticComplexity="1" minCyclomaticComplexity="1" maxCrapScore="2" minCrapScore="1" visitedClasses="1" numClasses="1" visitedMethods="1" numMethods="1" />
          <FullName>BibliotecaRosangela.Infra.Data.Features.Loans.LoanSqlRepository/&lt;&gt;c</FullName>
          <Methods>
            <Method visited="false" cyclomaticComplexity="1" nPathComplexity="0" sequenceCoverage="0" branchCoverage="0" crapScore="2" isConstructor="true" isStatic="true" isGetter="false" isSetter="false">
              <Summary numSequencePoints="0" visitedSequencePoints="0" numBranchPoints="0" visitedBranchPoints="0" sequenceCoverage="0" branchCoverage="0" maxCyclomaticComplexity="1" minCyclomaticComplexity="1" maxCrapScore="2" minCrapScore="2" visitedClasses="0" numClasses="0" visitedMethods="0" numMethods="0" />
              <MetadataToken>100663313</MetadataToken>
              <Name>System.Void BibliotecaRosangela.Infra.Data.Features.Loans.LoanSqlRepository/&lt;&gt;c::.cctor()</Name>
              <SequencePoints />
              <BranchPoints />
              <MethodPoint vc="0" uspid="75" ordinal="0" offset="0" />
            </Method>
            <Method visited="false" cyclomaticComplexity="1" nPathComplexity="0" sequenceCoverage="0" branchCoverage="0" crapScore="2" isConstructor="true" isStatic="false" isGetter="false" isSetter="false">
              <Summary numSequencePoints="0" visitedSequencePoints="0" numBranchPoints="0" visitedBranchPoints="0" sequenceCoverage="0" branchCoverage="0" maxCyclomaticComplexity="1" minCyclomaticComplexity="1" maxCrapScore="2" minCrapScore="2" visitedClasses="0" numClasses="0" visitedMethods="0" numMethods="0" />
              <MetadataToken>100663314</MetadataToken>
              <Name>System.Void BibliotecaRosangela.Infra.Data.Features.Loans.LoanSqlRepository/&lt;&gt;c::.ctor()</Name>
              <SequencePoints />
              <BranchPoints />
              <MethodPoint vc="0" uspid="76" ordinal="0" offset="0" />
            </Method>
            <Method visited="true" cyclomaticComplexity="1" nPathComplexity="0" sequenceCoverage="100" branchCoverage="100" crapScore="1" isConstructor="false" isStatic="false" isGetter="false" isSetter="false">
              <Summary numSequencePoints="1" visitedSequencePoints="1" numBranchPoints="1" visitedBranchPoints="1" sequenceCoverage="100" branchCoverage="100" maxCyclomaticComplexity="1" minCyclomaticComplexity="1" maxCrapScore="1" minCrapScore="1" visitedClasses="0" numClasses="0" visitedMethods="1" numMethods="1" />
              <MetadataToken>100663315</MetadataToken>
              <Name>BibliotecaRosangela.Domain.Features.Loans.Loan BibliotecaRosangela.Infra.Data.Features.Loans.LoanSqlRepository/&lt;&gt;c::&lt;.cctor&gt;b__8_0(System.Data.IDataReader)</Name>
              <FileRef uid="7" />
              <SequencePoints>
                <SequencePoint vc="4" uspid="77" ordinal="0" offset="0" sl="72" sc="12" el="81" ec="13" bec="0" bev="0" fileid="7" />
              </SequencePoints>
              <BranchPoints />
              <MethodPoint xsi:type="SequencePoint" vc="4" uspid="77" ordinal="0" offset="0" sl="72" sc="12" el="81" ec="13" bec="0" bev="0" fileid="7" />
            </Method>
          </Methods>
        </Class>
        <Class>
          <Summary numSequencePoints="42" visitedSequencePoints="39" numBranchPoints="15" visitedBranchPoints="12" sequenceCoverage="92.86" branchCoverage="80" maxCyclomaticComplexity="2" minCyclomaticComplexity="1" maxCrapScore="2.02" minCrapScore="1" visitedClasses="1" numClasses="1" visitedMethods="7" numMethods="7" />
          <FullName>BibliotecaRosangela.Infra.Data.Features.Books.BookSqlRepository</FullName>
          <Methods>
            <Method visited="true" cyclomaticComplexity="1" nPathComplexity="0" sequenceCoverage="100" branchCoverage="100" crapScore="1" isConstructor="false" isStatic="false" isGetter="false" isSetter="false">
              <Summary numSequencePoints="6" visitedSequencePoints="6" numBranchPoints="1" visitedBranchPoints="1" sequenceCoverage="100" branchCoverage="100" maxCyclomaticComplexity="1" minCyclomaticComplexity="1" maxCrapScore="1" minCrapScore="1" visitedClasses="0" numClasses="0" visitedMethods="1" numMethods="1" />
              <MetadataToken>100663305</MetadataToken>
              <Name>BibliotecaRosangela.Domain.Features.Books.Book BibliotecaRosangela.Infra.Data.Features.Books.BookSqlRepository::Save(BibliotecaRosangela.Domain.Features.Books.Book)</Name>
              <FileRef uid="9" />
              <SequencePoints>
                <SequencePoint vc="1" uspid="78" ordinal="0" offset="0" sl="15" sc="9" el="15" ec="10" bec="0" bev="0" fileid="9" />
                <SequencePoint vc="1" uspid="79" ordinal="1" offset="1" sl="16" sc="13" el="16" ec="29" bec="0" bev="0" fileid="9" />
                <SequencePoint vc="1" uspid="80" ordinal="2" offset="8" sl="18" sc="13" el="19" ec="91" bec="0" bev="0" fileid="9" />
                <SequencePoint vc="1" uspid="81" ordinal="3" offset="14" sl="21" sc="13" el="21" ec="57" bec="0" bev="0" fileid="9" />
                <SequencePoint vc="1" uspid="82" ordinal="4" offset="35" sl="23" sc="13" el="23" ec="25" bec="0" bev="0" fileid="9" />
                <SequencePoint vc="1" uspid="83" ordinal="5" offset="39" sl="24" sc="9" el="24" ec="10" bec="0" bev="0" fileid="9" />
              </SequencePoints>
              <BranchPoints />
              <MethodPoint xsi:type="SequencePoint" vc="1" uspid="78" ordinal="0" offset="0" sl="15" sc="9" el="15" ec="10" bec="0" bev="0" fileid="9" />
            </Method>
            <Method visited="true" cyclomaticComplexity="2" nPathComplexity="2" sequenceCoverage="87.5" branchCoverage="66.67" crapScore="2.01" isConstructor="false" isStatic="false" isGetter="false" isSetter="false">
              <Summary numSequencePoints="8" visitedSequencePoints="7" numBranchPoints="3" visitedBranchPoints="2" sequenceCoverage="87.5" branchCoverage="66.67" maxCyclomaticComplexity="2" minCyclomaticComplexity="2" maxCrapScore="2.01" minCrapScore="2.01" visitedClasses="0" numClasses="0" visitedMethods="1" numMethods="1" />
              <MetadataToken>100663306</MetadataToken>
              <Name>BibliotecaRosangela.Domain.Features.Books.Book BibliotecaRosangela.Infra.Data.Features.Books.BookSqlRepository::Update(BibliotecaRosangela.Domain.Features.Books.Book)</Name>
              <FileRef uid="9" />
              <SequencePoints>
                <SequencePoint vc="1" uspid="84" ordinal="0" offset="0" sl="27" sc="9" el="27" ec="10" bec="0" bev="0" fileid="9" />
                <SequencePoint vc="1" uspid="85" ordinal="1" offset="1" sl="28" sc="13" el="28" ec="28" bec="2" bev="1" fileid="9" />
                <SequencePoint vc="0" uspid="86" ordinal="2" offset="14" sl="29" sc="17" el="29" ec="58" bec="0" bev="0" fileid="9" />
                <SequencePoint vc="1" uspid="87" ordinal="3" offset="20" sl="31" sc="13" el="31" ec="29" bec="0" bev="0" fileid="9" />
                <SequencePoint vc="1" uspid="88" ordinal="4" offset="27" sl="33" sc="13" el="34" ec="102" bec="0" bev="0" fileid="9" />
                <SequencePoint vc="1" uspid="89" ordinal="5" offset="33" sl="36" sc="13" el="36" ec="46" bec="0" bev="0" fileid="9" />
                <SequencePoint vc="1" uspid="90" ordinal="6" offset="48" sl="37" sc="13" el="37" ec="25" bec="0" bev="0" fileid="9" />
                <SequencePoint vc="1" uspid="91" ordinal="7" offset="52" sl="38" sc="9" el="38" ec="10" bec="0" bev="0" fileid="9" />
              </SequencePoints>
              <BranchPoints>
                <BranchPoint vc="0" uspid="92" ordinal="0" offset="12" sl="28" path="0" offsetend="14" fileid="9" />
                <BranchPoint vc="1" uspid="93" ordinal="1" offset="12" sl="28" path="1" offsetend="20" fileid="9" />
              </BranchPoints>
              <MethodPoint xsi:type="SequencePoint" vc="1" uspid="84" ordinal="0" offset="0" sl="27" sc="9" el="27" ec="10" bec="0" bev="0" fileid="9" />
            </Method>
            <Method visited="true" cyclomaticComplexity="2" nPathComplexity="2" sequenceCoverage="83.33" branchCoverage="66.67" crapScore="2.02" isConstructor="false" isStatic="false" isGetter="false" isSetter="false">
              <Summary numSequencePoints="6" visitedSequencePoints="5" numBranchPoints="3" visitedBranchPoints="2" sequenceCoverage="83.33" branchCoverage="66.67" maxCyclomaticComplexity="2" minCyclomaticComplexity="2" maxCrapScore="2.02" minCrapScore="2.02" visitedClasses="0" numClasses="0" visitedMethods="1" numMethods="1" />
              <MetadataToken>100663307</MetadataToken>
              <Name>BibliotecaRosangela.Domain.Features.Books.Book BibliotecaRosangela.Infra.Data.Features.Books.BookSqlRepository::Get(System.Int64)</Name>
              <FileRef uid="9" />
              <SequencePoints>
                <SequencePoint vc="5" uspid="94" ordinal="0" offset="0" sl="41" sc="9" el="41" ec="10" bec="0" bev="0" fileid="9" />
                <SequencePoint vc="5" uspid="95" ordinal="1" offset="1" sl="42" sc="13" el="42" ec="24" bec="2" bev="1" fileid="9" />
                <SequencePoint vc="0" uspid="96" ordinal="2" offset="10" sl="43" sc="17" el="43" ec="58" bec="0" bev="0" fileid="9" />
                <SequencePoint vc="5" uspid="97" ordinal="3" offset="16" sl="45" sc="13" el="45" ec="64" bec="0" bev="0" fileid="9" />
                <SequencePoint vc="5" uspid="98" ordinal="4" offset="22" sl="47" sc="13" el="47" ec="65" bec="0" bev="0" fileid="9" />
                <SequencePoint vc="5" uspid="99" ordinal="5" offset="59" sl="48" sc="9" el="48" ec="10" bec="0" bev="0" fileid="9" />
              </SequencePoints>
              <BranchPoints>
                <BranchPoint vc="0" uspid="100" ordinal="0" offset="8" sl="42" path="0" offsetend="10" fileid="9" />
                <BranchPoint vc="5" uspid="101" ordinal="1" offset="8" sl="42" path="1" offsetend="16" fileid="9" />
              </BranchPoints>
              <MethodPoint xsi:type="SequencePoint" vc="5" uspid="94" ordinal="0" offset="0" sl="41" sc="9" el="41" ec="10" bec="0" bev="0" fileid="9" />
            </Method>
            <Method visited="true" cyclomaticComplexity="1" nPathComplexity="0" sequenceCoverage="100" branchCoverage="100" crapScore="1" isConstructor="false" isStatic="false" isGetter="false" isSetter="false">
              <Summary numSequencePoints="4" visitedSequencePoints="4" numBranchPoints="1" visitedBranchPoints="1" sequenceCoverage="100" branchCoverage="100" maxCyclomaticComplexity="1" minCyclomaticComplexity="1" maxCrapScore="1" minCrapScore="1" visitedClasses="0" numClasses="0" visitedMethods="1" numMethods="1" />
              <MetadataToken>100663308</MetadataToken>
              <Name>System.Collections.Generic.IEnumerable`1&lt;BibliotecaRosangela.Domain.Features.Books.Book&gt; BibliotecaRosangela.Infra.Data.Features.Books.BookSqlRepository::GetAll()</Name>
              <FileRef uid="9" />
              <SequencePoints>
                <SequencePoint vc="3" uspid="102" ordinal="0" offset="0" sl="51" sc="9" el="51" ec="10" bec="0" bev="0" fileid="9" />
                <SequencePoint vc="3" uspid="103" ordinal="1" offset="1" sl="52" sc="13" el="52" ec="49" bec="0" bev="0" fileid="9" />
                <SequencePoint vc="3" uspid="104" ordinal="2" offset="7" sl="54" sc="13" el="54" ec="41" bec="0" bev="0" fileid="9" />
                <SequencePoint vc="3" uspid="105" ordinal="3" offset="22" sl="55" sc="9" el="55" ec="10" bec="0" bev="0" fileid="9" />
              </SequencePoints>
              <BranchPoints />
              <MethodPoint xsi:type="SequencePoint" vc="3" uspid="102" ordinal="0" offset="0" sl="51" sc="9" el="51" ec="10" bec="0" bev="0" fileid="9" />
            </Method>
            <Method visited="true" cyclomaticComplexity="2" nPathComplexity="2" sequenceCoverage="83.33" branchCoverage="66.67" crapScore="2.02" isConstructor="false" isStatic="false" isGetter="false" isSetter="false">
              <Summary numSequencePoints="6" visitedSequencePoints="5" numBranchPoints="3" visitedBranchPoints="2" sequenceCoverage="83.33" branchCoverage="66.67" maxCyclomaticComplexity="2" minCyclomaticComplexity="2" maxCrapScore="2.02" minCrapScore="2.02" visitedClasses="0" numClasses="0" visitedMethods="1" numMethods="1" />
              <MetadataToken>100663309</MetadataToken>
              <Name>System.Void BibliotecaRosangela.Infra.Data.Features.Books.BookSqlRepository::Delete(BibliotecaRosangela.Domain.Features.Books.Book)</Name>
              <FileRef uid="9" />
              <SequencePoints>
                <SequencePoint vc="1" uspid="106" ordinal="0" offset="0" sl="58" sc="9" el="58" ec="10" bec="0" bev="0" fileid="9" />
                <SequencePoint vc="1" uspid="107" ordinal="1" offset="1" sl="59" sc="13" el="59" ec="28" bec="2" bev="1" fileid="9" />
                <SequencePoint vc="0" uspid="108" ordinal="2" offset="14" sl="60" sc="17" el="60" ec="58" bec="0" bev="0" fileid="9" />
                <SequencePoint vc="1" uspid="109" ordinal="3" offset="20" sl="62" sc="13" el="62" ec="62" bec="0" bev="0" fileid="9" />
                <SequencePoint vc="1" uspid="110" ordinal="4" offset="26" sl="64" sc="13" el="64" ec="60" bec="0" bev="0" fileid="9" />
                <SequencePoint vc="1" uspid="111" ordinal="5" offset="61" sl="65" sc="9" el="65" ec="10" bec="0" bev="0" fileid="9" />
              </SequencePoints>
              <BranchPoints>
                <BranchPoint vc="0" uspid="112" ordinal="0" offset="12" sl="59" path="0" offsetend="14" fileid="9" />
                <BranchPoint vc="1" uspid="113" ordinal="1" offset="12" sl="59" path="1" offsetend="20" fileid="9" />
              </BranchPoints>
              <MethodPoint xsi:type="SequencePoint" vc="1" uspid="106" ordinal="0" offset="0" sl="58" sc="9" el="58" ec="10" bec="0" bev="0" fileid="9" />
            </Method>
            <Method visited="true" cyclomaticComplexity="2" nPathComplexity="2" sequenceCoverage="100" branchCoverage="100" crapScore="2" isConstructor="false" isStatic="false" isGetter="false" isSetter="false">
              <Summary numSequencePoints="11" visitedSequencePoints="11" numBranchPoints="3" visitedBranchPoints="3" sequenceCoverage="100" branchCoverage="100" maxCyclomaticComplexity="2" minCyclomaticComplexity="2" maxCrapScore="2" minCrapScore="2" visitedClasses="0" numClasses="0" visitedMethods="1" numMethods="1" />
              <MetadataToken>100663310</MetadataToken>
              <Name>System.Object[] BibliotecaRosangela.Infra.Data.Features.Books.BookSqlRepository::Take(BibliotecaRosangela.Domain.Features.Books.Book,System.Boolean)</Name>
              <FileRef uid="9" />
              <SequencePoints>
                <SequencePoint vc="2" uspid="114" ordinal="0" offset="0" sl="88" sc="9" el="88" ec="10" bec="0" bev="0" fileid="9" />
                <SequencePoint vc="2" uspid="115" ordinal="1" offset="1" sl="89" sc="13" el="89" ec="40" bec="0" bev="0" fileid="9" />
                <SequencePoint vc="2" uspid="116" ordinal="2" offset="3" sl="91" sc="13" el="91" ec="23" bec="2" bev="2" fileid="9" />
                <SequencePoint vc="1" uspid="117" ordinal="3" offset="11" sl="92" sc="13" el="92" ec="14" bec="0" bev="0" fileid="9" />
                <SequencePoint vc="1" uspid="118" ordinal="4" offset="12" sl="93" sc="17" el="102" ec="23" bec="0" bev="0" fileid="9" />
                <SequencePoint vc="1" uspid="119" ordinal="5" offset="164" sl="103" sc="13" el="103" ec="14" bec="0" bev="0" fileid="9" />
                <SequencePoint vc="1" uspid="120" ordinal="6" offset="170" sl="105" sc="13" el="105" ec="14" bec="0" bev="0" fileid="9" />
                <SequencePoint vc="1" uspid="121" ordinal="7" offset="171" sl="106" sc="17" el="114" ec="17" bec="0" bev="0" fileid="9" />
                <SequencePoint vc="1" uspid="122" ordinal="8" offset="299" sl="115" sc="13" el="115" ec="14" bec="0" bev="0" fileid="9" />
                <SequencePoint vc="2" uspid="123" ordinal="9" offset="300" sl="116" sc="13" el="116" ec="31" bec="0" bev="0" fileid="9" />
                <SequencePoint vc="2" uspid="124" ordinal="10" offset="304" sl="117" sc="9" el="117" ec="10" bec="0" bev="0" fileid="9" />
              </SequencePoints>
              <BranchPoints>
                <BranchPoint vc="1" uspid="125" ordinal="0" offset="6" sl="91" path="0" offsetend="11" fileid="9" />
                <BranchPoint vc="1" uspid="126" ordinal="1" offset="6" sl="91" path="1" offsetend="170" fileid="9" />
              </BranchPoints>
              <MethodPoint xsi:type="SequencePoint" vc="2" uspid="114" ordinal="0" offset="0" sl="88" sc="9" el="88" ec="10" bec="0" bev="0" fileid="9" />
            </Method>
            <Method visited="false" cyclomaticComplexity="1" nPathComplexity="0" sequenceCoverage="0" branchCoverage="0" crapScore="2" isConstructor="true" isStatic="false" isGetter="false" isSetter="false">
              <Summary numSequencePoints="0" visitedSequencePoints="0" numBranchPoints="0" visitedBranchPoints="0" sequenceCoverage="0" branchCoverage="0" maxCyclomaticComplexity="1" minCyclomaticComplexity="1" maxCrapScore="2" minCrapScore="2" visitedClasses="0" numClasses="0" visitedMethods="0" numMethods="0" />
              <MetadataToken>100663311</MetadataToken>
              <Name>System.Void BibliotecaRosangela.Infra.Data.Features.Books.BookSqlRepository::.ctor()</Name>
              <SequencePoints />
              <BranchPoints />
              <MethodPoint vc="0" uspid="127" ordinal="0" offset="0" />
            </Method>
            <Method visited="true" cyclomaticComplexity="1" nPathComplexity="0" sequenceCoverage="100" branchCoverage="100" crapScore="1" isConstructor="true" isStatic="true" isGetter="false" isSetter="false">
              <Summary numSequencePoints="1" visitedSequencePoints="1" numBranchPoints="1" visitedBranchPoints="1" sequenceCoverage="100" branchCoverage="100" maxCyclomaticComplexity="1" minCyclomaticComplexity="1" maxCrapScore="1" minCrapScore="1" visitedClasses="0" numClasses="0" visitedMethods="1" numMethods="1" />
              <MetadataToken>100663312</MetadataToken>
              <Name>System.Void BibliotecaRosangela.Infra.Data.Features.Books.BookSqlRepository::.cctor()</Name>
              <FileRef uid="9" />
              <SequencePoints>
                <SequencePoint vc="1" uspid="128" ordinal="0" offset="0" sl="70" sc="9" el="80" ec="14" bec="0" bev="0" fileid="9" />
              </SequencePoints>
              <BranchPoints />
              <MethodPoint xsi:type="SequencePoint" vc="1" uspid="128" ordinal="0" offset="0" sl="70" sc="9" el="80" ec="14" bec="0" bev="0" fileid="9" />
            </Method>
          </Methods>
        </Class>
        <Class>
          <Summary numSequencePoints="1" visitedSequencePoints="1" numBranchPoints="1" visitedBranchPoints="1" sequenceCoverage="100" branchCoverage="100" maxCyclomaticComplexity="1" minCyclomaticComplexity="1" maxCrapScore="2" minCrapScore="1" visitedClasses="1" numClasses="1" visitedMethods="1" numMethods="1" />
          <FullName>BibliotecaRosangela.Infra.Data.Features.Books.BookSqlRepository/&lt;&gt;c</FullName>
          <Methods>
            <Method visited="false" cyclomaticComplexity="1" nPathComplexity="0" sequenceCoverage="0" branchCoverage="0" crapScore="2" isConstructor="true" isStatic="true" isGetter="false" isSetter="false">
              <Summary numSequencePoints="0" visitedSequencePoints="0" numBranchPoints="0" visitedBranchPoints="0" sequenceCoverage="0" branchCoverage="0" maxCyclomaticComplexity="1" minCyclomaticComplexity="1" maxCrapScore="2" minCrapScore="2" visitedClasses="0" numClasses="0" visitedMethods="0" numMethods="0" />
              <MetadataToken>100663316</MetadataToken>
              <Name>System.Void BibliotecaRosangela.Infra.Data.Features.Books.BookSqlRepository/&lt;&gt;c::.cctor()</Name>
              <SequencePoints />
              <BranchPoints />
              <MethodPoint vc="0" uspid="129" ordinal="0" offset="0" />
            </Method>
            <Method visited="false" cyclomaticComplexity="1" nPathComplexity="0" sequenceCoverage="0" branchCoverage="0" crapScore="2" isConstructor="true" isStatic="false" isGetter="false" isSetter="false">
              <Summary numSequencePoints="0" visitedSequencePoints="0" numBranchPoints="0" visitedBranchPoints="0" sequenceCoverage="0" branchCoverage="0" maxCyclomaticComplexity="1" minCyclomaticComplexity="1" maxCrapScore="2" minCrapScore="2" visitedClasses="0" numClasses="0" visitedMethods="0" numMethods="0" />
              <MetadataToken>100663317</MetadataToken>
              <Name>System.Void BibliotecaRosangela.Infra.Data.Features.Books.BookSqlRepository/&lt;&gt;c::.ctor()</Name>
              <SequencePoints />
              <BranchPoints />
              <MethodPoint vc="0" uspid="130" ordinal="0" offset="0" />
            </Method>
            <Method visited="true" cyclomaticComplexity="1" nPathComplexity="0" sequenceCoverage="100" branchCoverage="100" crapScore="1" isConstructor="false" isStatic="false" isGetter="false" isSetter="false">
              <Summary numSequencePoints="1" visitedSequencePoints="1" numBranchPoints="1" visitedBranchPoints="1" sequenceCoverage="100" branchCoverage="100" maxCyclomaticComplexity="1" minCyclomaticComplexity="1" maxCrapScore="1" minCrapScore="1" visitedClasses="0" numClasses="0" visitedMethods="1" numMethods="1" />
              <MetadataToken>100663318</MetadataToken>
              <Name>BibliotecaRosangela.Domain.Features.Books.Book BibliotecaRosangela.Infra.Data.Features.Books.BookSqlRepository/&lt;&gt;c::&lt;.cctor&gt;b__8_0(System.Data.IDataReader)</Name>
              <FileRef uid="9" />
              <SequencePoints>
                <SequencePoint vc="8" uspid="131" ordinal="0" offset="0" sl="71" sc="12" el="80" ec="13" bec="0" bev="0" fileid="9" />
              </SequencePoints>
              <BranchPoints />
              <MethodPoint xsi:type="SequencePoint" vc="8" uspid="131" ordinal="0" offset="0" sl="71" sc="12" el="80" ec="13" bec="0" bev="0" fileid="9" />
            </Method>
          </Methods>
        </Class>
      </Classes>
    </Module>
    <Module hash="69-28-EB-6F-27-B5-52-05-72-3B-44-59-6B-4C-C4-1B-6D-4A-CE-35">
      <Summary numSequencePoints="24" visitedSequencePoints="21" numBranchPoints="22" visitedBranchPoints="19" sequenceCoverage="87.5" branchCoverage="86.36" maxCyclomaticComplexity="9" minCyclomaticComplexity="0" maxCrapScore="9.03" minCrapScore="0" visitedClasses="2" numClasses="2" visitedMethods="2" numMethods="2" />
      <ModulePath>C:\Users\Isabel\Documents\Projetos\ndd-projetos-academiaprogramador2018\BibliotecaRosangela\BibliotecaRosangela.Integration.Tests\bin\Debug\BibliotecaRosangela.Domain.dll</ModulePath>
      <ModuleTime>2018-05-23T23:28:52.740908Z</ModuleTime>
      <ModuleName>BibliotecaRosangela.Domain</ModuleName>
      <Files>
        <File uid="15" fullPath="C:\Users\Isabel\Documents\Projetos\ndd-projetos-academiaprogramador2018\BibliotecaRosangela\BibliotecaRosangela.Domain\Features\Loans\Loan.cs" />
        <File uid="20" fullPath="C:\Users\Isabel\Documents\Projetos\ndd-projetos-academiaprogramador2018\BibliotecaRosangela\BibliotecaRosangela.Domain\Features\Books\Book.cs" />
      </Files>
      <Classes>
        <Class>
          <Summary numSequencePoints="10" visitedSequencePoints="8" numBranchPoints="9" visitedBranchPoints="7" sequenceCoverage="80" branchCoverage="77.78" maxCyclomaticComplexity="5" minCyclomaticComplexity="1" maxCrapScore="5.20" minCrapScore="2" visitedClasses="1" numClasses="1" visitedMethods="1" numMethods="1" />
          <FullName>BibliotecaRosangela.Domain.Features.Loans.Loan</FullName>
          <Methods>
            <Method skippedDueTo="AutoImplementedProperty" visited="false" cyclomaticComplexity="1" nPathComplexity="0" sequenceCoverage="0" branchCoverage="0" crapScore="0" isConstructor="false" isStatic="false" isGetter="true" isSetter="false">
              <MetadataToken>100663302</MetadataToken>
              <Name>System.Int32 BibliotecaRosangela.Domain.Features.Loans.Loan::get_Id()</Name>
              <FileRef uid="15" />
              <SequencePoints />
              <BranchPoints />
            </Method>
            <Method skippedDueTo="AutoImplementedProperty" visited="false" cyclomaticComplexity="1" nPathComplexity="0" sequenceCoverage="0" branchCoverage="0" crapScore="0" isConstructor="false" isStatic="false" isGetter="false" isSetter="true">
              <MetadataToken>100663303</MetadataToken>
              <Name>System.Void BibliotecaRosangela.Domain.Features.Loans.Loan::set_Id(System.Int32)</Name>
              <FileRef uid="15" />
              <SequencePoints />
              <BranchPoints />
            </Method>
            <Method skippedDueTo="AutoImplementedProperty" visited="false" cyclomaticComplexity="1" nPathComplexity="0" sequenceCoverage="0" branchCoverage="0" crapScore="0" isConstructor="false" isStatic="false" isGetter="true" isSetter="false">
              <MetadataToken>100663304</MetadataToken>
              <Name>System.String BibliotecaRosangela.Domain.Features.Loans.Loan::get_ClientName()</Name>
              <FileRef uid="15" />
              <SequencePoints />
              <BranchPoints />
            </Method>
            <Method skippedDueTo="AutoImplementedProperty" visited="false" cyclomaticComplexity="1" nPathComplexity="0" sequenceCoverage="0" branchCoverage="0" crapScore="0" isConstructor="false" isStatic="false" isGetter="false" isSetter="true">
              <MetadataToken>100663305</MetadataToken>
              <Name>System.Void BibliotecaRosangela.Domain.Features.Loans.Loan::set_ClientName(System.String)</Name>
              <FileRef uid="15" />
              <SequencePoints />
              <BranchPoints />
            </Method>
            <Method skippedDueTo="AutoImplementedProperty" visited="false" cyclomaticComplexity="1" nPathComplexity="0" sequenceCoverage="0" branchCoverage="0" crapScore="0" isConstructor="false" isStatic="false" isGetter="true" isSetter="false">
              <MetadataToken>100663306</MetadataToken>
              <Name>BibliotecaRosangela.Domain.Features.Books.Book BibliotecaRosangela.Domain.Features.Loans.Loan::get_Book()</Name>
              <FileRef uid="15" />
              <SequencePoints />
              <BranchPoints />
            </Method>
            <Method skippedDueTo="AutoImplementedProperty" visited="false" cyclomaticComplexity="1" nPathComplexity="0" sequenceCoverage="0" branchCoverage="0" crapScore="0" isConstructor="false" isStatic="false" isGetter="false" isSetter="true">
              <MetadataToken>100663307</MetadataToken>
              <Name>System.Void BibliotecaRosangela.Domain.Features.Loans.Loan::set_Book(BibliotecaRosangela.Domain.Features.Books.Book)</Name>
              <FileRef uid="15" />
              <SequencePoints />
              <BranchPoints />
            </Method>
            <Method skippedDueTo="AutoImplementedProperty" visited="false" cyclomaticComplexity="1" nPathComplexity="0" sequenceCoverage="0" branchCoverage="0" crapScore="0" isConstructor="false" isStatic="false" isGetter="true" isSetter="false">
              <MetadataToken>100663308</MetadataToken>
              <Name>System.DateTime BibliotecaRosangela.Domain.Features.Loans.Loan::get_ReturnDate()</Name>
              <FileRef uid="15" />
              <SequencePoints />
              <BranchPoints />
            </Method>
            <Method skippedDueTo="AutoImplementedProperty" visited="false" cyclomaticComplexity="1" nPathComplexity="0" sequenceCoverage="0" branchCoverage="0" crapScore="0" isConstructor="false" isStatic="false" isGetter="false" isSetter="true">
              <MetadataToken>100663309</MetadataToken>
              <Name>System.Void BibliotecaRosangela.Domain.Features.Loans.Loan::set_ReturnDate(System.DateTime)</Name>
              <FileRef uid="15" />
              <SequencePoints />
              <BranchPoints />
            </Method>
            <Method visited="true" cyclomaticComplexity="5" nPathComplexity="16" sequenceCoverage="80" branchCoverage="77.78" crapScore="5.20" isConstructor="false" isStatic="false" isGetter="false" isSetter="false">
              <Summary numSequencePoints="10" visitedSequencePoints="8" numBranchPoints="9" visitedBranchPoints="7" sequenceCoverage="80" branchCoverage="77.78" maxCyclomaticComplexity="5" minCyclomaticComplexity="5" maxCrapScore="5.20" minCrapScore="5.20" visitedClasses="0" numClasses="0" visitedMethods="1" numMethods="1" />
              <MetadataToken>100663310</MetadataToken>
              <Name>System.Void BibliotecaRosangela.Domain.Features.Loans.Loan::Validate()</Name>
              <FileRef uid="15" />
              <SequencePoints>
                <SequencePoint vc="7" uspid="132" ordinal="0" offset="0" sl="19" sc="9" el="19" ec="10" bec="0" bev="0" fileid="15" />
                <SequencePoint vc="7" uspid="133" ordinal="1" offset="1" sl="20" sc="13" el="20" ec="50" bec="2" bev="2" fileid="15" />
                <SequencePoint vc="2" uspid="134" ordinal="2" offset="16" sl="21" sc="17" el="21" ec="64" bec="0" bev="0" fileid="15" />
                <SequencePoint vc="5" uspid="135" ordinal="3" offset="22" sl="23" sc="13" el="23" ec="39" bec="2" bev="1" fileid="15" />
                <SequencePoint vc="0" uspid="136" ordinal="4" offset="40" sl="24" sc="17" el="24" ec="72" bec="0" bev="0" fileid="15" />
                <SequencePoint vc="5" uspid="137" ordinal="5" offset="46" sl="26" sc="13" el="26" ec="56" bec="2" bev="1" fileid="15" />
                <SequencePoint vc="0" uspid="138" ordinal="6" offset="61" sl="27" sc="17" el="27" ec="63" bec="0" bev="0" fileid="15" />
                <SequencePoint vc="5" uspid="139" ordinal="7" offset="67" sl="29" sc="13" el="29" ec="45" bec="2" bev="2" fileid="15" />
                <SequencePoint vc="1" uspid="140" ordinal="8" offset="85" sl="30" sc="17" el="30" ec="58" bec="0" bev="0" fileid="15" />
                <SequencePoint vc="4" uspid="141" ordinal="9" offset="91" sl="31" sc="9" el="31" ec="10" bec="0" bev="0" fileid="15" />
              </SequencePoints>
              <BranchPoints>
                <BranchPoint vc="2" uspid="142" ordinal="0" offset="14" sl="20" path="0" offsetend="16" fileid="15" />
                <BranchPoint vc="5" uspid="143" ordinal="1" offset="14" sl="20" path="1" offsetend="22" fileid="15" />
                <BranchPoint vc="0" uspid="144" ordinal="2" offset="38" sl="23" path="0" offsetend="40" fileid="15" />
                <BranchPoint vc="5" uspid="145" ordinal="3" offset="38" sl="23" path="1" offsetend="46" fileid="15" />
                <BranchPoint vc="0" uspid="146" ordinal="4" offset="59" sl="26" path="0" offsetend="61" fileid="15" />
                <BranchPoint vc="5" uspid="147" ordinal="5" offset="59" sl="26" path="1" offsetend="67" fileid="15" />
                <BranchPoint vc="1" uspid="148" ordinal="6" offset="83" sl="29" path="0" offsetend="85" fileid="15" />
                <BranchPoint vc="4" uspid="149" ordinal="7" offset="83" sl="29" path="1" offsetend="91" fileid="15" />
              </BranchPoints>
              <MethodPoint xsi:type="SequencePoint" vc="7" uspid="132" ordinal="0" offset="0" sl="19" sc="9" el="19" ec="10" bec="0" bev="0" fileid="15" />
            </Method>
            <Method visited="false" cyclomaticComplexity="1" nPathComplexity="0" sequenceCoverage="0" branchCoverage="0" crapScore="2" isConstructor="true" isStatic="false" isGetter="false" isSetter="false">
              <Summary numSequencePoints="0" visitedSequencePoints="0" numBranchPoints="0" visitedBranchPoints="0" sequenceCoverage="0" branchCoverage="0" maxCyclomaticComplexity="1" minCyclomaticComplexity="1" maxCrapScore="2" minCrapScore="2" visitedClasses="0" numClasses="0" visitedMethods="0" numMethods="0" />
              <MetadataToken>100663311</MetadataToken>
              <Name>System.Void BibliotecaRosangela.Domain.Features.Loans.Loan::.ctor()</Name>
              <SequencePoints />
              <BranchPoints />
              <MethodPoint vc="0" uspid="150" ordinal="0" offset="0" />
            </Method>
          </Methods>
        </Class>
        <Class>
          <Summary numSequencePoints="14" visitedSequencePoints="13" numBranchPoints="13" visitedBranchPoints="12" sequenceCoverage="92.86" branchCoverage="92.31" maxCyclomaticComplexity="9" minCyclomaticComplexity="1" maxCrapScore="9.03" minCrapScore="2" visitedClasses="1" numClasses="1" visitedMethods="1" numMethods="1" />
          <FullName>BibliotecaRosangela.Domain.Features.Books.Book</FullName>
          <Methods>
            <Method skippedDueTo="AutoImplementedProperty" visited="false" cyclomaticComplexity="1" nPathComplexity="0" sequenceCoverage="0" branchCoverage="0" crapScore="0" isConstructor="false" isStatic="false" isGetter="true" isSetter="false">
              <MetadataToken>100663316</MetadataToken>
              <Name>System.Int32 BibliotecaRosangela.Domain.Features.Books.Book::get_Id()</Name>
              <FileRef uid="20" />
              <SequencePoints />
              <BranchPoints />
            </Method>
            <Method skippedDueTo="AutoImplementedProperty" visited="false" cyclomaticComplexity="1" nPathComplexity="0" sequenceCoverage="0" branchCoverage="0" crapScore="0" isConstructor="false" isStatic="false" isGetter="false" isSetter="true">
              <MetadataToken>100663317</MetadataToken>
              <Name>System.Void BibliotecaRosangela.Domain.Features.Books.Book::set_Id(System.Int32)</Name>
              <FileRef uid="20" />
              <SequencePoints />
              <BranchPoints />
            </Method>
            <Method skippedDueTo="AutoImplementedProperty" visited="false" cyclomaticComplexity="1" nPathComplexity="0" sequenceCoverage="0" branchCoverage="0" crapScore="0" isConstructor="false" isStatic="false" isGetter="true" isSetter="false">
              <MetadataToken>100663318</MetadataToken>
              <Name>System.String BibliotecaRosangela.Domain.Features.Books.Book::get_Title()</Name>
              <FileRef uid="20" />
              <SequencePoints />
              <BranchPoints />
            </Method>
            <Method skippedDueTo="AutoImplementedProperty" visited="false" cyclomaticComplexity="1" nPathComplexity="0" sequenceCoverage="0" branchCoverage="0" crapScore="0" isConstructor="false" isStatic="false" isGetter="false" isSetter="true">
              <MetadataToken>100663319</MetadataToken>
              <Name>System.Void BibliotecaRosangela.Domain.Features.Books.Book::set_Title(System.String)</Name>
              <FileRef uid="20" />
              <SequencePoints />
              <BranchPoints />
            </Method>
            <Method skippedDueTo="AutoImplementedProperty" visited="false" cyclomaticComplexity="1" nPathComplexity="0" sequenceCoverage="0" branchCoverage="0" crapScore="0" isConstructor="false" isStatic="false" isGetter="true" isSetter="false">
              <MetadataToken>100663320</MetadataToken>
              <Name>System.String BibliotecaRosangela.Domain.Features.Books.Book::get_Theme()</Name>
              <FileRef uid="20" />
              <SequencePoints />
              <BranchPoints />
            </Method>
            <Method skippedDueTo="AutoImplementedProperty" visited="false" cyclomaticComplexity="1" nPathComplexity="0" sequenceCoverage="0" branchCoverage="0" crapScore="0" isConstructor="false" isStatic="false" isGetter="false" isSetter="true">
              <MetadataToken>100663321</MetadataToken>
              <Name>System.Void BibliotecaRosangela.Domain.Features.Books.Book::set_Theme(System.String)</Name>
              <FileRef uid="20" />
              <SequencePoints />
              <BranchPoints />
            </Method>
            <Method skippedDueTo="AutoImplementedProperty" visited="false" cyclomaticComplexity="1" nPathComplexity="0" sequenceCoverage="0" branchCoverage="0" crapScore="0" isConstructor="false" isStatic="false" isGetter="true" isSetter="false">
              <MetadataToken>100663322</MetadataToken>
              <Name>System.String BibliotecaRosangela.Domain.Features.Books.Book::get_Author()</Name>
              <FileRef uid="20" />
              <SequencePoints />
              <BranchPoints />
            </Method>
            <Method skippedDueTo="AutoImplementedProperty" visited="false" cyclomaticComplexity="1" nPathComplexity="0" sequenceCoverage="0" branchCoverage="0" crapScore="0" isConstructor="false" isStatic="false" isGetter="false" isSetter="true">
              <MetadataToken>100663323</MetadataToken>
              <Name>System.Void BibliotecaRosangela.Domain.Features.Books.Book::set_Author(System.String)</Name>
              <FileRef uid="20" />
              <SequencePoints />
              <BranchPoints />
            </Method>
            <Method skippedDueTo="AutoImplementedProperty" visited="false" cyclomaticComplexity="1" nPathComplexity="0" sequenceCoverage="0" branchCoverage="0" crapScore="0" isConstructor="false" isStatic="false" isGetter="true" isSetter="false">
              <MetadataToken>100663324</MetadataToken>
              <Name>System.Int32 BibliotecaRosangela.Domain.Features.Books.Book::get_Volume()</Name>
              <FileRef uid="20" />
              <SequencePoints />
              <BranchPoints />
            </Method>
            <Method skippedDueTo="AutoImplementedProperty" visited="false" cyclomaticComplexity="1" nPathComplexity="0" sequenceCoverage="0" branchCoverage="0" crapScore="0" isConstructor="false" isStatic="false" isGetter="false" isSetter="true">
              <MetadataToken>100663325</MetadataToken>
              <Name>System.Void BibliotecaRosangela.Domain.Features.Books.Book::set_Volume(System.Int32)</Name>
              <FileRef uid="20" />
              <SequencePoints />
              <BranchPoints />
            </Method>
            <Method skippedDueTo="AutoImplementedProperty" visited="false" cyclomaticComplexity="1" nPathComplexity="0" sequenceCoverage="0" branchCoverage="0" crapScore="0" isConstructor="false" isStatic="false" isGetter="true" isSetter="false">
              <MetadataToken>100663326</MetadataToken>
              <Name>System.DateTime BibliotecaRosangela.Domain.Features.Books.Book::get_PublicationDate()</Name>
              <FileRef uid="20" />
              <SequencePoints />
              <BranchPoints />
            </Method>
            <Method skippedDueTo="AutoImplementedProperty" visited="false" cyclomaticComplexity="1" nPathComplexity="0" sequenceCoverage="0" branchCoverage="0" crapScore="0" isConstructor="false" isStatic="false" isGetter="false" isSetter="true">
              <MetadataToken>100663327</MetadataToken>
              <Name>System.Void BibliotecaRosangela.Domain.Features.Books.Book::set_PublicationDate(System.DateTime)</Name>
              <FileRef uid="20" />
              <SequencePoints />
              <BranchPoints />
            </Method>
            <Method skippedDueTo="AutoImplementedProperty" visited="false" cyclomaticComplexity="1" nPathComplexity="0" sequenceCoverage="0" branchCoverage="0" crapScore="0" isConstructor="false" isStatic="false" isGetter="true" isSetter="false">
              <MetadataToken>100663328</MetadataToken>
              <Name>System.Boolean BibliotecaRosangela.Domain.Features.Books.Book::get_Disponibility()</Name>
              <FileRef uid="20" />
              <SequencePoints />
              <BranchPoints />
            </Method>
            <Method skippedDueTo="AutoImplementedProperty" visited="false" cyclomaticComplexity="1" nPathComplexity="0" sequenceCoverage="0" branchCoverage="0" crapScore="0" isConstructor="false" isStatic="false" isGetter="false" isSetter="true">
              <MetadataToken>100663329</MetadataToken>
              <Name>System.Void BibliotecaRosangela.Domain.Features.Books.Book::set_Disponibility(System.Boolean)</Name>
              <FileRef uid="20" />
              <SequencePoints />
              <BranchPoints />
            </Method>
            <Method visited="true" cyclomaticComplexity="9" nPathComplexity="64" sequenceCoverage="92.86" branchCoverage="92.31" crapScore="9.03" isConstructor="false" isStatic="false" isGetter="false" isSetter="false">
              <Summary numSequencePoints="14" visitedSequencePoints="13" numBranchPoints="13" visitedBranchPoints="12" sequenceCoverage="92.86" branchCoverage="92.31" maxCyclomaticComplexity="9" minCyclomaticComplexity="9" maxCrapScore="9.03" minCrapScore="9.03" visitedClasses="0" numClasses="0" visitedMethods="1" numMethods="1" />
              <MetadataToken>100663330</MetadataToken>
              <Name>System.Void BibliotecaRosangela.Domain.Features.Books.Book::Validate()</Name>
              <FileRef uid="20" />
              <SequencePoints>
                <SequencePoint vc="12" uspid="151" ordinal="0" offset="0" sl="21" sc="9" el="21" ec="10" bec="0" bev="0" fileid="20" />
                <SequencePoint vc="12" uspid="152" ordinal="1" offset="1" sl="22" sc="13" el="22" ec="108" bec="2" bev="2" fileid="20" />
                <SequencePoint vc="2" uspid="153" ordinal="2" offset="45" sl="23" sc="17" el="23" ec="59" bec="0" bev="0" fileid="20" />
                <SequencePoint vc="10" uspid="154" ordinal="3" offset="51" sl="25" sc="13" el="25" ec="34" bec="2" bev="1" fileid="20" />
                <SequencePoint vc="0" uspid="155" ordinal="4" offset="69" sl="26" sc="17" el="26" ec="67" bec="0" bev="0" fileid="20" />
                <SequencePoint vc="10" uspid="156" ordinal="5" offset="75" sl="28" sc="13" el="28" ec="34" bec="2" bev="2" fileid="20" />
                <SequencePoint vc="2" uspid="157" ordinal="6" offset="93" sl="29" sc="17" el="29" ec="67" bec="0" bev="0" fileid="20" />
                <SequencePoint vc="8" uspid="158" ordinal="7" offset="99" sl="31" sc="13" el="31" ec="35" bec="2" bev="2" fileid="20" />
                <SequencePoint vc="1" uspid="159" ordinal="8" offset="117" sl="32" sc="17" el="32" ec="68" bec="0" bev="0" fileid="20" />
                <SequencePoint vc="7" uspid="160" ordinal="9" offset="123" sl="34" sc="13" el="34" ec="28" bec="2" bev="2" fileid="20" />
                <SequencePoint vc="1" uspid="161" ordinal="10" offset="138" sl="35" sc="17" el="35" ec="56" bec="0" bev="0" fileid="20" />
                <SequencePoint vc="6" uspid="162" ordinal="11" offset="144" sl="37" sc="13" el="37" ec="62" bec="2" bev="2" fileid="20" />
                <SequencePoint vc="2" uspid="163" ordinal="12" offset="164" sl="38" sc="17" el="38" ec="55" bec="0" bev="0" fileid="20" />
                <SequencePoint vc="4" uspid="164" ordinal="13" offset="170" sl="39" sc="9" el="39" ec="10" bec="0" bev="0" fileid="20" />
              </SequencePoints>
              <BranchPoints>
                <BranchPoint vc="2" uspid="169" ordinal="4" offset="43" sl="22" path="0" offsetend="45" fileid="20" />
                <BranchPoint vc="10" uspid="170" ordinal="5" offset="43" sl="22" path="1" offsetend="51" fileid="20" />
                <BranchPoint vc="0" uspid="171" ordinal="6" offset="67" sl="25" path="0" offsetend="69" fileid="20" />
                <BranchPoint vc="10" uspid="172" ordinal="7" offset="67" sl="25" path="1" offsetend="75" fileid="20" />
                <BranchPoint vc="2" uspid="173" ordinal="8" offset="91" sl="28" path="0" offsetend="93" fileid="20" />
                <BranchPoint vc="8" uspid="174" ordinal="9" offset="91" sl="28" path="1" offsetend="99" fileid="20" />
                <BranchPoint vc="1" uspid="175" ordinal="10" offset="115" sl="31" path="0" offsetend="117" fileid="20" />
                <BranchPoint vc="7" uspid="176" ordinal="11" offset="115" sl="31" path="1" offsetend="123" fileid="20" />
                <BranchPoint vc="1" uspid="177" ordinal="12" offset="136" sl="34" path="0" offsetend="138" fileid="20" />
                <BranchPoint vc="6" uspid="178" ordinal="13" offset="136" sl="34" path="1" offsetend="144" fileid="20" />
                <BranchPoint vc="2" uspid="179" ordinal="14" offset="162" sl="37" path="0" offsetend="164" fileid="20" />
                <BranchPoint vc="4" uspid="180" ordinal="15" offset="162" sl="37" path="1" offsetend="170" fileid="20" />
              </BranchPoints>
              <MethodPoint xsi:type="SequencePoint" vc="12" uspid="151" ordinal="0" offset="0" sl="21" sc="9" el="21" ec="10" bec="0" bev="0" fileid="20" />
            </Method>
            <Method visited="false" cyclomaticComplexity="1" nPathComplexity="0" sequenceCoverage="0" branchCoverage="0" crapScore="2" isConstructor="true" isStatic="false" isGetter="false" isSetter="false">
              <Summary numSequencePoints="0" visitedSequencePoints="0" numBranchPoints="0" visitedBranchPoints="0" sequenceCoverage="0" branchCoverage="0" maxCyclomaticComplexity="1" minCyclomaticComplexity="1" maxCrapScore="2" minCrapScore="2" visitedClasses="0" numClasses="0" visitedMethods="0" numMethods="0" />
              <MetadataToken>100663331</MetadataToken>
              <Name>System.Void BibliotecaRosangela.Domain.Features.Books.Book::.ctor()</Name>
              <SequencePoints />
              <BranchPoints />
              <MethodPoint vc="0" uspid="181" ordinal="0" offset="0" />
            </Method>
          </Methods>
        </Class>
      </Classes>
    </Module>
    <Module hash="00-8C-8D-FE-66-D3-D6-9E-40-FC-82-AF-1E-FD-05-ED-F8-E1-43-94">
      <Summary numSequencePoints="54" visitedSequencePoints="54" numBranchPoints="24" visitedBranchPoints="24" sequenceCoverage="100" branchCoverage="100" maxCyclomaticComplexity="2" minCyclomaticComplexity="1" maxCrapScore="2" minCrapScore="1" visitedClasses="2" numClasses="2" visitedMethods="12" numMethods="12" />
      <ModulePath>C:\Users\Isabel\Documents\Projetos\ndd-projetos-academiaprogramador2018\BibliotecaRosangela\BibliotecaRosangela.Integration.Tests\bin\Debug\BibliotecaRosangela.Application.dll</ModulePath>
      <ModuleTime>2018-05-23T23:28:53.3023243Z</ModuleTime>
      <ModuleName>BibliotecaRosangela.Application</ModuleName>
      <Files>
        <File uid="45" fullPath="C:\Users\Isabel\Documents\Projetos\ndd-projetos-academiaprogramador2018\BibliotecaRosangela\BibliotecaRosangela.Application\Features\Loans\LoanService.cs" />
        <File uid="46" fullPath="C:\Users\Isabel\Documents\Projetos\ndd-projetos-academiaprogramador2018\BibliotecaRosangela\BibliotecaRosangela.Application\Features\Books\BookService.cs" />
      </Files>
      <Classes>
        <Class>
          <Summary numSequencePoints="27" visitedSequencePoints="27" numBranchPoints="12" visitedBranchPoints="12" sequenceCoverage="100" branchCoverage="100" maxCyclomaticComplexity="2" minCyclomaticComplexity="1" maxCrapScore="2" minCrapScore="1" visitedClasses="1" numClasses="1" visitedMethods="6" numMethods="6" />
          <FullName>BibliotecaRosangela.Application.Features.Loans.LoanService</FullName>
          <Methods>
            <Method visited="true" cyclomaticComplexity="1" nPathComplexity="0" sequenceCoverage="100" branchCoverage="100" crapScore="1" isConstructor="true" isStatic="false" isGetter="false" isSetter="false">
              <Summary numSequencePoints="4" visitedSequencePoints="4" numBranchPoints="1" visitedBranchPoints="1" sequenceCoverage="100" branchCoverage="100" maxCyclomaticComplexity="1" minCyclomaticComplexity="1" maxCrapScore="1" minCrapScore="1" visitedClasses="0" numClasses="0" visitedMethods="1" numMethods="1" />
              <MetadataToken>100663302</MetadataToken>
              <Name>System.Void BibliotecaRosangela.Application.Features.Loans.LoanService::.ctor(BibliotecaRosangela.Domain.Features.Loans.ILoanRepository)</Name>
              <FileRef uid="45" />
              <SequencePoints>
                <SequencePoint vc="11" uspid="182" ordinal="0" offset="0" sl="15" sc="9" el="15" ec="55" bec="0" bev="0" fileid="45" />
                <SequencePoint vc="11" uspid="183" ordinal="1" offset="7" sl="16" sc="9" el="16" ec="10" bec="0" bev="0" fileid="45" />
                <SequencePoint vc="11" uspid="184" ordinal="2" offset="8" sl="17" sc="13" el="17" ec="38" bec="0" bev="0" fileid="45" />
                <SequencePoint vc="11" uspid="185" ordinal="3" offset="15" sl="18" sc="9" el="18" ec="10" bec="0" bev="0" fileid="45" />
              </SequencePoints>
              <BranchPoints />
              <MethodPoint xsi:type="SequencePoint" vc="11" uspid="182" ordinal="0" offset="0" sl="15" sc="9" el="15" ec="55" bec="0" bev="0" fileid="45" />
            </Method>
            <Method visited="true" cyclomaticComplexity="1" nPathComplexity="0" sequenceCoverage="100" branchCoverage="100" crapScore="1" isConstructor="false" isStatic="false" isGetter="false" isSetter="false">
              <Summary numSequencePoints="4" visitedSequencePoints="4" numBranchPoints="1" visitedBranchPoints="1" sequenceCoverage="100" branchCoverage="100" maxCyclomaticComplexity="1" minCyclomaticComplexity="1" maxCrapScore="1" minCrapScore="1" visitedClasses="0" numClasses="0" visitedMethods="1" numMethods="1" />
              <MetadataToken>100663303</MetadataToken>
[...]
              <FileRef uid="45" />
              <SequencePoints>
                <SequencePoint vc="5" uspid="198" ordinal="0" offset="0" sl="38" sc="9" el="38" ec="10" bec="0" bev="0" fileid="45" />
                <SequencePoint vc="5" uspid="199" ordinal="1" offset="1" sl="39" sc="13" el="39" ec="23" bec="2" bev="2" fileid="45" />
                <SequencePoint vc="1" uspid="200" ordinal="2" offset="10" sl="40" sc="17" el="40" ec="58" bec="0" bev="0" fileid="45" />
                <SequencePoint vc="4" uspid="201" ordinal="3" offset="16" sl="42" sc="13" el="42" ec="39" bec="0" bev="0" fileid="45" />
                <SequencePoint vc="4" uspid="202" ordinal="4" offset="32" sl="43" sc="9" el="43" ec="10" bec="0" bev="0" fileid="45" />
              </SequencePoints>
              <BranchPoints>
                <BranchPoint vc="1" uspid="203" ordinal="0" offset="8" sl="39" path="0" offsetend="10" fileid="45" />
                <BranchPoint vc="4" uspid="204" ordinal="1" offset="8" sl="39" path="1" offsetend="16" fileid="45" />
              </BranchPoints>
              <MethodPoint xsi:type="SequencePoint" vc="5" uspid="198" ordinal="0" offset="0" sl="38" sc="9" el="38" ec="10" bec="0" bev="0" fileid="45" />
            </Method>
            <Method visited="true" cyclomaticComplexity="1" nPathComplexity="0" sequenceCoverage="100" branchCoverage="100" crapScore="1" isConstructor="false" isStatic="false" isGetter="false" isSetter="false">
              <Summary numSequencePoints="3" visitedSequencePoints="3" numBranchPoints="1" visitedBranchPoints="1" sequenceCoverage="100" branchCoverage="100" maxCyclomaticComplexity="1" minCyclomaticComplexity="1" maxCrapScore="1" minCrapScore="1" visitedClasses="0" numClasses="0" visitedMethods="1" numMethods="1" />
              <MetadataToken>100663306</MetadataToken>
              <Name>System.Collections.Generic.IEnumerable`1&lt;BibliotecaRosangela.Domain.Features.Loans.Loan&gt; BibliotecaRosangela.Application.Features.Loans.LoanService::GetAll()</Name>
              <FileRef uid="45" />
              <SequencePoints>
                <SequencePoint vc="1" uspid="205" ordinal="0" offset="0" sl="46" sc="9" el="46" ec="10" bec="0" bev="0" fileid="45" />
                <SequencePoint vc="1" uspid="206" ordinal="1" offset="1" sl="47" sc="13" el="47" ec="41" bec="0" bev="0" fileid="45" />
                <SequencePoint vc="1" uspid="207" ordinal="2" offset="15" sl="48" sc="9" el="48" ec="10" bec="0" bev="0" fileid="45" />
              </SequencePoints>
              <BranchPoints />
              <MethodPoint xsi:type="SequencePoint" vc="1" uspid="205" ordinal="0" offset="0" sl="46" sc="9" el="46" ec="10" bec="0" bev="0" fileid="45" />
            </Method>
            <Method visited="true" cyclomaticComplexity="2" nPathComplexity="2" sequenceCoverage="100" branchCoverage="100" crapScore="2" isConstructor="false" isStatic="false" isGetter="false" isSetter="false">
              <Summary numSequencePoints="5" visitedSequencePoints="5" numBranchPoints="3" visitedBranchPoints="3" sequenceCoverage="100" branchCoverage="100" maxCyclomaticComplexity="2" minCyclomaticComplexity="2" maxCrapScore="2" minCrapScore="2" visitedClasses="0" numClasses="0" visitedMethods="1" numMethods="1" />
              <MetadataToken>100663307</MetadataToken>
              <Name>System.Void BibliotecaRosangela.Application.Features.Loans.LoanService::Delete(BibliotecaRosangela.Domain.Features.Loans.Loan)</Name>
              <FileRef uid="45" />
              <SequencePoints>
                <SequencePoint vc="2" uspid="208" ordinal="0" offset="0" sl="51" sc="9" el="51" ec="10" bec="0" bev="0" fileid="45" />
                <SequencePoint vc="2" uspid="209" ordinal="1" offset="1" sl="52" sc="13" el="52" ec="29" bec="2" bev="2" fileid="45" />
                <SequencePoint vc="1" uspid="210" ordinal="2" offset="14" sl="53" sc="17" el="53" ec="58" bec="0" bev="0" fileid="45" />
                <SequencePoint vc="1" uspid="211" ordinal="3" offset="20" sl="55" sc="13" el="55" ec="38" bec="0" bev="0" fileid="45" />
                <SequencePoint vc="1" uspid="212" ordinal="4" offset="33" sl="56" sc="9" el="56" ec="10" bec="0" bev="0" fileid="45" />
              </SequencePoints>
              <BranchPoints>
                <BranchPoint vc="1" uspid="213" ordinal="0" offset="12" sl="52" path="0" offsetend="14" fileid="45" />
                <BranchPoint vc="1" uspid="214" ordinal="1" offset="12" sl="52" path="1" offsetend="20" fileid="45" />
              </BranchPoints>
              <MethodPoint xsi:type="SequencePoint" vc="2" uspid="208" ordinal="0" offset="0" sl="51" sc="9" el="51" ec="10" bec="0" bev="0" fileid="45" />
            </Method>
          </Methods>
        </Class>
        <Class>
          <Summary numSequencePoints="27" visitedSequencePoints="27" numBranchPoints="12" visitedBranchPoints="12" sequenceCoverage="100" branchCoverage="100" maxCyclomaticComplexity="2" minCyclomaticComplexity="1" maxCrapScore="2" minCrapScore="1" visitedClasses="1" numClasses="1" visitedMethods="6" numMethods="6" />
          <FullName>BibliotecaRosangela.Application.Features.Books.BookService</FullName>
          <Methods>
            <Method visited="true" cyclomaticComplexity="1" nPathComplexity="0" sequenceCoverage="100" branchCoverage="100" crapScore="1" isConstructor="true" isStatic="false" isGetter="false" isSetter="false">
              <Summary numSequencePoints="4" visitedSequencePoints="4" numBranchPoints="1" visitedBranchPoints="1" sequenceCoverage="100" branchCoverage="100" maxCyclomaticComplexity="1" minCyclomaticComplexity="1" maxCrapScore="1" minCrapScore="1" visitedClasses="0" numClasses="0" visitedMethods="1" numMethods="1" />
              <MetadataToken>100663308</MetadataToken>
              <Name>System.Void BibliotecaRosangela.Application.Features.Books.BookService::.ctor(BibliotecaRosangela.Domain.Features.Books.IBookRepository)</Name>
              <FileRef uid="46" />
              <SequencePoints>
                <SequencePoint vc="16" uspid="215" ordinal="0" offset="0" sl="15" sc="9" el="15" ec="56" bec="0" bev="0" fileid="46" />
                <SequencePoint vc="16" uspid="216" ordinal="1" offset="7" sl="16" sc="9" el="16" ec="10" bec="0" bev="0" fileid="46" />
                <SequencePoint vc="16" uspid="217" ordinal="2" offset="8" sl="17" sc="13" el="17" ec="38" bec="0" bev="0" fileid="46" />
                <SequencePoint vc="16" uspid="218" ordinal="3" offset="15" sl="18" sc="9" el="18" ec="10" bec="0" bev="0" fileid="46" />
              </SequencePoints>
              <BranchPoints />
              <MethodPoint xsi:type="SequencePoint" vc="16" uspid="215" ordinal="0" offset="0" sl="15" sc="9" el="15" ec="56" bec="0" bev="0" fileid="46" />
            </Method>
            <Method visited="true" cyclomaticComplexity="1" nPathComplexity="0" sequenceCoverage="100" branchCoverage="100" crapScore="1" isConstructor="false" isStatic="false" isGetter="false" isSetter="false">
              <Summary numSequencePoints="4" visitedSequencePoints="4" numBranchPoints="1" visitedBranchPoints="1" sequenceCoverage="100" branchCoverage="100" maxCyclomaticComplexity="1" minCyclomaticComplexity="1" maxCrapScore="1" minCrapScore="1" visitedClasses="0" numClasses="0" visitedMethods="1" numMethods="1" />
              <MetadataToken>100663309</MetadataToken>
              <Name>BibliotecaRosangela.Domain.Features.Books.Book BibliotecaRosangela.Application.Features.Books.BookService::Add(BibliotecaRosangela.Domain.Features.Books.Book)</Name>
              <FileRef uid="46" />
              <SequencePoints>
                <SequencePoint vc="6" uspid="219" ordinal="0" offset="0" sl="21" sc="9" el="21" ec="10" bec="0" bev="0" fileid="46" />
                <SequencePoint vc="6" uspid="220" ordinal="1" offset="1" sl="22" sc="13" el="22" ec="29" bec="0" bev="0" fileid="46" />
                <SequencePoint vc="1" uspid="221" ordinal="2" offset="8" sl="24" sc="13" el="24" ec="43" bec="0" bev="0" fileid="46" />
                <SequencePoint vc="1" uspid="222" ordinal="3" offset="23" sl="25" sc="9" el="25" ec="10" bec="0" bev="0" fileid="46" />
              </SequencePoints>
              <BranchPoints />
              <MethodPoint xsi:type="SequencePoint" vc="6" uspid="219" ordinal="0" offset="0" sl="21" sc="9" el="21" ec="10" bec="0" bev="0" fileid="46" />
            </Method>
            <Method visited="true" cyclomaticComplexity="2" nPathComplexity="2" sequenceCoverage="100" branchCoverage="100" crapScore="2" isConstructor="false" isStatic="false" isGetter="false" isSetter="false">
              <Summary numSequencePoints="6" visitedSequencePoints="6" numBranchPoints="3" visitedBranchPoints="3" sequenceCoverage="100" branchCoverage="100" maxCyclomaticComplexity="2" minCyclomaticComplexity="2" maxCrapScore="2" minCrapScore="2" visitedClasses="0" numClasses="0" visitedMethods="1" numMethods="1" />
              <MetadataToken>100663310</MetadataToken>
              <Name>BibliotecaRosangela.Domain.Features.Books.Book BibliotecaRosangela.Application.Features.Books.BookService::Update(BibliotecaRosangela.Domain.Features.Books.Book)</Name>
              <FileRef uid="46" />
              <SequencePoints>
                <SequencePoint vc="5" uspid="223" ordinal="0" offset="0" sl="28" sc="9" el="28" ec="10" bec="0" bev="0" fileid="46" />
                <SequencePoint vc="5" uspid="224" ordinal="1" offset="1" sl="29" sc="13" el="29" ec="29" bec="2" bev="2" fileid="46" />
                <SequencePoint vc="1" uspid="225" ordinal="2" offset="14" sl="30" sc="17" el="30" ec="58" bec="0" bev="0" fileid="46" />
                <SequencePoint vc="4" uspid="226" ordinal="3" offset="20" sl="32" sc="13" el="32" ec="29" bec="0" bev="0" fileid="46" />
                <SequencePoint vc="1" uspid="227" ordinal="4" offset="27" sl="34" sc="13" el="34" ec="45" bec="0" bev="0" fileid="46" />
                <SequencePoint vc="1" uspid="228" ordinal="5" offset="42" sl="35" sc="9" el="35" ec="10" bec="0" bev="0" fileid="46" />
              </SequencePoints>
              <BranchPoints>
                <BranchPoint vc="1" uspid="229" ordinal="0" offset="12" sl="29" path="0" offsetend="14" fileid="46" />
                <BranchPoint vc="4" uspid="230" ordinal="1" offset="12" sl="29" path="1" offsetend="20" fileid="46" />
              </BranchPoints>
              <MethodPoint xsi:type="SequencePoint" vc="5" uspid="223" ordinal="0" offset="0" sl="28" sc="9" el="28" ec="10" bec="0" bev="0" fileid="46" />
            </Method>
            <Method visited="true" cyclomaticComplexity="2" nPathComplexity="2" sequenceCoverage="100" branchCoverage="100" crapScore="2" isConstructor="false" isStatic="false" isGetter="false" isSetter="false">
              <Summary numSequencePoints="5" visitedSequencePoints="5" numBranchPoints="3" visitedBranchPoints="3" sequenceCoverage="100" branchCoverage="100" maxCyclomaticComplexity="2" minCyclomaticComplexity="2" maxCrapScore="2" minCrapScore="2" visitedClasses="0" numClasses="0" visitedMethods="1" numMethods="1" />
              <MetadataToken>100663311</MetadataToken>
              <Name>BibliotecaRosangela.Domain.Features.Books.Book BibliotecaRosangela.Application.Features.Books.BookService::Get(System.Int64)</Name>
              <FileRef uid="46" />
              <SequencePoints>
                <SequencePoint vc="6" uspid="231" ordinal="0" offset="0" sl="38" sc="9" el="38" ec="10" bec="0" bev="0" fileid="46" />
                <SequencePoint vc="6" uspid="232" ordinal="1" offset="1" sl="39" sc="13" el="39" ec="23" bec="2" bev="2" fileid="46" />
                <SequencePoint vc="1" uspid="233" ordinal="2" offset="10" sl="40" sc="17" el="40" ec="58" bec="0" bev="0" fileid="46" />
                <SequencePoint vc="5" uspid="234" ordinal="3" offset="16" sl="42" sc="13" el="42" ec="40" bec="0" bev="0" fileid="46" />
                <SequencePoint vc="5" uspid="235" ordinal="4" offset="31" sl="43" sc="9" el="43" ec="10" bec="0" bev="0" fileid="46" />
              </SequencePoints>
              <BranchPoints>
                <BranchPoint vc="1" uspid="236" ordinal="0" offset="8" sl="39" path="0" offsetend="10" fileid="46" />
                <BranchPoint vc="5" uspid="237" ordinal="1" offset="8" sl="39" path="1" offsetend="16" fileid="46" />
              </BranchPoints>
              <MethodPoint xsi:type="SequencePoint" vc="6" uspid="231" ordinal="0" offset="0" sl="38" sc="9" el="38" ec="10" bec="0" bev="0" fileid="46" />
            </Method>
            <Method visited="true" cyclomaticComplexity="1" nPathComplexity="0" sequenceCoverage="100" branchCoverage="100" crapScore="1" isConstructor="false" isStatic="false" isGetter="false" isSetter="false">
              <Summary numSequencePoints="3" visitedSequencePoints="3" numBranchPoints="1" visitedBranchPoints="1" sequenceCoverage="100" branchCoverage="100" maxCyclomaticComplexity="1" minCyclomaticComplexity="1" maxCrapScore="1" minCrapScore="1" visitedClasses="0" numClasses="0" visitedMethods="1" numMethods="1" />
              <MetadataToken>100663312</MetadataToken>
              <Name>System.Collections.Generic.IEnumerable`1&lt;BibliotecaRosangela.Domain.Features.Books.Book&gt; BibliotecaRosangela.Application.Features.Books.BookService::GetAll()</Name>
              <FileRef uid="46" />
              <SequencePoints>
                <SequencePoint vc="3" uspid="238" ordinal="0" offset="0" sl="46" sc="9" el="46" ec="10" bec="0" bev="0" fileid="46" />
                <SequencePoint vc="3" uspid="239" ordinal="1" offset="1" sl="47" sc="13" el="47" ec="41" bec="0" bev="0" fileid="46" />
                <SequencePoint vc="3" uspid="240" ordinal="2" offset="15" sl="48" sc="9" el="48" ec="10" bec="0" bev="0" fileid="46" />
              </SequencePoints>
              <BranchPoints />
              <MethodPoint xsi:type="SequencePoint" vc="3" uspid="238" ordinal="0" offset="0" sl="46" sc="9" el="46" ec="10" bec="0" bev="0" fileid="46" />
            </Method>
            <Method visited="true" cyclomaticComplexity="2" nPathComplexity="2" sequenceCoverage="100" branchCoverage="100" crapScore="2" isConstructor="false" isStatic="false" isGetter="false" isSetter="false">
              <Summary numSequencePoints="5" visitedSequencePoints="5" numBranchPoints="3" visitedBranchPoints="3" sequenceCoverage="100" branchCoverage="100" maxCyclomaticComplexity="2" minCyclomaticComplexity="2" maxCrapScore="2" minCrapScore="2" visitedClasses="0" numClasses="0" visitedMethods="1" numMethods="1" />
              <MetadataToken>100663313</MetadataToken>
              <Name>System.Void BibliotecaRosangela.Application.Features.Books.BookService::Delete(BibliotecaRosangela.Domain.Features.Books.Book)</Name>
              <FileRef uid="46" />
              <SequencePoints>
                <SequencePoint vc="2" uspid="241" ordinal="0" offset="0" sl="51" sc="9" el="51" ec="10" bec="0" bev="0" fileid="46" />
                <SequencePoint vc="2" uspid="242" ordinal="1" offset="1" sl="52" sc="13" el="52" ec="29" bec="2" bev="2" fileid="46" />
                <SequencePoint vc="1" uspid="243" ordinal="2" offset="14" sl="53" sc="17" el="53" ec="58" bec="0" bev="0" fileid="46" />
                <SequencePoint vc="1" uspid="244" ordinal="3" offset="20" sl="55" sc="13" el="55" ec="38" bec="0" bev="0" fileid="46" />
                <SequencePoint vc="1" uspid="245" ordinal="4" offset="33" sl="56" sc="9" el="56" ec="10" bec="0" bev="0" fileid="46" />
              </SequencePoints>
              <BranchPoints>
                <BranchPoint vc="1" uspid="246" ordinal="0" offset="12" sl="52" path="0" offsetend="14" fileid="46" />
                <BranchPoint vc="1" uspid="247" ordinal="1" offset="12" sl="52" path="1" offsetend="20" fileid="46" />
              </BranchPoints>
              <MethodPoint xsi:type="SequencePoint" vc="2" uspid="241" ordinal="0" offset="0" sl="51" sc="9" el="51" ec="10" bec="0" bev="0" fileid="46" />
            </Method>
          </Methods>
        </Class>
      </Classes>
    </Module>
    <Module hash="4E-A3-D8-1B-00-92-F7-8E-73-33-30-3D-4A-0E-A0-F1-A8-36-D9-69">
      <Summary numSequencePoints="7" visitedSequencePoints="7" numBranchPoints="3" visitedBranchPoints="3" sequenceCoverage="100" branchCoverage="100" maxCyclomaticComplexity="2" minCyclomaticComplexity="2" maxCrapScore="2" minCrapScore="2" visitedClasses="1" numClasses="1" visitedMethods="1" numMethods="1" />
      <ModulePath>C:\Users\Isabel\Documents\Projetos\ndd-projetos-academiaprogramador2018\BibliotecaRosangela\BibliotecaRosangela.Integration.Tests\bin\Debug\BibliotecaRosangela.Infra.dll</ModulePath>
      <ModuleTime>2018-05-23T23:28:52.2175631Z</ModuleTime>
      <ModuleName>BibliotecaRosangela.Infra</ModuleName>
      <Files>
        <File uid="49" fullPath="C:\Users\Isabel\Documents\Projetos\ndd-projetos-academiaprogramador2018\BibliotecaRosangela\BibliotecaRosangela.Infra\DateHelper.cs" />
      </Files>
      <Classes>
        <Class>
          <Summary numSequencePoints="7" visitedSequencePoints="7" numBranchPoints="3" visitedBranchPoints="3" sequenceCoverage="100" branchCoverage="100" maxCyclomaticComplexity="2" minCyclomaticComplexity="2" maxCrapScore="2" minCrapScore="2" visitedClasses="1" numClasses="1" visitedMethods="1" numMethods="1" />
          <FullName>BibliotecaRosangela.Infra.DateHelper</FullName>
          <Methods>
            <Method visited="true" cyclomaticComplexity="2" nPathComplexity="2" sequenceCoverage="100" branchCoverage="100" crapScore="2" isConstructor="false" isStatic="true" isGetter="false" isSetter="false">
              <Summary numSequencePoints="7" visitedSequencePoints="7" numBranchPoints="3" visitedBranchPoints="3" sequenceCoverage="100" branchCoverage="100" maxCyclomaticComplexity="2" minCyclomaticComplexity="2" maxCrapScore="2" minCrapScore="2" visitedClasses="0" numClasses="0" visitedMethods="1" numMethods="1" />
              <MetadataToken>100663297</MetadataToken>
              <Name>System.Boolean BibliotecaRosangela.Infra.DateHelper::CompareDateSmallerCurrent(System.DateTime)</Name>
              <FileRef uid="49" />
              <SequencePoints>
                <SequencePoint vc="11" uspid="248" ordinal="0" offset="0" sl="12" sc="9" el="12" ec="10" bec="0" bev="0" fileid="49" />
                <SequencePoint vc="11" uspid="249" ordinal="1" offset="1" sl="13" sc="13" el="13" ec="61" bec="0" bev="0" fileid="49" />
                <SequencePoint vc="11" uspid="250" ordinal="2" offset="13" sl="14" sc="13" el="14" ec="29" bec="2" bev="2" fileid="49" />
                <SequencePoint vc="4" uspid="251" ordinal="3" offset="24" sl="15" sc="13" el="15" ec="14" bec="0" bev="0" fileid="49" />
                <SequencePoint vc="4" uspid="252" ordinal="4" offset="25" sl="16" sc="17" el="16" ec="29" bec="0" bev="0" fileid="49" />
                <SequencePoint vc="7" uspid="253" ordinal="5" offset="29" sl="19" sc="13" el="19" ec="26" bec="0" bev="0" fileid="49" />
                <SequencePoint vc="11" uspid="254" ordinal="6" offset="33" sl="20" sc="9" el="20" ec="10" bec="0" bev="0" fileid="49" />
              </SequencePoints>
              <BranchPoints>
                <BranchPoint vc="4" uspid="255" ordinal="0" offset="22" sl="14" path="0" offsetend="24" fileid="49" />
                <BranchPoint vc="7" uspid="256" ordinal="1" offset="22" sl="14" path="1" offsetend="29" fileid="49" />
              </BranchPoints>
              <MethodPoint xsi:type="SequencePoint" vc="11" uspid="248" ordinal="0" offset="0" sl="12" sc="9" el="12" ec="10" bec="0" bev="0" fileid="49" />
            </Method>
          </Methods>
        </Class>
      </Classes>
    </Module>
  </Modules>
</CoverageSession>