<?xml version="1.0" encoding="utf-8"?>
<CoverageSession xmlns:xsd="http://www.w3.org/2001/XMLSchema" xmlns:xsi="http://www.w3.org/2001/XMLSchema-instance" Version="4.6.0.0">
  <Summary numSequencePoints="281" visitedSequencePoints="273" numBranchPoints="113" visitedBranchPoints="104" sequenceCoverage="97.15" branchCoverage="92.04" maxCyclomaticComplexity="9" minCyclomaticComplexity="1" maxCrapScore="9" minCrapScore="1" visitedClasses="23" numClasses="24" visitedMethods="50" numMethods="51" />
  <Modules>
    <Module hash="EE-24-8D-93-CB-68-74-AD-17-85-0C-C6-99-BD-A5-97-6D-8D-97-C7">
      <Summary numSequencePoints="63" visitedSequencePoints="60" numBranchPoints="35" visitedBranchPoints="34" sequenceCoverage="95.24" branchCoverage="97.14" maxCyclomaticComplexity="9" minCyclomaticComplexity="1" maxCrapScore="9" minCrapScore="1" visitedClasses="14" numClasses="15" visitedMethods="14" numMethods="15" />
      <ModulePath>C:\Users\Isabel\Documents\Projetos\ndd-projetos-academiaprogramador2018\BibliotecaRosangela\BibliotecaRosangela.Application.Tests\bin\Debug\BibliotecaRosangela.Domain.dll</ModulePath>
      <ModuleTime>2018-05-23T12:41:35.8868952Z</ModuleTime>
      <ModuleName>BibliotecaRosangela.Domain</ModuleName>
      <Files>
        <File uid="1" fullPath="C:\Users\Isabel\Documents\Projetos\ndd-projetos-academiaprogramador2018\BibliotecaRosangela\BibliotecaRosangela.Domain\Features\Loans\Loan.cs" />
        <File uid="2" fullPath="C:\Users\Isabel\Documents\Projetos\ndd-projetos-academiaprogramador2018\BibliotecaRosangela\BibliotecaRosangela.Domain\Features\Loans\LoanBookUnavailableException.cs" />
        <File uid="3" fullPath="C:\Users\Isabel\Documents\Projetos\ndd-projetos-academiaprogramador2018\BibliotecaRosangela\BibliotecaRosangela.Domain\Features\Loans\LoanClienteNameNullOrEmptyException.cs" />
        <File uid="4" fullPath="C:\Users\Isabel\Documents\Projetos\ndd-projetos-academiaprogramador2018\BibliotecaRosangela\BibliotecaRosangela.Domain\Features\Loans\LoanClientNameLessThan3CharactersException.cs" />
        <File uid="5" fullPath="C:\Users\Isabel\Documents\Projetos\ndd-projetos-academiaprogramador2018\BibliotecaRosangela\BibliotecaRosangela.Domain\Features\Loans\LoanDateLowerThanCurrentException.cs" />
        <File uid="6" fullPath="C:\Users\Isabel\Documents\Projetos\ndd-projetos-academiaprogramador2018\BibliotecaRosangela\BibliotecaRosangela.Domain\Features\Books\Book.cs" />
        <File uid="7" fullPath="C:\Users\Isabel\Documents\Projetos\ndd-projetos-academiaprogramador2018\BibliotecaRosangela\BibliotecaRosangela.Domain\Features\Books\BookAuthorLessThan4CharactersException.cs" />
        <File uid="8" fullPath="C:\Users\Isabel\Documents\Projetos\ndd-projetos-academiaprogramador2018\BibliotecaRosangela\BibliotecaRosangela.Domain\Features\Books\BookDateOverFlowException.cs" />
        <File uid="9" fullPath="C:\Users\Isabel\Documents\Projetos\ndd-projetos-academiaprogramador2018\BibliotecaRosangela\BibliotecaRosangela.Domain\Features\Books\BookFieldNullOrEmptyException.cs" />
        <File uid="10" fullPath="C:\Users\Isabel\Documents\Projetos\ndd-projetos-academiaprogramador2018\BibliotecaRosangela\BibliotecaRosangela.Domain\Features\Books\BookInvalidVolumeException.cs" />
        <File uid="11" fullPath="C:\Users\Isabel\Documents\Projetos\ndd-projetos-academiaprogramador2018\BibliotecaRosangela\BibliotecaRosangela.Domain\Features\Books\BookThemeLessThan4CharactersException.cs" />
        <File uid="12" fullPath="C:\Users\Isabel\Documents\Projetos\ndd-projetos-academiaprogramador2018\BibliotecaRosangela\BibliotecaRosangela.Domain\Features\Books\BookTitleLessThan4CharactersException.cs" />
        <File uid="13" fullPath="C:\Users\Isabel\Documents\Projetos\ndd-projetos-academiaprogramador2018\BibliotecaRosangela\BibliotecaRosangela.Domain\Exceptions\BusinessException.cs" />
        <File uid="14" fullPath="C:\Users\Isabel\Documents\Projetos\ndd-projetos-academiaprogramador2018\BibliotecaRosangela\BibliotecaRosangela.Domain\Exceptions\IdentifierUndefinedException.cs" />
        <File uid="15" fullPath="C:\Users\Isabel\Documents\Projetos\ndd-projetos-academiaprogramador2018\BibliotecaRosangela\BibliotecaRosangela.Domain\Exceptions\UnsupportedOperationException.cs" />
      </Files>
      <Classes>
        <Class>
          <Summary numSequencePoints="10" visitedSequencePoints="10" numBranchPoints="9" visitedBranchPoints="9" sequenceCoverage="100" branchCoverage="100" maxCyclomaticComplexity="5" minCyclomaticComplexity="1" maxCrapScore="5" minCrapScore="2" visitedClasses="1" numClasses="1" visitedMethods="1" numMethods="1" />
          <FullName>BibliotecaRosangela.Domain.Features.Loans.Loan</FullName>
          <Methods>
            <Method skippedDueTo="AutoImplementedProperty" visited="false" cyclomaticComplexity="1" nPathComplexity="0" sequenceCoverage="0" branchCoverage="0" crapScore="0" isConstructor="false" isStatic="false" isGetter="true" isSetter="false">
              <MetadataToken>100663302</MetadataToken>
              <Name>System.Int32 BibliotecaRosangela.Domain.Features.Loans.Loan::get_Id()</Name>
              <FileRef uid="1" />
              <SequencePoints />
              <BranchPoints />
            </Method>
            <Method skippedDueTo="AutoImplementedProperty" visited="false" cyclomaticComplexity="1" nPathComplexity="0" sequenceCoverage="0" branchCoverage="0" crapScore="0" isConstructor="false" isStatic="false" isGetter="false" isSetter="true">
              <MetadataToken>100663303</MetadataToken>
              <Name>System.Void BibliotecaRosangela.Domain.Features.Loans.Loan::set_Id(System.Int32)</Name>
              <FileRef uid="1" />
              <SequencePoints />
              <BranchPoints />
            </Method>
            <Method skippedDueTo="AutoImplementedProperty" visited="false" cyclomaticComplexity="1" nPathComplexity="0" sequenceCoverage="0" branchCoverage="0" crapScore="0" isConstructor="false" isStatic="false" isGetter="true" isSetter="false">
              <MetadataToken>100663304</MetadataToken>
              <Name>System.String BibliotecaRosangela.Domain.Features.Loans.Loan::get_ClientName()</Name>
              <FileRef uid="1" />
              <SequencePoints />
              <BranchPoints />
            </Method>
            <Method skippedDueTo="AutoImplementedProperty" visited="false" cyclomaticComplexity="1" nPathComplexity="0" sequenceCoverage="0" branchCoverage="0" crapScore="0" isConstructor="false" isStatic="false" isGetter="false" isSetter="true">
              <MetadataToken>100663305</MetadataToken>
              <Name>System.Void BibliotecaRosangela.Domain.Features.Loans.Loan::set_ClientName(System.String)</Name>
              <FileRef uid="1" />
              <SequencePoints />
              <BranchPoints />
            </Method>
            <Method skippedDueTo="AutoImplementedProperty" visited="false" cyclomaticComplexity="1" nPathComplexity="0" sequenceCoverage="0" branchCoverage="0" crapScore="0" isConstructor="false" isStatic="false" isGetter="true" isSetter="false">
              <MetadataToken>100663306</MetadataToken>
              <Name>BibliotecaRosangela.Domain.Features.Books.Book BibliotecaRosangela.Domain.Features.Loans.Loan::get_Book()</Name>
              <FileRef uid="1" />
              <SequencePoints />
              <BranchPoints />
            </Method>
            <Method skippedDueTo="AutoImplementedProperty" visited="false" cyclomaticComplexity="1" nPathComplexity="0" sequenceCoverage="0" branchCoverage="0" crapScore="0" isConstructor="false" isStatic="false" isGetter="false" isSetter="true">
              <MetadataToken>100663307</MetadataToken>
              <Name>System.Void BibliotecaRosangela.Domain.Features.Loans.Loan::set_Book(BibliotecaRosangela.Domain.Features.Books.Book)</Name>
              <FileRef uid="1" />
              <SequencePoints />
              <BranchPoints />
            </Method>
            <Method skippedDueTo="AutoImplementedProperty" visited="false" cyclomaticComplexity="1" nPathComplexity="0" sequenceCoverage="0" branchCoverage="0" crapScore="0" isConstructor="false" isStatic="false" isGetter="true" isSetter="false">
              <MetadataToken>100663308</MetadataToken>
              <Name>System.DateTime BibliotecaRosangela.Domain.Features.Loans.Loan::get_ReturnDate()</Name>
              <FileRef uid="1" />
              <SequencePoints />
              <BranchPoints />
            </Method>
            <Method skippedDueTo="AutoImplementedProperty" visited="false" cyclomaticComplexity="1" nPathComplexity="0" sequenceCoverage="0" branchCoverage="0" crapScore="0" isConstructor="false" isStatic="false" isGetter="false" isSetter="true">
              <MetadataToken>100663309</MetadataToken>
              <Name>System.Void BibliotecaRosangela.Domain.Features.Loans.Loan::set_ReturnDate(System.DateTime)</Name>
              <FileRef uid="1" />
              <SequencePoints />
              <BranchPoints />
            </Method>
            <Method visited="true" cyclomaticComplexity="5" nPathComplexity="16" sequenceCoverage="100" branchCoverage="100" crapScore="5" isConstructor="false" isStatic="false" isGetter="false" isSetter="false">
              <Summary numSequencePoints="10" visitedSequencePoints="10" numBranchPoints="9" visitedBranchPoints="9" sequenceCoverage="100" branchCoverage="100" maxCyclomaticComplexity="5" minCyclomaticComplexity="5" maxCrapScore="5" minCrapScore="5" visitedClasses="0" numClasses="0" visitedMethods="1" numMethods="1" />
              <MetadataToken>100663310</MetadataToken>
              <Name>System.Void BibliotecaRosangela.Domain.Features.Loans.Loan::Validate()</Name>
              <FileRef uid="1" />
              <SequencePoints>
                <SequencePoint vc="9" uspid="1" ordinal="0" offset="0" sl="19" sc="9" el="19" ec="10" bec="0" bev="0" fileid="1" />
                <SequencePoint vc="9" uspid="2" ordinal="1" offset="1" sl="20" sc="13" el="20" ec="50" bec="2" bev="2" fileid="1" />
                <SequencePoint vc="3" uspid="3" ordinal="2" offset="16" sl="21" sc="17" el="21" ec="65" bec="0" bev="0" fileid="1" />
                <SequencePoint vc="6" uspid="4" ordinal="3" offset="22" sl="23" sc="13" el="23" ec="39" bec="2" bev="2" fileid="1" />
                <SequencePoint vc="1" uspid="5" ordinal="4" offset="40" sl="24" sc="17" el="24" ec="72" bec="0" bev="0" fileid="1" />
                <SequencePoint vc="5" uspid="6" ordinal="5" offset="46" sl="26" sc="13" el="26" ec="56" bec="2" bev="2" fileid="1" />
                <SequencePoint vc="1" uspid="7" ordinal="6" offset="61" sl="27" sc="17" el="27" ec="63" bec="0" bev="0" fileid="1" />
                <SequencePoint vc="4" uspid="8" ordinal="7" offset="67" sl="29" sc="13" el="29" ec="45" bec="2" bev="2" fileid="1" />
                <SequencePoint vc="1" uspid="9" ordinal="8" offset="85" sl="30" sc="17" el="30" ec="58" bec="0" bev="0" fileid="1" />
                <SequencePoint vc="3" uspid="10" ordinal="9" offset="91" sl="31" sc="9" el="31" ec="10" bec="0" bev="0" fileid="1" />
              </SequencePoints>
              <BranchPoints>
                <BranchPoint vc="3" uspid="11" ordinal="0" offset="14" sl="20" path="0" offsetend="16" fileid="1" />
                <BranchPoint vc="6" uspid="12" ordinal="1" offset="14" sl="20" path="1" offsetend="22" fileid="1" />
                <BranchPoint vc="1" uspid="13" ordinal="2" offset="38" sl="23" path="0" offsetend="40" fileid="1" />
                <BranchPoint vc="5" uspid="14" ordinal="3" offset="38" sl="23" path="1" offsetend="46" fileid="1" />
                <BranchPoint vc="1" uspid="15" ordinal="4" offset="59" sl="26" path="0" offsetend="61" fileid="1" />
                <BranchPoint vc="4" uspid="16" ordinal="5" offset="59" sl="26" path="1" offsetend="67" fileid="1" />
                <BranchPoint vc="1" uspid="17" ordinal="6" offset="83" sl="29" path="0" offsetend="85" fileid="1" />
                <BranchPoint vc="3" uspid="18" ordinal="7" offset="83" sl="29" path="1" offsetend="91" fileid="1" />
              </BranchPoints>
              <MethodPoint xsi:type="SequencePoint" vc="9" uspid="1" ordinal="0" offset="0" sl="19" sc="9" el="19" ec="10" bec="0" bev="0" fileid="1" />
            </Method>
            <Method visited="false" cyclomaticComplexity="1" nPathComplexity="0" sequenceCoverage="0" branchCoverage="0" crapScore="2" isConstructor="true" isStatic="false" isGetter="false" isSetter="false">
              <Summary numSequencePoints="0" visitedSequencePoints="0" numBranchPoints="0" visitedBranchPoints="0" sequenceCoverage="0" branchCoverage="0" maxCyclomaticComplexity="1" minCyclomaticComplexity="1" maxCrapScore="2" minCrapScore="2" visitedClasses="0" numClasses="0" visitedMethods="0" numMethods="0" />
              <MetadataToken>100663311</MetadataToken>
              <Name>System.Void BibliotecaRosangela.Domain.Features.Loans.Loan::.ctor()</Name>
              <SequencePoints />
              <BranchPoints />
              <MethodPoint vc="0" uspid="19" ordinal="0" offset="0" />
            </Method>
          </Methods>
        </Class>
        <Class>
          <Summary numSequencePoints="3" visitedSequencePoints="3" numBranchPoints="1" visitedBranchPoints="1" sequenceCoverage="100" branchCoverage="100" maxCyclomaticComplexity="1" minCyclomaticComplexity="1" maxCrapScore="1" minCrapScore="1" visitedClasses="1" numClasses="1" visitedMethods="1" numMethods="1" />
          <FullName>BibliotecaRosangela.Domain.Features.Loans.LoanBookUnavailableException</FullName>
          <Methods>
            <Method visited="true" cyclomaticComplexity="1" nPathComplexity="0" sequenceCoverage="100" branchCoverage="100" crapScore="1" isConstructor="true" isStatic="false" isGetter="false" isSetter="false">
              <Summary numSequencePoints="3" visitedSequencePoints="3" numBranchPoints="1" visitedBranchPoints="1" sequenceCoverage="100" branchCoverage="100" maxCyclomaticComplexity="1" minCyclomaticComplexity="1" maxCrapScore="1" minCrapScore="1" visitedClasses="0" numClasses="0" visitedMethods="1" numMethods="1" />
              <MetadataToken>100663312</MetadataToken>
              <Name>System.Void BibliotecaRosangela.Domain.Features.Loans.LoanBookUnavailableException::.ctor()</Name>
              <FileRef uid="2" />
              <SequencePoints>
                <SequencePoint vc="1" uspid="20" ordinal="0" offset="0" sl="12" sc="49" el="12" ec="103" bec="0" bev="0" fileid="2" />
                <SequencePoint vc="1" uspid="21" ordinal="1" offset="12" sl="13" sc="9" el="13" ec="10" bec="0" bev="0" fileid="2" />
                <SequencePoint vc="1" uspid="22" ordinal="2" offset="13" sl="15" sc="9" el="15" ec="10" bec="0" bev="0" fileid="2" />
              </SequencePoints>
              <BranchPoints />
              <MethodPoint xsi:type="SequencePoint" vc="1" uspid="20" ordinal="0" offset="0" sl="12" sc="49" el="12" ec="103" bec="0" bev="0" fileid="2" />
            </Method>
          </Methods>
        </Class>
        <Class>
          <Summary numSequencePoints="3" visitedSequencePoints="3" numBranchPoints="1" visitedBranchPoints="1" sequenceCoverage="100" branchCoverage="100" maxCyclomaticComplexity="1" minCyclomaticComplexity="1" maxCrapScore="1" minCrapScore="1" visitedClasses="1" numClasses="1" visitedMethods="1" numMethods="1" />
          <FullName>BibliotecaRosangela.Domain.Features.Loans.LoanClienteNameNullOrEmptyException</FullName>
          <Methods>
            <Method visited="true" cyclomaticComplexity="1" nPathComplexity="0" sequenceCoverage="100" branchCoverage="100" crapScore="1" isConstructor="true" isStatic="false" isGetter="false" isSetter="false">
              <Summary numSequencePoints="3" visitedSequencePoints="3" numBranchPoints="1" visitedBranchPoints="1" sequenceCoverage="100" branchCoverage="100" maxCyclomaticComplexity="1" minCyclomaticComplexity="1" maxCrapScore="1" minCrapScore="1" visitedClasses="0" numClasses="0" visitedMethods="1" numMethods="1" />
              <MetadataToken>100663313</MetadataToken>
              <Name>System.Void BibliotecaRosangela.Domain.Features.Loans.LoanClienteNameNullOrEmptyException::.ctor()</Name>
              <FileRef uid="3" />
              <SequencePoints>
                <SequencePoint vc="3" uspid="23" ordinal="0" offset="0" sl="12" sc="56" el="12" ec="109" bec="0" bev="0" fileid="3" />
                <SequencePoint vc="3" uspid="24" ordinal="1" offset="12" sl="13" sc="9" el="13" ec="10" bec="0" bev="0" fileid="3" />
                <SequencePoint vc="3" uspid="25" ordinal="2" offset="13" sl="15" sc="9" el="15" ec="10" bec="0" bev="0" fileid="3" />
              </SequencePoints>
              <BranchPoints />
              <MethodPoint xsi:type="SequencePoint" vc="3" uspid="23" ordinal="0" offset="0" sl="12" sc="56" el="12" ec="109" bec="0" bev="0" fileid="3" />
            </Method>
          </Methods>
        </Class>
        <Class>
          <Summary numSequencePoints="3" visitedSequencePoints="3" numBranchPoints="1" visitedBranchPoints="1" sequenceCoverage="100" branchCoverage="100" maxCyclomaticComplexity="1" minCyclomaticComplexity="1" maxCrapScore="1" minCrapScore="1" visitedClasses="1" numClasses="1" visitedMethods="1" numMethods="1" />
          <FullName>BibliotecaRosangela.Domain.Features.Loans.LoanClientNameLessThan3CharactersException</FullName>
          <Methods>
            <Method visited="true" cyclomaticComplexity="1" nPathComplexity="0" sequenceCoverage="100" branchCoverage="100" crapScore="1" isConstructor="true" isStatic="false" isGetter="false" isSetter="false">
              <Summary numSequencePoints="3" visitedSequencePoints="3" numBranchPoints="1" visitedBranchPoints="1" sequenceCoverage="100" branchCoverage="100" maxCyclomaticComplexity="1" minCyclomaticComplexity="1" maxCrapScore="1" minCrapScore="1" visitedClasses="0" numClasses="0" visitedMethods="1" numMethods="1" />
              <MetadataToken>100663314</MetadataToken>
              <Name>System.Void BibliotecaRosangela.Domain.Features.Loans.LoanClientNameLessThan3CharactersException::.ctor()</Name>
              <FileRef uid="4" />
              <SequencePoints>
                <SequencePoint vc="1" uspid="26" ordinal="0" offset="0" sl="12" sc="63" el="12" ec="119" bec="0" bev="0" fileid="4" />
                <SequencePoint vc="1" uspid="27" ordinal="1" offset="12" sl="13" sc="9" el="13" ec="10" bec="0" bev="0" fileid="4" />
                <SequencePoint vc="1" uspid="28" ordinal="2" offset="13" sl="15" sc="9" el="15" ec="10" bec="0" bev="0" fileid="4" />
              </SequencePoints>
              <BranchPoints />
              <MethodPoint xsi:type="SequencePoint" vc="1" uspid="26" ordinal="0" offset="0" sl="12" sc="63" el="12" ec="119" bec="0" bev="0" fileid="4" />
            </Method>
          </Methods>
        </Class>
        <Class>
          <Summary numSequencePoints="3" visitedSequencePoints="3" numBranchPoints="1" visitedBranchPoints="1" sequenceCoverage="100" branchCoverage="100" maxCyclomaticComplexity="1" minCyclomaticComplexity="1" maxCrapScore="1" minCrapScore="1" visitedClasses="1" numClasses="1" visitedMethods="1" numMethods="1" />
          <FullName>BibliotecaRosangela.Domain.Features.Loans.LoanDateLowerThanCurrentException</FullName>
          <Methods>
            <Method visited="true" cyclomaticComplexity="1" nPathComplexity="0" sequenceCoverage="100" branchCoverage="100" crapScore="1" isConstructor="true" isStatic="false" isGetter="false" isSetter="false">
              <Summary numSequencePoints="3" visitedSequencePoints="3" numBranchPoints="1" visitedBranchPoints="1" sequenceCoverage="100" branchCoverage="100" maxCyclomaticComplexity="1" minCyclomaticComplexity="1" maxCrapScore="1" minCrapScore="1" visitedClasses="0" numClasses="0" visitedMethods="1" numMethods="1" />
              <MetadataToken>100663315</MetadataToken>
              <Name>System.Void BibliotecaRosangela.Domain.Features.Loans.LoanDateLowerThanCurrentException::.ctor()</Name>
              <FileRef uid="5" />
              <SequencePoints>
                <SequencePoint vc="1" uspid="29" ordinal="0" offset="0" sl="12" sc="54" el="12" ec="107" bec="0" bev="0" fileid="5" />
                <SequencePoint vc="1" uspid="30" ordinal="1" offset="12" sl="13" sc="9" el="13" ec="10" bec="0" bev="0" fileid="5" />
                <SequencePoint vc="1" uspid="31" ordinal="2" offset="13" sl="15" sc="9" el="15" ec="10" bec="0" bev="0" fileid="5" />
              </SequencePoints>
              <BranchPoints />
              <MethodPoint xsi:type="SequencePoint" vc="1" uspid="29" ordinal="0" offset="0" sl="12" sc="54" el="12" ec="107" bec="0" bev="0" fileid="5" />
            </Method>
          </Methods>
        </Class>
        <Class>
          <Summary numSequencePoints="14" visitedSequencePoints="14" numBranchPoints="13" visitedBranchPoints="13" sequenceCoverage="100" branchCoverage="100" maxCyclomaticComplexity="9" minCyclomaticComplexity="1" maxCrapScore="9" minCrapScore="2" visitedClasses="1" numClasses="1" visitedMethods="1" numMethods="1" />
          <FullName>BibliotecaRosangela.Domain.Features.Books.Book</FullName>
          <Methods>
            <Method skippedDueTo="AutoImplementedProperty" visited="false" cyclomaticComplexity="1" nPathComplexity="0" sequenceCoverage="0" branchCoverage="0" crapScore="0" isConstructor="false" isStatic="false" isGetter="true" isSetter="false">
              <MetadataToken>100663316</MetadataToken>
              <Name>System.Int32 BibliotecaRosangela.Domain.Features.Books.Book::get_Id()</Name>
              <FileRef uid="6" />
              <SequencePoints />
              <BranchPoints />
            </Method>
            <Method skippedDueTo="AutoImplementedProperty" visited="false" cyclomaticComplexity="1" nPathComplexity="0" sequenceCoverage="0" branchCoverage="0" crapScore="0" isConstructor="false" isStatic="false" isGetter="false" isSetter="true">
              <MetadataToken>100663317</MetadataToken>
              <Name>System.Void BibliotecaRosangela.Domain.Features.Books.Book::set_Id(System.Int32)</Name>
              <FileRef uid="6" />
              <SequencePoints />
              <BranchPoints />
            </Method>
            <Method skippedDueTo="AutoImplementedProperty" visited="false" cyclomaticComplexity="1" nPathComplexity="0" sequenceCoverage="0" branchCoverage="0" crapScore="0" isConstructor="false" isStatic="false" isGetter="true" isSetter="false">
              <MetadataToken>100663318</MetadataToken>
              <Name>System.String BibliotecaRosangela.Domain.Features.Books.Book::get_Title()</Name>
              <FileRef uid="6" />
              <SequencePoints />
              <BranchPoints />
            </Method>
            <Method skippedDueTo="AutoImplementedProperty" visited="false" cyclomaticComplexity="1" nPathComplexity="0" sequenceCoverage="0" branchCoverage="0" crapScore="0" isConstructor="false" isStatic="false" isGetter="false" isSetter="true">
              <MetadataToken>100663319</MetadataToken>
              <Name>System.Void BibliotecaRosangela.Domain.Features.Books.Book::set_Title(System.String)</Name>
              <FileRef uid="6" />
              <SequencePoints />
              <BranchPoints />
            </Method>
            <Method skippedDueTo="AutoImplementedProperty" visited="false" cyclomaticComplexity="1" nPathComplexity="0" sequenceCoverage="0" branchCoverage="0" crapScore="0" isConstructor="false" isStatic="false" isGetter="true" isSetter="false">
              <MetadataToken>100663320</MetadataToken>
              <Name>System.String BibliotecaRosangela.Domain.Features.Books.Book::get_Theme()</Name>
              <FileRef uid="6" />
              <SequencePoints />
              <BranchPoints />
            </Method>
            <Method skippedDueTo="AutoImplementedProperty" visited="false" cyclomaticComplexity="1" nPathComplexity="0" sequenceCoverage="0" branchCoverage="0" crapScore="0" isConstructor="false" isStatic="false" isGetter="false" isSetter="true">
              <MetadataToken>100663321</MetadataToken>
              <Name>System.Void BibliotecaRosangela.Domain.Features.Books.Book::set_Theme(System.String)</Name>
              <FileRef uid="6" />
              <SequencePoints />
              <BranchPoints />
            </Method>
            <Method skippedDueTo="AutoImplementedProperty" visited="false" cyclomaticComplexity="1" nPathComplexity="0" sequenceCoverage="0" branchCoverage="0" crapScore="0" isConstructor="false" isStatic="false" isGetter="true" isSetter="false">
              <MetadataToken>100663322</MetadataToken>
              <Name>System.String BibliotecaRosangela.Domain.Features.Books.Book::get_Author()</Name>
              <FileRef uid="6" />
              <SequencePoints />
              <BranchPoints />
            </Method>
            <Method skippedDueTo="AutoImplementedProperty" visited="false" cyclomaticComplexity="1" nPathComplexity="0" sequenceCoverage="0" branchCoverage="0" crapScore="0" isConstructor="false" isStatic="false" isGetter="false" isSetter="true">
              <MetadataToken>100663323</MetadataToken>
              <Name>System.Void BibliotecaRosangela.Domain.Features.Books.Book::set_Author(System.String)</Name>
              <FileRef uid="6" />
              <SequencePoints />
              <BranchPoints />
            </Method>
            <Method skippedDueTo="AutoImplementedProperty" visited="false" cyclomaticComplexity="1" nPathComplexity="0" sequenceCoverage="0" branchCoverage="0" crapScore="0" isConstructor="false" isStatic="false" isGetter="true" isSetter="false">
              <MetadataToken>100663324</MetadataToken>
              <Name>System.Int32 BibliotecaRosangela.Domain.Features.Books.Book::get_Volume()</Name>
              <FileRef uid="6" />
              <SequencePoints />
              <BranchPoints />
            </Method>
            <Method skippedDueTo="AutoImplementedProperty" visited="false" cyclomaticComplexity="1" nPathComplexity="0" sequenceCoverage="0" branchCoverage="0" crapScore="0" isConstructor="false" isStatic="false" isGetter="false" isSetter="true">
              <MetadataToken>100663325</MetadataToken>
              <Name>System.Void BibliotecaRosangela.Domain.Features.Books.Book::set_Volume(System.Int32)</Name>
              <FileRef uid="6" />
              <SequencePoints />
              <BranchPoints />
            </Method>
            <Method skippedDueTo="AutoImplementedProperty" visited="false" cyclomaticComplexity="1" nPathComplexity="0" sequenceCoverage="0" branchCoverage="0" crapScore="0" isConstructor="false" isStatic="false" isGetter="true" isSetter="false">
              <MetadataToken>100663326</MetadataToken>
              <Name>System.DateTime BibliotecaRosangela.Domain.Features.Books.Book::get_PublicationDate()</Name>
              <FileRef uid="6" />
              <SequencePoints />
              <BranchPoints />
            </Method>
            <Method skippedDueTo="AutoImplementedProperty" visited="false" cyclomaticComplexity="1" nPathComplexity="0" sequenceCoverage="0" branchCoverage="0" crapScore="0" isConstructor="false" isStatic="false" isGetter="false" isSetter="true">
              <MetadataToken>100663327</MetadataToken>
              <Name>System.Void BibliotecaRosangela.Domain.Features.Books.Book::set_PublicationDate(System.DateTime)</Name>
              <FileRef uid="6" />
              <SequencePoints />
              <BranchPoints />
            </Method>
            <Method skippedDueTo="AutoImplementedProperty" visited="false" cyclomaticComplexity="1" nPathComplexity="0" sequenceCoverage="0" branchCoverage="0" crapScore="0" isConstructor="false" isStatic="false" isGetter="true" isSetter="false">
              <MetadataToken>100663328</MetadataToken>
              <Name>System.Boolean BibliotecaRosangela.Domain.Features.Books.Book::get_Disponibility()</Name>
              <FileRef uid="6" />
              <SequencePoints />
              <BranchPoints />
            </Method>
            <Method skippedDueTo="AutoImplementedProperty" visited="false" cyclomaticComplexity="1" nPathComplexity="0" sequenceCoverage="0" branchCoverage="0" crapScore="0" isConstructor="false" isStatic="false" isGetter="false" isSetter="true">
              <MetadataToken>100663329</MetadataToken>
              <Name>System.Void BibliotecaRosangela.Domain.Features.Books.Book::set_Disponibility(System.Boolean)</Name>
              <FileRef uid="6" />
              <SequencePoints />
              <BranchPoints />
            </Method>
            <Method visited="true" cyclomaticComplexity="9" nPathComplexity="64" sequenceCoverage="100" branchCoverage="100" crapScore="9" isConstructor="false" isStatic="false" isGetter="false" isSetter="false">
              <Summary numSequencePoints="14" visitedSequencePoints="14" numBranchPoints="13" visitedBranchPoints="13" sequenceCoverage="100" branchCoverage="100" maxCyclomaticComplexity="9" minCyclomaticComplexity="9" maxCrapScore="9" minCrapScore="9" visitedClasses="0" numClasses="0" visitedMethods="1" numMethods="1" />
              <MetadataToken>100663330</MetadataToken>
              <Name>System.Void BibliotecaRosangela.Domain.Features.Books.Book::Validate()</Name>
              <FileRef uid="6" />
              <SequencePoints>
                <SequencePoint vc="16" uspid="32" ordinal="0" offset="0" sl="21" sc="9" el="21" ec="10" bec="0" bev="0" fileid="6" />
                <SequencePoint vc="16" uspid="33" ordinal="1" offset="1" sl="22" sc="13" el="22" ec="108" bec="2" bev="2" fileid="6" />
                <SequencePoint vc="3" uspid="34" ordinal="2" offset="45" sl="23" sc="17" el="23" ec="59" bec="0" bev="0" fileid="6" />
                <SequencePoint vc="13" uspid="35" ordinal="3" offset="51" sl="25" sc="13" el="25" ec="34" bec="2" bev="2" fileid="6" />
                <SequencePoint vc="1" uspid="36" ordinal="4" offset="69" sl="26" sc="17" el="26" ec="67" bec="0" bev="0" fileid="6" />
                <SequencePoint vc="12" uspid="37" ordinal="5" offset="75" sl="28" sc="13" el="28" ec="34" bec="2" bev="2" fileid="6" />
                <SequencePoint vc="2" uspid="38" ordinal="6" offset="93" sl="29" sc="17" el="29" ec="67" bec="0" bev="0" fileid="6" />
                <SequencePoint vc="10" uspid="39" ordinal="7" offset="99" sl="31" sc="13" el="31" ec="35" bec="2" bev="2" fileid="6" />
                <SequencePoint vc="1" uspid="40" ordinal="8" offset="117" sl="32" sc="17" el="32" ec="68" bec="0" bev="0" fileid="6" />
                <SequencePoint vc="9" uspid="41" ordinal="9" offset="123" sl="34" sc="13" el="34" ec="28" bec="2" bev="2" fileid="6" />
                <SequencePoint vc="3" uspid="42" ordinal="10" offset="138" sl="35" sc="17" el="35" ec="56" bec="0" bev="0" fileid="6" />
                <SequencePoint vc="6" uspid="43" ordinal="11" offset="144" sl="37" sc="13" el="37" ec="62" bec="2" bev="2" fileid="6" />
                <SequencePoint vc="1" uspid="44" ordinal="12" offset="164" sl="38" sc="17" el="38" ec="55" bec="0" bev="0" fileid="6" />
                <SequencePoint vc="5" uspid="45" ordinal="13" offset="170" sl="39" sc="9" el="39" ec="10" bec="0" bev="0" fileid="6" />
              </SequencePoints>
              <BranchPoints>
                <BranchPoint vc="3" uspid="50" ordinal="4" offset="43" sl="22" path="0" offsetend="45" fileid="6" />
                <BranchPoint vc="13" uspid="51" ordinal="5" offset="43" sl="22" path="1" offsetend="51" fileid="6" />
                <BranchPoint vc="1" uspid="52" ordinal="6" offset="67" sl="25" path="0" offsetend="69" fileid="6" />
                <BranchPoint vc="12" uspid="53" ordinal="7" offset="67" sl="25" path="1" offsetend="75" fileid="6" />
                <BranchPoint vc="2" uspid="54" ordinal="8" offset="91" sl="28" path="0" offsetend="93" fileid="6" />
                <BranchPoint vc="10" uspid="55" ordinal="9" offset="91" sl="28" path="1" offsetend="99" fileid="6" />
                <BranchPoint vc="1" uspid="56" ordinal="10" offset="115" sl="31" path="0" offsetend="117" fileid="6" />
                <BranchPoint vc="9" uspid="57" ordinal="11" offset="115" sl="31" path="1" offsetend="123" fileid="6" />
                <BranchPoint vc="3" uspid="58" ordinal="12" offset="136" sl="34" path="0" offsetend="138" fileid="6" />
                <BranchPoint vc="6" uspid="59" ordinal="13" offset="136" sl="34" path="1" offsetend="144" fileid="6" />
                <BranchPoint vc="1" uspid="60" ordinal="14" offset="162" sl="37" path="0" offsetend="164" fileid="6" />
                <BranchPoint vc="5" uspid="61" ordinal="15" offset="162" sl="37" path="1" offsetend="170" fileid="6" />
              </BranchPoints>
              <MethodPoint xsi:type="SequencePoint" vc="16" uspid="32" ordinal="0" offset="0" sl="21" sc="9" el="21" ec="10" bec="0" bev="0" fileid="6" />
            </Method>
            <Method visited="false" cyclomaticComplexity="1" nPathComplexity="0" sequenceCoverage="0" branchCoverage="0" crapScore="2" isConstructor="true" isStatic="false" isGetter="false" isSetter="false">
              <Summary numSequencePoints="0" visitedSequencePoints="0" numBranchPoints="0" visitedBranchPoints="0" sequenceCoverage="0" branchCoverage="0" maxCyclomaticComplexity="1" minCyclomaticComplexity="1" maxCrapScore="2" minCrapScore="2" visitedClasses="0" numClasses="0" visitedMethods="0" numMethods="0" />
              <MetadataToken>100663331</MetadataToken>
              <Name>System.Void BibliotecaRosangela.Domain.Features.Books.Book::.ctor()</Name>
              <SequencePoints />
              <BranchPoints />
              <MethodPoint vc="0" uspid="62" ordinal="0" offset="0" />
            </Method>
          </Methods>
        </Class>
        <Class>
          <Summary numSequencePoints="3" visitedSequencePoints="3" numBranchPoints="1" visitedBranchPoints="1" sequenceCoverage="100" branchCoverage="100" maxCyclomaticComplexity="1" minCyclomaticComplexity="1" maxCrapScore="1" minCrapScore="1" visitedClasses="1" numClasses="1" visitedMethods="1" numMethods="1" />
          <FullName>BibliotecaRosangela.Domain.Features.Books.BookAuthorLessThan4CharactersException</FullName>
          <Methods>
            <Method visited="true" cyclomaticComplexity="1" nPathComplexity="0" sequenceCoverage="100" branchCoverage="100" crapScore="1" isConstructor="true" isStatic="false" isGetter="false" isSetter="false">
              <Summary numSequencePoints="3" visitedSequencePoints="3" numBranchPoints="1" visitedBranchPoints="1" sequenceCoverage="100" branchCoverage="100" maxCyclomaticComplexity="1" minCyclomaticComplexity="1" maxCrapScore="1" minCrapScore="1" visitedClasses="0" numClasses="0" visitedMethods="1" numMethods="1" />
              <MetadataToken>100663332</MetadataToken>
              <Name>System.Void BibliotecaRosangela.Domain.Features.Books.BookAuthorLessThan4CharactersException::.ctor()</Name>
              <FileRef uid="7" />
              <SequencePoints>
                <SequencePoint vc="1" uspid="63" ordinal="0" offset="0" sl="12" sc="59" el="12" ec="105" bec="0" bev="0" fileid="7" />
                <SequencePoint vc="1" uspid="64" ordinal="1" offset="12" sl="13" sc="9" el="13" ec="10" bec="0" bev="0" fileid="7" />
                <SequencePoint vc="1" uspid="65" ordinal="2" offset="13" sl="15" sc="9" el="15" ec="10" bec="0" bev="0" fileid="7" />
              </SequencePoints>
              <BranchPoints />
              <MethodPoint xsi:type="SequencePoint" vc="1" uspid="63" ordinal="0" offset="0" sl="12" sc="59" el="12" ec="105" bec="0" bev="0" fileid="7" />
            </Method>
          </Methods>
        </Class>
        <Class>
          <Summary numSequencePoints="3" visitedSequencePoints="3" numBranchPoints="1" visitedBranchPoints="1" sequenceCoverage="100" branchCoverage="100" maxCyclomaticComplexity="1" minCyclomaticComplexity="1" maxCrapScore="1" minCrapScore="1" visitedClasses="1" numClasses="1" visitedMethods="1" numMethods="1" />
          <FullName>BibliotecaRosangela.Domain.Features.Books.BookDateOverFlowException</FullName>
          <Methods>
            <Method visited="true" cyclomaticComplexity="1" nPathComplexity="0" sequenceCoverage="100" branchCoverage="100" crapScore="1" isConstructor="true" isStatic="false" isGetter="false" isSetter="false">
              <Summary numSequencePoints="3" visitedSequencePoints="3" numBranchPoints="1" visitedBranchPoints="1" sequenceCoverage="100" branchCoverage="100" maxCyclomaticComplexity="1" minCyclomaticComplexity="1" maxCrapScore="1" minCrapScore="1" visitedClasses="0" numClasses="0" visitedMethods="1" numMethods="1" />
              <MetadataToken>100663333</MetadataToken>
              <Name>System.Void BibliotecaRosangela.Domain.Features.Books.BookDateOverFlowException::.ctor()</Name>
              <FileRef uid="8" />
              <SequencePoints>
                <SequencePoint vc="1" uspid="66" ordinal="0" offset="0" sl="12" sc="46" el="12" ec="107" bec="0" bev="0" fileid="8" />
                <SequencePoint vc="1" uspid="67" ordinal="1" offset="12" sl="13" sc="9" el="13" ec="10" bec="0" bev="0" fileid="8" />
                <SequencePoint vc="1" uspid="68" ordinal="2" offset="13" sl="15" sc="9" el="15" ec="10" bec="0" bev="0" fileid="8" />
              </SequencePoints>
              <BranchPoints />
              <MethodPoint xsi:type="SequencePoint" vc="1" uspid="66" ordinal="0" offset="0" sl="12" sc="46" el="12" ec="107" bec="0" bev="0" fileid="8" />
            </Method>
          </Methods>
        </Class>
        <Class>
          <Summary numSequencePoints="3" visitedSequencePoints="3" numBranchPoints="1" visitedBranchPoints="1" sequenceCoverage="100" branchCoverage="100" maxCyclomaticComplexity="1" minCyclomaticComplexity="1" maxCrapScore="1" minCrapScore="1" visitedClasses="1" numClasses="1" visitedMethods="1" numMethods="1" />
          <FullName>BibliotecaRosangela.Domain.Features.Books.BookFieldNullOrEmptyException</FullName>
          <Methods>
            <Method visited="true" cyclomaticComplexity="1" nPathComplexity="0" sequenceCoverage="100" branchCoverage="100" crapScore="1" isConstructor="true" isStatic="false" isGetter="false" isSetter="false">
              <Summary numSequencePoints="3" visitedSequencePoints="3" numBranchPoints="1" visitedBranchPoints="1" sequenceCoverage="100" branchCoverage="100" maxCyclomaticComplexity="1" minCyclomaticComplexity="1" maxCrapScore="1" minCrapScore="1" visitedClasses="0" numClasses="0" visitedMethods="1" numMethods="1" />
              <MetadataToken>100663334</MetadataToken>
              <Name>System.Void BibliotecaRosangela.Domain.Features.Books.BookFieldNullOrEmptyException::.ctor()</Name>
              <FileRef uid="9" />
              <SequencePoints>
                <SequencePoint vc="3" uspid="69" ordinal="0" offset="0" sl="12" sc="50" el="12" ec="96" bec="0" bev="0" fileid="9" />
                <SequencePoint vc="3" uspid="70" ordinal="1" offset="12" sl="13" sc="9" el="13" ec="10" bec="0" bev="0" fileid="9" />
                <SequencePoint vc="3" uspid="71" ordinal="2" offset="13" sl="15" sc="9" el="15" ec="10" bec="0" bev="0" fileid="9" />
              </SequencePoints>
              <BranchPoints />
              <MethodPoint xsi:type="SequencePoint" vc="3" uspid="69" ordinal="0" offset="0" sl="12" sc="50" el="12" ec="96" bec="0" bev="0" fileid="9" />
            </Method>
          </Methods>
        </Class>
        <Class>
          <Summary numSequencePoints="3" visitedSequencePoints="3" numBranchPoints="1" visitedBranchPoints="1" sequenceCoverage="100" branchCoverage="100" maxCyclomaticComplexity="1" minCyclomaticComplexity="1" maxCrapScore="1" minCrapScore="1" visitedClasses="1" numClasses="1" visitedMethods="1" numMethods="1" />
          <FullName>BibliotecaRosangela.Domain.Features.Books.BookInvalidVolumeException</FullName>
          <Methods>
            <Method visited="true" cyclomaticComplexity="1" nPathComplexity="0" sequenceCoverage="100" branchCoverage="100" crapScore="1" isConstructor="true" isStatic="false" isGetter="false" isSetter="false">
              <Summary numSequencePoints="3" visitedSequencePoints="3" numBranchPoints="1" visitedBranchPoints="1" sequenceCoverage="100" branchCoverage="100" maxCyclomaticComplexity="1" minCyclomaticComplexity="1" maxCrapScore="1" minCrapScore="1" visitedClasses="0" numClasses="0" visitedMethods="1" numMethods="1" />
              <MetadataToken>100663335</MetadataToken>
              <Name>System.Void BibliotecaRosangela.Domain.Features.Books.BookInvalidVolumeException::.ctor()</Name>
              <FileRef uid="10" />
              <SequencePoints>
                <SequencePoint vc="3" uspid="72" ordinal="0" offset="0" sl="12" sc="47" el="12" ec="85" bec="0" bev="0" fileid="10" />
                <SequencePoint vc="3" uspid="73" ordinal="1" offset="12" sl="13" sc="9" el="13" ec="10" bec="0" bev="0" fileid="10" />
                <SequencePoint vc="3" uspid="74" ordinal="2" offset="13" sl="15" sc="9" el="15" ec="10" bec="0" bev="0" fileid="10" />
              </SequencePoints>
              <BranchPoints />
              <MethodPoint xsi:type="SequencePoint" vc="3" uspid="72" ordinal="0" offset="0" sl="12" sc="47" el="12" ec="85" bec="0" bev="0" fileid="10" />
            </Method>
          </Methods>
        </Class>
        <Class>
          <Summary numSequencePoints="3" visitedSequencePoints="3" numBranchPoints="1" visitedBranchPoints="1" sequenceCoverage="100" branchCoverage="100" maxCyclomaticComplexity="1" minCyclomaticComplexity="1" maxCrapScore="1" minCrapScore="1" visitedClasses="1" numClasses="1" visitedMethods="1" numMethods="1" />
          <FullName>BibliotecaRosangela.Domain.Features.Books.BookThemeLessThan4CharactersException</FullName>
          <Methods>
            <Method visited="true" cyclomaticComplexity="1" nPathComplexity="0" sequenceCoverage="100" branchCoverage="100" crapScore="1" isConstructor="true" isStatic="false" isGetter="false" isSetter="false">
              <Summary numSequencePoints="3" visitedSequencePoints="3" numBranchPoints="1" visitedBranchPoints="1" sequenceCoverage="100" branchCoverage="100" maxCyclomaticComplexity="1" minCyclomaticComplexity="1" maxCrapScore="1" minCrapScore="1" visitedClasses="0" numClasses="0" visitedMethods="1" numMethods="1" />
              <MetadataToken>100663336</MetadataToken>
              <Name>System.Void BibliotecaRosangela.Domain.Features.Books.BookThemeLessThan4CharactersException::.ctor()</Name>
              <FileRef uid="11" />
              <SequencePoints>
                <SequencePoint vc="2" uspid="75" ordinal="0" offset="0" sl="12" sc="58" el="12" ec="103" bec="0" bev="0" fileid="11" />
                <SequencePoint vc="2" uspid="76" ordinal="1" offset="12" sl="13" sc="9" el="13" ec="10" bec="0" bev="0" fileid="11" />
                <SequencePoint vc="2" uspid="77" ordinal="2" offset="13" sl="15" sc="9" el="15" ec="10" bec="0" bev="0" fileid="11" />
              </SequencePoints>
              <BranchPoints />
              <MethodPoint xsi:type="SequencePoint" vc="2" uspid="75" ordinal="0" offset="0" sl="12" sc="58" el="12" ec="103" bec="0" bev="0" fileid="11" />
            </Method>
          </Methods>
        </Class>
        <Class>
          <Summary numSequencePoints="3" visitedSequencePoints="3" numBranchPoints="1" visitedBranchPoints="1" sequenceCoverage="100" branchCoverage="100" maxCyclomaticComplexity="1" minCyclomaticComplexity="1" maxCrapScore="1" minCrapScore="1" visitedClasses="1" numClasses="1" visitedMethods="1" numMethods="1" />
          <FullName>BibliotecaRosangela.Domain.Features.Books.BookTitleLessThan4CharactersException</FullName>
          <Methods>
            <Method visited="true" cyclomaticComplexity="1" nPathComplexity="0" sequenceCoverage="100" branchCoverage="100" crapScore="1" isConstructor="true" isStatic="false" isGetter="false" isSetter="false">
              <Summary numSequencePoints="3" visitedSequencePoints="3" numBranchPoints="1" visitedBranchPoints="1" sequenceCoverage="100" branchCoverage="100" maxCyclomaticComplexity="1" minCyclomaticComplexity="1" maxCrapScore="1" minCrapScore="1" visitedClasses="0" numClasses="0" visitedMethods="1" numMethods="1" />
              <MetadataToken>100663337</MetadataToken>
              <Name>System.Void BibliotecaRosangela.Domain.Features.Books.BookTitleLessThan4CharactersException::.ctor()</Name>
              <FileRef uid="12" />
              <SequencePoints>
                <SequencePoint vc="1" uspid="78" ordinal="0" offset="0" sl="12" sc="58" el="12" ec="105" bec="0" bev="0" fileid="12" />
                <SequencePoint vc="1" uspid="79" ordinal="1" offset="12" sl="13" sc="9" el="13" ec="10" bec="0" bev="0" fileid="12" />
                <SequencePoint vc="1" uspid="80" ordinal="2" offset="13" sl="15" sc="9" el="15" ec="10" bec="0" bev="0" fileid="12" />
              </SequencePoints>
              <BranchPoints />
              <MethodPoint xsi:type="SequencePoint" vc="1" uspid="78" ordinal="0" offset="0" sl="12" sc="58" el="12" ec="105" bec="0" bev="0" fileid="12" />
            </Method>
          </Methods>
        </Class>
        <Class>
          <Summary numSequencePoints="3" visitedSequencePoints="3" numBranchPoints="1" visitedBranchPoints="1" sequenceCoverage="100" branchCoverage="100" maxCyclomaticComplexity="1" minCyclomaticComplexity="1" maxCrapScore="1" minCrapScore="1" visitedClasses="1" numClasses="1" visitedMethods="1" numMethods="1" />
          <FullName>BibliotecaRosangela.Domain.Exceptions.BusinessException</FullName>
          <Methods>
            <Method visited="true" cyclomaticComplexity="1" nPathComplexity="0" sequenceCoverage="100" branchCoverage="100" crapScore="1" isConstructor="true" isStatic="false" isGetter="false" isSetter="false">
              <Summary numSequencePoints="3" visitedSequencePoints="3" numBranchPoints="1" visitedBranchPoints="1" sequenceCoverage="100" branchCoverage="100" maxCyclomaticComplexity="1" minCyclomaticComplexity="1" maxCrapScore="1" minCrapScore="1" visitedClasses="0" numClasses="0" visitedMethods="1" numMethods="1" />
              <MetadataToken>100663343</MetadataToken>
              <Name>System.Void BibliotecaRosangela.Domain.Exceptions.BusinessException::.ctor(System.String)</Name>
              <FileRef uid="13" />
              <SequencePoints>
                <SequencePoint vc="26" uspid="81" ordinal="0" offset="0" sl="11" sc="52" el="11" ec="65" bec="0" bev="0" fileid="13" />
                <SequencePoint vc="26" uspid="82" ordinal="1" offset="8" sl="12" sc="9" el="12" ec="10" bec="0" bev="0" fileid="13" />
                <SequencePoint vc="26" uspid="83" ordinal="2" offset="9" sl="14" sc="9" el="14" ec="10" bec="0" bev="0" fileid="13" />
              </SequencePoints>
              <BranchPoints />
              <MethodPoint xsi:type="SequencePoint" vc="26" uspid="81" ordinal="0" offset="0" sl="11" sc="52" el="11" ec="65" bec="0" bev="0" fileid="13" />
            </Method>
          </Methods>
        </Class>
        <Class>
          <Summary numSequencePoints="3" visitedSequencePoints="3" numBranchPoints="1" visitedBranchPoints="1" sequenceCoverage="100" branchCoverage="100" maxCyclomaticComplexity="1" minCyclomaticComplexity="1" maxCrapScore="1" minCrapScore="1" visitedClasses="1" numClasses="1" visitedMethods="1" numMethods="1" />
          <FullName>BibliotecaRosangela.Domain.Exceptions.IdentifierUndefinedException</FullName>
          <Methods>
            <Method visited="true" cyclomaticComplexity="1" nPathComplexity="0" sequenceCoverage="100" branchCoverage="100" crapScore="1" isConstructor="true" isStatic="false" isGetter="false" isSetter="false">
              <Summary numSequencePoints="3" visitedSequencePoints="3" numBranchPoints="1" visitedBranchPoints="1" sequenceCoverage="100" branchCoverage="100" maxCyclomaticComplexity="1" minCyclomaticComplexity="1" maxCrapScore="1" minCrapScore="1" visitedClasses="0" numClasses="0" visitedMethods="1" numMethods="1" />
              <MetadataToken>100663344</MetadataToken>
              <Name>System.Void BibliotecaRosangela.Domain.Exceptions.IdentifierUndefinedException::.ctor()</Name>
              <FileRef uid="14" />
              <SequencePoints>
                <SequencePoint vc="9" uspid="84" ordinal="0" offset="0" sl="11" sc="49" el="11" ec="80" bec="0" bev="0" fileid="14" />
                <SequencePoint vc="9" uspid="85" ordinal="1" offset="12" sl="12" sc="9" el="12" ec="10" bec="0" bev="0" fileid="14" />
                <SequencePoint vc="9" uspid="86" ordinal="2" offset="13" sl="14" sc="9" el="14" ec="10" bec="0" bev="0" fileid="14" />
              </SequencePoints>
              <BranchPoints />
              <MethodPoint xsi:type="SequencePoint" vc="9" uspid="84" ordinal="0" offset="0" sl="11" sc="49" el="11" ec="80" bec="0" bev="0" fileid="14" />
            </Method>
          </Methods>
        </Class>
        <Class>
          <Summary numSequencePoints="3" visitedSequencePoints="0" numBranchPoints="1" visitedBranchPoints="0" sequenceCoverage="0" branchCoverage="0" maxCyclomaticComplexity="1" minCyclomaticComplexity="1" maxCrapScore="2" minCrapScore="2" visitedClasses="0" numClasses="1" visitedMethods="0" numMethods="1" />
          <FullName>BibliotecaRosangela.Domain.Exceptions.UnsupportedOperationException</FullName>
          <Methods>
            <Method visited="false" cyclomaticComplexity="1" nPathComplexity="0" sequenceCoverage="0" branchCoverage="0" crapScore="2" isConstructor="true" isStatic="false" isGetter="false" isSetter="false">
              <Summary numSequencePoints="3" visitedSequencePoints="0" numBranchPoints="1" visitedBranchPoints="0" sequenceCoverage="0" branchCoverage="0" maxCyclomaticComplexity="1" minCyclomaticComplexity="1" maxCrapScore="2" minCrapScore="2" visitedClasses="0" numClasses="0" visitedMethods="0" numMethods="1" />
              <MetadataToken>100663345</MetadataToken>
              <Name>System.Void BibliotecaRosangela.Domain.Exceptions.UnsupportedOperationException::.ctor()</Name>
              <FileRef uid="15" />
              <SequencePoints>
                <SequencePoint vc="0" uspid="87" ordinal="0" offset="0" sl="11" sc="50" el="11" ec="80" bec="0" bev="0" fileid="15" />
                <SequencePoint vc="0" uspid="88" ordinal="1" offset="12" sl="12" sc="9" el="12" ec="10" bec="0" bev="0" fileid="15" />
                <SequencePoint vc="0" uspid="89" ordinal="2" offset="13" sl="14" sc="9" el="14" ec="10" bec="0" bev="0" fileid="15" />
              </SequencePoints>
              <BranchPoints />
              <MethodPoint xsi:type="SequencePoint" vc="0" uspid="87" ordinal="0" offset="0" sl="11" sc="50" el="11" ec="80" bec="0" bev="0" fileid="15" />
            </Method>
          </Methods>
        </Class>
      </Classes>
    </Module>
    <Module hash="9E-67-D6-12-7B-86-B0-C6-CB-72-50-C4-3A-53-E8-5F-48-C0-84-43">
      <Summary numSequencePoints="23" visitedSequencePoints="23" numBranchPoints="7" visitedBranchPoints="7" sequenceCoverage="100" branchCoverage="100" maxCyclomaticComplexity="1" minCyclomaticComplexity="1" maxCrapScore="1" minCrapScore="1" visitedClasses="3" numClasses="3" visitedMethods="7" numMethods="7" />
      <ModulePath>C:\Users\Isabel\Documents\Projetos\ndd-projetos-academiaprogramador2018\BibliotecaRosangela\BibliotecaRosangela.Application.Tests\bin\Debug\BibliotecaRosangela.Common.Tests.dll</ModulePath>
      <ModuleTime>2018-05-23T13:42:50.7570772Z</ModuleTime>
      <ModuleName>BibliotecaRosangela.Common.Tests</ModuleName>
      <Files>
        <File uid="31" fullPath="C:\Users\Isabel\Documents\Projetos\ndd-projetos-academiaprogramador2018\BibliotecaRosangela\BibliotecaRosangela.Common.Tests\Features\Loans\ObjectMother.cs" />
        <File uid="32" fullPath="C:\Users\Isabel\Documents\Projetos\ndd-projetos-academiaprogramador2018\BibliotecaRosangela\BibliotecaRosangela.Common.Tests\Features\Books\ObjectMother.cs" />
        <File uid="33" fullPath="C:\Users\Isabel\Documents\Projetos\ndd-projetos-academiaprogramador2018\BibliotecaRosangela\BibliotecaRosangela.Common.Tests\Base\BaseSqlTest.cs" />
      </Files>
      <Classes>
        <Class>
          <Summary numSequencePoints="6" visitedSequencePoints="6" numBranchPoints="2" visitedBranchPoints="2" sequenceCoverage="100" branchCoverage="100" maxCyclomaticComplexity="1" minCyclomaticComplexity="1" maxCrapScore="1" minCrapScore="1" visitedClasses="1" numClasses="1" visitedMethods="2" numMethods="2" />
          <FullName>BibliotecaRosangela.Common.Tests.Features.Loans.ObjectMother</FullName>
          <Methods>
            <Method visited="true" cyclomaticComplexity="1" nPathComplexity="0" sequenceCoverage="100" branchCoverage="100" crapScore="1" isConstructor="false" isStatic="true" isGetter="false" isSetter="false">
              <Summary numSequencePoints="3" visitedSequencePoints="3" numBranchPoints="1" visitedBranchPoints="1" sequenceCoverage="100" branchCoverage="100" maxCyclomaticComplexity="1" minCyclomaticComplexity="1" maxCrapScore="1" minCrapScore="1" visitedClasses="0" numClasses="0" visitedMethods="1" numMethods="1" />
              <MetadataToken>100663297</MetadataToken>
              <Name>BibliotecaRosangela.Domain.Features.Loans.Loan BibliotecaRosangela.Common.Tests.Features.Loans.ObjectMother::GetLoan()</Name>
              <FileRef uid="31" />
              <SequencePoints>
                <SequencePoint vc="5" uspid="90" ordinal="0" offset="0" sl="13" sc="9" el="13" ec="10" bec="0" bev="0" fileid="31" />
                <SequencePoint vc="5" uspid="91" ordinal="1" offset="1" sl="14" sc="13" el="18" ec="15" bec="0" bev="0" fileid="31" />
                <SequencePoint vc="5" uspid="92" ordinal="2" offset="50" sl="19" sc="9" el="19" ec="10" bec="0" bev="0" fileid="31" />
              </SequencePoints>
              <BranchPoints />
              <MethodPoint xsi:type="SequencePoint" vc="5" uspid="90" ordinal="0" offset="0" sl="13" sc="9" el="13" ec="10" bec="0" bev="0" fileid="31" />
            </Method>
            <Method visited="true" cyclomaticComplexity="1" nPathComplexity="0" sequenceCoverage="100" branchCoverage="100" crapScore="1" isConstructor="false" isStatic="true" isGetter="false" isSetter="false">
              <Summary numSequencePoints="3" visitedSequencePoints="3" numBranchPoints="1" visitedBranchPoints="1" sequenceCoverage="100" branchCoverage="100" maxCyclomaticComplexity="1" minCyclomaticComplexity="1" maxCrapScore="1" minCrapScore="1" visitedClasses="0" numClasses="0" visitedMethods="1" numMethods="1" />
              <MetadataToken>100663298</MetadataToken>
              <Name>BibliotecaRosangela.Domain.Features.Loans.Loan BibliotecaRosangela.Common.Tests.Features.Loans.ObjectMother::GetLoanInvalidClienteName()</Name>
              <FileRef uid="31" />
              <SequencePoints>
                <SequencePoint vc="2" uspid="93" ordinal="0" offset="0" sl="22" sc="9" el="22" ec="10" bec="0" bev="0" fileid="31" />
                <SequencePoint vc="2" uspid="94" ordinal="1" offset="1" sl="23" sc="13" el="27" ec="15" bec="0" bev="0" fileid="31" />
                <SequencePoint vc="2" uspid="95" ordinal="2" offset="50" sl="28" sc="9" el="28" ec="10" bec="0" bev="0" fileid="31" />
              </SequencePoints>
              <BranchPoints />
              <MethodPoint xsi:type="SequencePoint" vc="2" uspid="93" ordinal="0" offset="0" sl="22" sc="9" el="22" ec="10" bec="0" bev="0" fileid="31" />
            </Method>
          </Methods>
        </Class>
        <Class>
          <Summary numSequencePoints="12" visitedSequencePoints="12" numBranchPoints="4" visitedBranchPoints="4" sequenceCoverage="100" branchCoverage="100" maxCyclomaticComplexity="1" minCyclomaticComplexity="1" maxCrapScore="1" minCrapScore="1" visitedClasses="1" numClasses="1" visitedMethods="4" numMethods="4" />
          <FullName>BibliotecaRosangela.Common.Tests.Features.Books.ObjectMother</FullName>
          <Methods>
            <Method visited="true" cyclomaticComplexity="1" nPathComplexity="0" sequenceCoverage="100" branchCoverage="100" crapScore="1" isConstructor="false" isStatic="true" isGetter="false" isSetter="false">
              <Summary numSequencePoints="3" visitedSequencePoints="3" numBranchPoints="1" visitedBranchPoints="1" sequenceCoverage="100" branchCoverage="100" maxCyclomaticComplexity="1" minCyclomaticComplexity="1" maxCrapScore="1" minCrapScore="1" visitedClasses="0" numClasses="0" visitedMethods="1" numMethods="1" />
              <MetadataToken>100663299</MetadataToken>
              <Name>BibliotecaRosangela.Domain.Features.Books.Book BibliotecaRosangela.Common.Tests.Features.Books.ObjectMother::GetBook()</Name>
              <FileRef uid="32" />
              <SequencePoints>
                <SequencePoint vc="9" uspid="96" ordinal="0" offset="0" sl="13" sc="9" el="13" ec="10" bec="0" bev="0" fileid="32" />
                <SequencePoint vc="9" uspid="97" ordinal="1" offset="1" sl="14" sc="13" el="22" ec="15" bec="0" bev="0" fileid="32" />
                <SequencePoint vc="9" uspid="98" ordinal="2" offset="83" sl="23" sc="9" el="23" ec="10" bec="0" bev="0" fileid="32" />
              </SequencePoints>
              <BranchPoints />
              <MethodPoint xsi:type="SequencePoint" vc="9" uspid="96" ordinal="0" offset="0" sl="13" sc="9" el="13" ec="10" bec="0" bev="0" fileid="32" />
            </Method>
            <Method visited="true" cyclomaticComplexity="1" nPathComplexity="0" sequenceCoverage="100" branchCoverage="100" crapScore="1" isConstructor="false" isStatic="true" isGetter="false" isSetter="false">
              <Summary numSequencePoints="3" visitedSequencePoints="3" numBranchPoints="1" visitedBranchPoints="1" sequenceCoverage="100" branchCoverage="100" maxCyclomaticComplexity="1" minCyclomaticComplexity="1" maxCrapScore="1" minCrapScore="1" visitedClasses="0" numClasses="0" visitedMethods="1" numMethods="1" />
              <MetadataToken>100663300</MetadataToken>
              <Name>BibliotecaRosangela.Domain.Features.Books.Book BibliotecaRosangela.Common.Tests.Features.Books.ObjectMother::GetBookInvalidTitle()</Name>
              <FileRef uid="32" />
              <SequencePoints>
                <SequencePoint vc="2" uspid="99" ordinal="0" offset="0" sl="26" sc="9" el="26" ec="10" bec="0" bev="0" fileid="32" />
                <SequencePoint vc="2" uspid="100" ordinal="1" offset="1" sl="27" sc="13" el="35" ec="15" bec="0" bev="0" fileid="32" />
                <SequencePoint vc="2" uspid="101" ordinal="2" offset="83" sl="36" sc="9" el="36" ec="10" bec="0" bev="0" fileid="32" />
              </SequencePoints>
              <BranchPoints />
              <MethodPoint xsi:type="SequencePoint" vc="2" uspid="99" ordinal="0" offset="0" sl="26" sc="9" el="26" ec="10" bec="0" bev="0" fileid="32" />
            </Method>
            <Method visited="true" cyclomaticComplexity="1" nPathComplexity="0" sequenceCoverage="100" branchCoverage="100" crapScore="1" isConstructor="false" isStatic="true" isGetter="false" isSetter="false">
              <Summary numSequencePoints="3" visitedSequencePoints="3" numBranchPoints="1" visitedBranchPoints="1" sequenceCoverage="100" branchCoverage="100" maxCyclomaticComplexity="1" minCyclomaticComplexity="1" maxCrapScore="1" minCrapScore="1" visitedClasses="0" numClasses="0" visitedMethods="1" numMethods="1" />
              <MetadataToken>100663301</MetadataToken>
              <Name>BibliotecaRosangela.Domain.Features.Books.Book BibliotecaRosangela.Common.Tests.Features.Books.ObjectMother::GetBookInvalidTheme()</Name>
              <FileRef uid="32" />
              <SequencePoints>
                <SequencePoint vc="1" uspid="102" ordinal="0" offset="0" sl="39" sc="9" el="39" ec="10" bec="0" bev="0" fileid="32" />
                <SequencePoint vc="1" uspid="103" ordinal="1" offset="1" sl="40" sc="13" el="48" ec="15" bec="0" bev="0" fileid="32" />
                <SequencePoint vc="1" uspid="104" ordinal="2" offset="83" sl="49" sc="9" el="49" ec="10" bec="0" bev="0" fileid="32" />
              </SequencePoints>
              <BranchPoints />
              <MethodPoint xsi:type="SequencePoint" vc="1" uspid="102" ordinal="0" offset="0" sl="39" sc="9" el="39" ec="10" bec="0" bev="0" fileid="32" />
            </Method>
            <Method visited="true" cyclomaticComplexity="1" nPathComplexity="0" sequenceCoverage="100" branchCoverage="100" crapScore="1" isConstructor="false" isStatic="true" isGetter="false" isSetter="false">
              <Summary numSequencePoints="3" visitedSequencePoints="3" numBranchPoints="1" visitedBranchPoints="1" sequenceCoverage="100" branchCoverage="100" maxCyclomaticComplexity="1" minCyclomaticComplexity="1" maxCrapScore="1" minCrapScore="1" visitedClasses="0" numClasses="0" visitedMethods="1" numMethods="1" />
              <MetadataToken>100663302</MetadataToken>
              <Name>BibliotecaRosangela.Domain.Features.Books.Book BibliotecaRosangela.Common.Tests.Features.Books.ObjectMother::GetBookInvalidVolume()</Name>
              <FileRef uid="32" />
              <SequencePoints>
                <SequencePoint vc="2" uspid="105" ordinal="0" offset="0" sl="52" sc="9" el="52" ec="10" bec="0" bev="0" fileid="32" />
                <SequencePoint vc="2" uspid="106" ordinal="1" offset="1" sl="53" sc="13" el="61" ec="15" bec="0" bev="0" fileid="32" />
                <SequencePoint vc="2" uspid="107" ordinal="2" offset="83" sl="62" sc="9" el="62" ec="10" bec="0" bev="0" fileid="32" />
              </SequencePoints>
              <BranchPoints />
              <MethodPoint xsi:type="SequencePoint" vc="2" uspid="105" ordinal="0" offset="0" sl="52" sc="9" el="52" ec="10" bec="0" bev="0" fileid="32" />
            </Method>
          </Methods>
        </Class>
        <Class>
          <Summary numSequencePoints="5" visitedSequencePoints="5" numBranchPoints="1" visitedBranchPoints="1" sequenceCoverage="100" branchCoverage="100" maxCyclomaticComplexity="1" minCyclomaticComplexity="1" maxCrapScore="1" minCrapScore="1" visitedClasses="1" numClasses="1" visitedMethods="1" numMethods="1" />
          <FullName>BibliotecaRosangela.Common.Tests.Base.BaseSqlTest</FullName>
          <Methods>
            <Method visited="true" cyclomaticComplexity="1" nPathComplexity="0" sequenceCoverage="100" branchCoverage="100" crapScore="1" isConstructor="false" isStatic="true" isGetter="false" isSetter="false">
              <Summary numSequencePoints="5" visitedSequencePoints="5" numBranchPoints="1" visitedBranchPoints="1" sequenceCoverage="100" branchCoverage="100" maxCyclomaticComplexity="1" minCyclomaticComplexity="1" maxCrapScore="1" minCrapScore="1" visitedClasses="0" numClasses="0" visitedMethods="1" numMethods="1" />
              <MetadataToken>100663303</MetadataToken>
              <Name>System.Void BibliotecaRosangela.Common.Tests.Base.BaseSqlTest::SeedDatabase()</Name>
              <FileRef uid="33" />
              <SequencePoints>
                <SequencePoint vc="11" uspid="108" ordinal="0" offset="0" sl="21" sc="9" el="21" ec="10" bec="0" bev="0" fileid="33" />
                <SequencePoint vc="11" uspid="109" ordinal="1" offset="1" sl="22" sc="13" el="22" ec="40" bec="0" bev="0" fileid="33" />
                <SequencePoint vc="11" uspid="110" ordinal="2" offset="13" sl="23" sc="13" el="23" ec="36" bec="0" bev="0" fileid="33" />
                <SequencePoint vc="11" uspid="111" ordinal="3" offset="25" sl="24" sc="13" el="24" ec="36" bec="0" bev="0" fileid="33" />
                <SequencePoint vc="11" uspid="112" ordinal="4" offset="37" sl="25" sc="9" el="25" ec="10" bec="0" bev="0" fileid="33" />
              </SequencePoints>
              <BranchPoints />
              <MethodPoint xsi:type="SequencePoint" vc="11" uspid="108" ordinal="0" offset="0" sl="21" sc="9" el="21" ec="10" bec="0" bev="0" fileid="33" />
            </Method>
          </Methods>
        </Class>
      </Classes>
    </Module>
    <Module hash="1D-DB-E1-EB-52-60-21-9E-51-6F-81-88-46-78-B3-B2-CB-52-3C-BA">
      <Summary numSequencePoints="54" visitedSequencePoints="54" numBranchPoints="24" visitedBranchPoints="24" sequenceCoverage="100" branchCoverage="100" maxCyclomaticComplexity="2" minCyclomaticComplexity="1" maxCrapScore="2" minCrapScore="1" visitedClasses="2" numClasses="2" visitedMethods="12" numMethods="12" />
      <ModulePath>C:\Users\Isabel\Documents\Projetos\ndd-projetos-academiaprogramador2018\BibliotecaRosangela\BibliotecaRosangela.Application.Tests\bin\Debug\BibliotecaRosangela.Application.dll</ModulePath>
      <ModuleTime>2018-05-23T12:41:36.4780816Z</ModuleTime>
      <ModuleName>BibliotecaRosangela.Application</ModuleName>
      <Files>
        <File uid="37" fullPath="C:\Users\Isabel\Documents\Projetos\ndd-projetos-academiaprogramador2018\BibliotecaRosangela\BibliotecaRosangela.Application\Features\Loans\LoanService.cs" />
        <File uid="38" fullPath="C:\Users\Isabel\Documents\Projetos\ndd-projetos-academiaprogramador2018\BibliotecaRosangela\BibliotecaRosangela.Application\Features\Books\BookService.cs" />
      </Files>
      <Classes>
        <Class>
          <Summary numSequencePoints="27" visitedSequencePoints="27" numBranchPoints="12" visitedBranchPoints="12" sequenceCoverage="100" branchCoverage="100" maxCyclomaticComplexity="2" minCyclomaticComplexity="1" maxCrapScore="2" minCrapScore="1" visitedClasses="1" numClasses="1" visitedMethods="6" numMethods="6" />
          <FullName>BibliotecaRosangela.Application.Features.Loans.LoanService</FullName>
          <Methods>
            <Method visited="true" cyclomaticComplexity="1" nPathComplexity="0" sequenceCoverage="100" branchCoverage="100" crapScore="1" isConstructor="true" isStatic="false" isGetter="false" isSetter="false">
              <Summary numSequencePoints="4" visitedSequencePoints="4" numBranchPoints="1" visitedBranchPoints="1" sequenceCoverage="100" branchCoverage="100" maxCyclomaticComplexity="1" minCyclomaticComplexity="1" maxCrapScore="1" minCrapScore="1" visitedClasses="0" numClasses="0" visitedMethods="1" numMethods="1" />
              <MetadataToken>100663302</MetadataToken>
              <Name>System.Void BibliotecaRosangela.Application.Features.Loans.LoanService::.ctor(BibliotecaRosangela.Domain.Features.Loans.ILoanRepository)</Name>
              <FileRef uid="37" />
              <SequencePoints>
                <SequencePoint vc="10" uspid="113" ordinal="0" offset="0" sl="15" sc="9" el="15" ec="55" bec="0" bev="0" fileid="37" />
                <SequencePoint vc="10" uspid="114" ordinal="1" offset="7" sl="16" sc="9" el="16" ec="10" bec="0" bev="0" fileid="37" />
                <SequencePoint vc="10" uspid="115" ordinal="2" offset="8" sl="17" sc="13" el="17" ec="38" bec="0" bev="0" fileid="37" />
                <SequencePoint vc="10" uspid="116" ordinal="3" offset="15" sl="18" sc="9" el="18" ec="10" bec="0" bev="0" fileid="37" />
              </SequencePoints>
              <BranchPoints />
              <MethodPoint xsi:type="SequencePoint" vc="10" uspid="113" ordinal="0" offset="0" sl="15" sc="9" el="15" ec="55" bec="0" bev="0" fileid="37" />
            </Method>
            <Method visited="true" cyclomaticComplexity="1" nPathComplexity="0" sequenceCoverage="100" branchCoverage="100" crapScore="1" isConstructor="false" isStatic="false" isGetter="false" isSetter="false">
              <Summary numSequencePoints="4" visitedSequencePoints="4" numBranchPoints="1" visitedBranchPoints="1" sequenceCoverage="100" branchCoverage="100" maxCyclomaticComplexity="1" minCyclomaticComplexity="1" maxCrapScore="1" minCrapScore="1" visitedClasses="0" numClasses="0" visitedMethods="1" numMethods="1" />
              <MetadataToken>100663303</MetadataToken>
              <Name>BibliotecaRosangela.Domain.Features.Loans.Loan BibliotecaRosangela.Application.Features.Loans.LoanService::Add(BibliotecaRosangela.Domain.Features.Loans.Loan)</Name>
              <FileRef uid="37" />
              <SequencePoints>
                <SequencePoint vc="2" uspid="117" ordinal="0" offset="0" sl="21" sc="9" el="21" ec="10" bec="0" bev="0" fileid="37" />
                <SequencePoint vc="2" uspid="118" ordinal="1" offset="1" sl="22" sc="13" el="22" ec="29" bec="0" bev="0" fileid="37" />
                <SequencePoint vc="1" uspid="119" ordinal="2" offset="8" sl="24" sc="13" el="24" ec="43" bec="0" bev="0" fileid="37" />
                <SequencePoint vc="1" uspid="120" ordinal="3" offset="23" sl="25" sc="9" el="25" ec="10" bec="0" bev="0" fileid="37" />
              </SequencePoints>
              <BranchPoints />
              <MethodPoint xsi:type="SequencePoint" vc="2" uspid="117" ordinal="0" offset="0" sl="21" sc="9" el="21" ec="10" bec="0" bev="0" fileid="37" />
            </Method>
            <Method visited="true" cyclomaticComplexity="2" nPathComplexity="2" sequenceCoverage="100" branchCoverage="100" crapScore="2" isConstructor="false" isStatic="false" isGetter="false" isSetter="false">
              <Summary numSequencePoints="6" visitedSequencePoints="6" numBranchPoints="3" visitedBranchPoints="3" sequenceCoverage="100" branchCoverage="100" maxCyclomaticComplexity="2" minCyclomaticComplexity="2" maxCrapScore="2" minCrapScore="2" visitedClasses="0" numClasses="0" visitedMethods="1" numMethods="1" />
              <MetadataToken>100663304</MetadataToken>
              <Name>BibliotecaRosangela.Domain.Features.Loans.Loan BibliotecaRosangela.Application.Features.Loans.LoanService::Update(BibliotecaRosangela.Domain.Features.Loans.Loan)</Name>
              <FileRef uid="37" />
              <SequencePoints>
                <SequencePoint vc="3" uspid="121" ordinal="0" offset="0" sl="28" sc="9" el="28" ec="10" bec="0" bev="0" fileid="37" />
                <SequencePoint vc="3" uspid="122" ordinal="1" offset="1" sl="29" sc="13" el="29" ec="29" bec="2" bev="2" fileid="37" />
                <SequencePoint vc="1" uspid="123" ordinal="2" offset="14" sl="30" sc="17" el="30" ec="58" bec="0" bev="0" fileid="37" />
                <SequencePoint vc="2" uspid="124" ordinal="3" offset="20" sl="32" sc="13" el="32" ec="29" bec="0" bev="0" fileid="37" />
                <SequencePoint vc="1" uspid="125" ordinal="4" offset="27" sl="34" sc="13" el="34" ec="45" bec="0" bev="0" fileid="37" />
                <SequencePoint vc="1" uspid="126" ordinal="5" offset="42" sl="35" sc="9" el="35" ec="10" bec="0" bev="0" fileid="37" />
              </SequencePoints>
              <BranchPoints>
                <BranchPoint vc="1" uspid="127" ordinal="0" offset="12" sl="29" path="0" offsetend="14" fileid="37" />
                <BranchPoint vc="2" uspid="128" ordinal="1" offset="12" sl="29" path="1" offsetend="20" fileid="37" />
              </BranchPoints>
              <MethodPoint xsi:type="SequencePoint" vc="3" uspid="121" ordinal="0" offset="0" sl="28" sc="9" el="28" ec="10" bec="0" bev="0" fileid="37" />
            </Method>
            <Method visited="true" cyclomaticComplexity="2" nPathComplexity="2" sequenceCoverage="100" branchCoverage="100" crapScore="2" isConstructor="false" isStatic="false" isGetter="false" isSetter="false">
              <Summary numSequencePoints="5" visitedSequencePoints="5" numBranchPoints="3" visitedBranchPoints="3" sequenceCoverage="100" branchCoverage="100" maxCyclomaticComplexity="2" minCyclomaticComplexity="2" maxCrapScore="2" minCrapScore="2" visitedClasses="0" numClasses="0" visitedMethods="1" numMethods="1" />
              <MetadataToken>100663305</MetadataToken>
              <Name>BibliotecaRosangela.Domain.Features.Loans.Loan BibliotecaRosangela.Application.Features.Loans.LoanService::Get(System.Int64)</Name>
              <FileRef uid="37" />
              <SequencePoints>
                <SequencePoint vc="2" uspid="129" ordinal="0" offset="0" sl="38" sc="9" el="38" ec="10" bec="0" bev="0" fileid="37" />
                <SequencePoint vc="2" uspid="130" ordinal="1" offset="1" sl="39" sc="13" el="39" ec="23" bec="2" bev="2" fileid="37" />
                <SequencePoint vc="1" uspid="131" ordinal="2" offset="10" sl="40" sc="17" el="40" ec="58" bec="0" bev="0" fileid="37" />
                <SequencePoint vc="1" uspid="132" ordinal="3" offset="16" sl="42" sc="13" el="42" ec="39" bec="0" bev="0" fileid="37" />
                <SequencePoint vc="1" uspid="133" ordinal="4" offset="32" sl="43" sc="9" el="43" ec="10" bec="0" bev="0" fileid="37" />
              </SequencePoints>
              <BranchPoints>
                <BranchPoint vc="1" uspid="134" ordinal="0" offset="8" sl="39" path="0" offsetend="10" fileid="37" />
                <BranchPoint vc="1" uspid="135" ordinal="1" offset="8" sl="39" path="1" offsetend="16" fileid="37" />
              </BranchPoints>
              <MethodPoint xsi:type="SequencePoint" vc="2" uspid="129" ordinal="0" offset="0" sl="38" sc="9" el="38" ec="10" bec="0" bev="0" fileid="37" />
            </Method>
            <Method visited="true" cyclomaticComplexity="1" nPathComplexity="0" sequenceCoverage="100" branchCoverage="100" crapScore="1" isConstructor="false" isStatic="false" isGetter="false" isSetter="false">
              <Summary numSequencePoints="3" visitedSequencePoints="3" numBranchPoints="1" visitedBranchPoints="1" sequenceCoverage="100" branchCoverage="100" maxCyclomaticComplexity="1" minCyclomaticComplexity="1" maxCrapScore="1" minCrapScore="1" visitedClasses="0" numClasses="0" visitedMethods="1" numMethods="1" />
              <MetadataToken>100663306</MetadataToken>
              <Name>System.Collections.Generic.IEnumerable`1&lt;BibliotecaRosangela.Domain.Features.Loans.Loan&gt; BibliotecaRosangela.Application.Features.Loans.LoanService::GetAll()</Name>
              <FileRef uid="37" />
              <SequencePoints>
                <SequencePoint vc="1" uspid="136" ordinal="0" offset="0" sl="46" sc="9" el="46" ec="10" bec="0" bev="0" fileid="37" />
                <SequencePoint vc="1" uspid="137" ordinal="1" offset="1" sl="47" sc="13" el="47" ec="41" bec="0" bev="0" fileid="37" />
                <SequencePoint vc="1" uspid="138" ordinal="2" offset="15" sl="48" sc="9" el="48" ec="10" bec="0" bev="0" fileid="37" />
              </SequencePoints>
              <BranchPoints />
              <MethodPoint xsi:type="SequencePoint" vc="1" uspid="136" ordinal="0" offset="0" sl="46" sc="9" el="46" ec="10" bec="0" bev="0" fileid="37" />
            </Method>
            <Method visited="true" cyclomaticComplexity="2" nPathComplexity="2" sequenceCoverage="100" branchCoverage="100" crapScore="2" isConstructor="false" isStatic="false" isGetter="false" isSetter="false">
              <Summary numSequencePoints="5" visitedSequencePoints="5" numBranchPoints="3" visitedBranchPoints="3" sequenceCoverage="100" branchCoverage="100" maxCyclomaticComplexity="2" minCyclomaticComplexity="2" maxCrapScore="2" minCrapScore="2" visitedClasses="0" numClasses="0" visitedMethods="1" numMethods="1" />
              <MetadataToken>100663307</MetadataToken>
              <Name>System.Void BibliotecaRosangela.Application.Features.Loans.LoanService::Delete(BibliotecaRosangela.Domain.Features.Loans.Loan)</Name>
              <FileRef uid="37" />
              <SequencePoints>
                <SequencePoint vc="2" uspid="139" ordinal="0" offset="0" sl="51" sc="9" el="51" ec="10" bec="0" bev="0" fileid="37" />
                <SequencePoint vc="2" uspid="140" ordinal="1" offset="1" sl="52" sc="13" el="52" ec="29" bec="2" bev="2" fileid="37" />
                <SequencePoint vc="1" uspid="141" ordinal="2" offset="14" sl="53" sc="17" el="53" ec="58" bec="0" bev="0" fileid="37" />
                <SequencePoint vc="1" uspid="142" ordinal="3" offset="20" sl="55" sc="13" el="55" ec="38" bec="0" bev="0" fileid="37" />
                <SequencePoint vc="1" uspid="143" ordinal="4" offset="33" sl="56" sc="9" el="56" ec="10" bec="0" bev="0" fileid="37" />
              </SequencePoints>
              <BranchPoints>
                <BranchPoint vc="1" uspid="144" ordinal="0" offset="12" sl="52" path="0" offsetend="14" fileid="37" />
                <BranchPoint vc="1" uspid="145" ordinal="1" offset="12" sl="52" path="1" offsetend="20" fileid="37" />
              </BranchPoints>
              <MethodPoint xsi:type="SequencePoint" vc="2" uspid="139" ordinal="0" offset="0" sl="51" sc="9" el="51" ec="10" bec="0" bev="0" fileid="37" />
            </Method>
          </Methods>
        </Class>
        <Class>
          <Summary numSequencePoints="27" visitedSequencePoints="27" numBranchPoints="12" visitedBranchPoints="12" sequenceCoverage="100" branchCoverage="100" maxCyclomaticComplexity="2" minCyclomaticComplexity="1" maxCrapScore="2" minCrapScore="1" visitedClasses="1" numClasses="1" visitedMethods="6" numMethods="6" />
          <FullName>BibliotecaRosangela.Application.Features.Books.BookService</FullName>
          <Methods>
            <Method visited="true" cyclomaticComplexity="1" nPathComplexity="0" sequenceCoverage="100" branchCoverage="100" crapScore="1" isConstructor="true" isStatic="false" isGetter="false" isSetter="false">
              <Summary numSequencePoints="4" visitedSequencePoints="4" numBranchPoints="1" visitedBranchPoints="1" sequenceCoverage="100" branchCoverage="100" maxCyclomaticComplexity="1" minCyclomaticComplexity="1" maxCrapScore="1" minCrapScore="1" visitedClasses="0" numClasses="0" visitedMethods="1" numMethods="1" />
              <MetadataToken>100663308</MetadataToken>
              <Name>System.Void BibliotecaRosangela.Application.Features.Books.BookService::.ctor(BibliotecaRosangela.Domain.Features.Books.IBookRepository)</Name>
              <FileRef uid="38" />
              <SequencePoints>
                <SequencePoint vc="10" uspid="146" ordinal="0" offset="0" sl="15" sc="9" el="15" ec="56" bec="0" bev="0" fileid="38" />
                <SequencePoint vc="10" uspid="147" ordinal="1" offset="7" sl="16" sc="9" el="16" ec="10" bec="0" bev="0" fileid="38" />
                <SequencePoint vc="10" uspid="148" ordinal="2" offset="8" sl="17" sc="13" el="17" ec="38" bec="0" bev="0" fileid="38" />
                <SequencePoint vc="10" uspid="149" ordinal="3" offset="15" sl="18" sc="9" el="18" ec="10" bec="0" bev="0" fileid="38" />
              </SequencePoints>
              <BranchPoints />
              <MethodPoint xsi:type="SequencePoint" vc="10" uspid="146" ordinal="0" offset="0" sl="15" sc="9" el="15" ec="56" bec="0" bev="0" fileid="38" />
            </Method>
            <Method visited="true" cyclomaticComplexity="1" nPathComplexity="0" sequenceCoverage="100" branchCoverage="100" crapScore="1" isConstructor="false" isStatic="false" isGetter="false" isSetter="false">
              <Summary numSequencePoints="4" visitedSequencePoints="4" numBranchPoints="1" visitedBranchPoints="1" sequenceCoverage="100" branchCoverage="100" maxCyclomaticComplexity="1" minCyclomaticComplexity="1" maxCrapScore="1" minCrapScore="1" visitedClasses="0" numClasses="0" visitedMethods="1" numMethods="1" />
              <MetadataToken>100663309</MetadataToken>
              <Name>BibliotecaRosangela.Domain.Features.Books.Book BibliotecaRosangela.Application.Features.Books.BookService::Add(BibliotecaRosangela.Domain.Features.Books.Book)</Name>
              <FileRef uid="38" />
              <SequencePoints>
                <SequencePoint vc="2" uspid="150" ordinal="0" offset="0" sl="21" sc="9" el="21" ec="10" bec="0" bev="0" fileid="38" />
[...]
      <Summary numSequencePoints="43" visitedSequencePoints="43" numBranchPoints="16" visitedBranchPoints="16" sequenceCoverage="100" branchCoverage="100" maxCyclomaticComplexity="2" minCyclomaticComplexity="1" maxCrapScore="2" minCrapScore="1" visitedClasses="2" numClasses="2" visitedMethods="8" numMethods="8" />
      <ModulePath>C:\Users\Isabel\Documents\Projetos\ndd-projetos-academiaprogramador2018\BibliotecaRosangela\BibliotecaRosangela.Infra.Data.Tests\bin\Debug\BibliotecaRosangela.Infra.Data.dll</ModulePath>
      <ModuleTime>2018-05-23T14:22:10.5493637Z</ModuleTime>
      <ModuleName>BibliotecaRosangela.Infra.Data</ModuleName>
      <Files>
        <File uid="85" fullPath="C:\Users\Isabel\Documents\Projetos\ndd-projetos-academiaprogramador2018\BibliotecaRosangela\BibliotecaRosangela.Infra.Data\Features\Books\BookSqlRepository.cs" />
      </Files>
      <Classes>
        <Class>
          <Summary numSequencePoints="42" visitedSequencePoints="42" numBranchPoints="15" visitedBranchPoints="15" sequenceCoverage="100" branchCoverage="100" maxCyclomaticComplexity="2" minCyclomaticComplexity="1" maxCrapScore="2" minCrapScore="1" visitedClasses="1" numClasses="1" visitedMethods="7" numMethods="7" />
          <FullName>BibliotecaRosangela.Infra.Data.Features.Books.BookSqlRepository</FullName>
          <Methods>
            <Method visited="true" cyclomaticComplexity="1" nPathComplexity="0" sequenceCoverage="100" branchCoverage="100" crapScore="1" isConstructor="false" isStatic="false" isGetter="false" isSetter="false">
              <Summary numSequencePoints="6" visitedSequencePoints="6" numBranchPoints="1" visitedBranchPoints="1" sequenceCoverage="100" branchCoverage="100" maxCyclomaticComplexity="1" minCyclomaticComplexity="1" maxCrapScore="1" minCrapScore="1" visitedClasses="0" numClasses="0" visitedMethods="1" numMethods="1" />
              <MetadataToken>100663297</MetadataToken>
              <Name>BibliotecaRosangela.Domain.Features.Books.Book BibliotecaRosangela.Infra.Data.Features.Books.BookSqlRepository::Save(BibliotecaRosangela.Domain.Features.Books.Book)</Name>
              <FileRef uid="85" />
              <SequencePoints>
                <SequencePoint vc="3" uspid="539" ordinal="0" offset="0" sl="15" sc="9" el="15" ec="10" bec="0" bev="0" fileid="85" />
                <SequencePoint vc="3" uspid="540" ordinal="1" offset="1" sl="16" sc="13" el="16" ec="29" bec="0" bev="0" fileid="85" />
                <SequencePoint vc="1" uspid="541" ordinal="2" offset="8" sl="18" sc="13" el="19" ec="91" bec="0" bev="0" fileid="85" />
                <SequencePoint vc="1" uspid="542" ordinal="3" offset="14" sl="21" sc="13" el="21" ec="57" bec="0" bev="0" fileid="85" />
                <SequencePoint vc="1" uspid="543" ordinal="4" offset="35" sl="23" sc="13" el="23" ec="25" bec="0" bev="0" fileid="85" />
                <SequencePoint vc="1" uspid="544" ordinal="5" offset="39" sl="24" sc="9" el="24" ec="10" bec="0" bev="0" fileid="85" />
              </SequencePoints>
              <BranchPoints />
              <MethodPoint xsi:type="SequencePoint" vc="3" uspid="539" ordinal="0" offset="0" sl="15" sc="9" el="15" ec="10" bec="0" bev="0" fileid="85" />
            </Method>
            <Method visited="true" cyclomaticComplexity="2" nPathComplexity="2" sequenceCoverage="100" branchCoverage="100" crapScore="2" isConstructor="false" isStatic="false" isGetter="false" isSetter="false">
              <Summary numSequencePoints="8" visitedSequencePoints="8" numBranchPoints="3" visitedBranchPoints="3" sequenceCoverage="100" branchCoverage="100" maxCyclomaticComplexity="2" minCyclomaticComplexity="2" maxCrapScore="2" minCrapScore="2" visitedClasses="0" numClasses="0" visitedMethods="1" numMethods="1" />
              <MetadataToken>100663298</MetadataToken>
              <Name>BibliotecaRosangela.Domain.Features.Books.Book BibliotecaRosangela.Infra.Data.Features.Books.BookSqlRepository::Update(BibliotecaRosangela.Domain.Features.Books.Book)</Name>
              <FileRef uid="85" />
              <SequencePoints>
                <SequencePoint vc="3" uspid="545" ordinal="0" offset="0" sl="27" sc="9" el="27" ec="10" bec="0" bev="0" fileid="85" />
                <SequencePoint vc="3" uspid="546" ordinal="1" offset="1" sl="28" sc="13" el="28" ec="28" bec="2" bev="2" fileid="85" />
                <SequencePoint vc="1" uspid="547" ordinal="2" offset="14" sl="29" sc="17" el="29" ec="58" bec="0" bev="0" fileid="85" />
                <SequencePoint vc="2" uspid="548" ordinal="3" offset="20" sl="31" sc="13" el="31" ec="29" bec="0" bev="0" fileid="85" />
                <SequencePoint vc="1" uspid="549" ordinal="4" offset="27" sl="33" sc="13" el="34" ec="102" bec="0" bev="0" fileid="85" />
                <SequencePoint vc="1" uspid="550" ordinal="5" offset="33" sl="36" sc="13" el="36" ec="46" bec="0" bev="0" fileid="85" />
                <SequencePoint vc="1" uspid="551" ordinal="6" offset="48" sl="37" sc="13" el="37" ec="25" bec="0" bev="0" fileid="85" />
                <SequencePoint vc="1" uspid="552" ordinal="7" offset="52" sl="38" sc="9" el="38" ec="10" bec="0" bev="0" fileid="85" />
              </SequencePoints>
              <BranchPoints>
                <BranchPoint vc="1" uspid="553" ordinal="0" offset="12" sl="28" path="0" offsetend="14" fileid="85" />
                <BranchPoint vc="2" uspid="554" ordinal="1" offset="12" sl="28" path="1" offsetend="20" fileid="85" />
              </BranchPoints>
              <MethodPoint xsi:type="SequencePoint" vc="3" uspid="545" ordinal="0" offset="0" sl="27" sc="9" el="27" ec="10" bec="0" bev="0" fileid="85" />
            </Method>
            <Method visited="true" cyclomaticComplexity="2" nPathComplexity="2" sequenceCoverage="100" branchCoverage="100" crapScore="2" isConstructor="false" isStatic="false" isGetter="false" isSetter="false">
              <Summary numSequencePoints="6" visitedSequencePoints="6" numBranchPoints="3" visitedBranchPoints="3" sequenceCoverage="100" branchCoverage="100" maxCyclomaticComplexity="2" minCyclomaticComplexity="2" maxCrapScore="2" minCrapScore="2" visitedClasses="0" numClasses="0" visitedMethods="1" numMethods="1" />
              <MetadataToken>100663299</MetadataToken>
              <Name>BibliotecaRosangela.Domain.Features.Books.Book BibliotecaRosangela.Infra.Data.Features.Books.BookSqlRepository::Get(System.Int64)</Name>
              <FileRef uid="85" />
              <SequencePoints>
                <SequencePoint vc="5" uspid="555" ordinal="0" offset="0" sl="41" sc="9" el="41" ec="10" bec="0" bev="0" fileid="85" />
                <SequencePoint vc="5" uspid="556" ordinal="1" offset="1" sl="42" sc="13" el="42" ec="24" bec="2" bev="2" fileid="85" />
                <SequencePoint vc="1" uspid="557" ordinal="2" offset="10" sl="43" sc="17" el="43" ec="58" bec="0" bev="0" fileid="85" />
                <SequencePoint vc="4" uspid="558" ordinal="3" offset="16" sl="45" sc="13" el="45" ec="64" bec="0" bev="0" fileid="85" />
                <SequencePoint vc="4" uspid="559" ordinal="4" offset="22" sl="47" sc="13" el="47" ec="65" bec="0" bev="0" fileid="85" />
                <SequencePoint vc="4" uspid="560" ordinal="5" offset="59" sl="48" sc="9" el="48" ec="10" bec="0" bev="0" fileid="85" />
              </SequencePoints>
              <BranchPoints>
                <BranchPoint vc="1" uspid="561" ordinal="0" offset="8" sl="42" path="0" offsetend="10" fileid="85" />
                <BranchPoint vc="4" uspid="562" ordinal="1" offset="8" sl="42" path="1" offsetend="16" fileid="85" />
              </BranchPoints>
              <MethodPoint xsi:type="SequencePoint" vc="5" uspid="555" ordinal="0" offset="0" sl="41" sc="9" el="41" ec="10" bec="0" bev="0" fileid="85" />
            </Method>
            <Method visited="true" cyclomaticComplexity="1" nPathComplexity="0" sequenceCoverage="100" branchCoverage="100" crapScore="1" isConstructor="false" isStatic="false" isGetter="false" isSetter="false">
              <Summary numSequencePoints="4" visitedSequencePoints="4" numBranchPoints="1" visitedBranchPoints="1" sequenceCoverage="100" branchCoverage="100" maxCyclomaticComplexity="1" minCyclomaticComplexity="1" maxCrapScore="1" minCrapScore="1" visitedClasses="0" numClasses="0" visitedMethods="1" numMethods="1" />
              <MetadataToken>100663300</MetadataToken>
              <Name>System.Collections.Generic.IEnumerable`1&lt;BibliotecaRosangela.Domain.Features.Books.Book&gt; BibliotecaRosangela.Infra.Data.Features.Books.BookSqlRepository::GetAll()</Name>
              <FileRef uid="85" />
              <SequencePoints>
                <SequencePoint vc="1" uspid="563" ordinal="0" offset="0" sl="51" sc="9" el="51" ec="10" bec="0" bev="0" fileid="85" />
                <SequencePoint vc="1" uspid="564" ordinal="1" offset="1" sl="52" sc="13" el="52" ec="49" bec="0" bev="0" fileid="85" />
                <SequencePoint vc="1" uspid="565" ordinal="2" offset="7" sl="54" sc="13" el="54" ec="41" bec="0" bev="0" fileid="85" />
                <SequencePoint vc="1" uspid="566" ordinal="3" offset="22" sl="55" sc="9" el="55" ec="10" bec="0" bev="0" fileid="85" />
              </SequencePoints>
              <BranchPoints />
              <MethodPoint xsi:type="SequencePoint" vc="1" uspid="563" ordinal="0" offset="0" sl="51" sc="9" el="51" ec="10" bec="0" bev="0" fileid="85" />
            </Method>
            <Method visited="true" cyclomaticComplexity="2" nPathComplexity="2" sequenceCoverage="100" branchCoverage="100" crapScore="2" isConstructor="false" isStatic="false" isGetter="false" isSetter="false">
              <Summary numSequencePoints="6" visitedSequencePoints="6" numBranchPoints="3" visitedBranchPoints="3" sequenceCoverage="100" branchCoverage="100" maxCyclomaticComplexity="2" minCyclomaticComplexity="2" maxCrapScore="2" minCrapScore="2" visitedClasses="0" numClasses="0" visitedMethods="1" numMethods="1" />
              <MetadataToken>100663301</MetadataToken>
              <Name>System.Void BibliotecaRosangela.Infra.Data.Features.Books.BookSqlRepository::Delete(BibliotecaRosangela.Domain.Features.Books.Book)</Name>
              <FileRef uid="85" />
              <SequencePoints>
                <SequencePoint vc="2" uspid="567" ordinal="0" offset="0" sl="58" sc="9" el="58" ec="10" bec="0" bev="0" fileid="85" />
                <SequencePoint vc="2" uspid="568" ordinal="1" offset="1" sl="59" sc="13" el="59" ec="28" bec="2" bev="2" fileid="85" />
                <SequencePoint vc="1" uspid="569" ordinal="2" offset="14" sl="60" sc="17" el="60" ec="58" bec="0" bev="0" fileid="85" />
                <SequencePoint vc="1" uspid="570" ordinal="3" offset="20" sl="62" sc="13" el="62" ec="62" bec="0" bev="0" fileid="85" />
                <SequencePoint vc="1" uspid="571" ordinal="4" offset="26" sl="64" sc="13" el="64" ec="60" bec="0" bev="0" fileid="85" />
                <SequencePoint vc="1" uspid="572" ordinal="5" offset="61" sl="65" sc="9" el="65" ec="10" bec="0" bev="0" fileid="85" />
              </SequencePoints>
              <BranchPoints>
                <BranchPoint vc="1" uspid="573" ordinal="0" offset="12" sl="59" path="0" offsetend="14" fileid="85" />
                <BranchPoint vc="1" uspid="574" ordinal="1" offset="12" sl="59" path="1" offsetend="20" fileid="85" />
              </BranchPoints>
              <MethodPoint xsi:type="SequencePoint" vc="2" uspid="567" ordinal="0" offset="0" sl="58" sc="9" el="58" ec="10" bec="0" bev="0" fileid="85" />
            </Method>
            <Method visited="true" cyclomaticComplexity="2" nPathComplexity="2" sequenceCoverage="100" branchCoverage="100" crapScore="2" isConstructor="false" isStatic="false" isGetter="false" isSetter="false">
              <Summary numSequencePoints="11" visitedSequencePoints="11" numBranchPoints="3" visitedBranchPoints="3" sequenceCoverage="100" branchCoverage="100" maxCyclomaticComplexity="2" minCyclomaticComplexity="2" maxCrapScore="2" minCrapScore="2" visitedClasses="0" numClasses="0" visitedMethods="1" numMethods="1" />
              <MetadataToken>100663302</MetadataToken>
              <Name>System.Object[] BibliotecaRosangela.Infra.Data.Features.Books.BookSqlRepository::Take(BibliotecaRosangela.Domain.Features.Books.Book,System.Boolean)</Name>
              <FileRef uid="85" />
              <SequencePoints>
                <SequencePoint vc="2" uspid="575" ordinal="0" offset="0" sl="88" sc="9" el="88" ec="10" bec="0" bev="0" fileid="85" />
                <SequencePoint vc="2" uspid="576" ordinal="1" offset="1" sl="89" sc="13" el="89" ec="40" bec="0" bev="0" fileid="85" />
                <SequencePoint vc="2" uspid="577" ordinal="2" offset="3" sl="91" sc="13" el="91" ec="23" bec="2" bev="2" fileid="85" />
                <SequencePoint vc="1" uspid="578" ordinal="3" offset="11" sl="92" sc="13" el="92" ec="14" bec="0" bev="0" fileid="85" />
                <SequencePoint vc="1" uspid="579" ordinal="4" offset="12" sl="93" sc="17" el="102" ec="23" bec="0" bev="0" fileid="85" />
                <SequencePoint vc="1" uspid="580" ordinal="5" offset="164" sl="103" sc="13" el="103" ec="14" bec="0" bev="0" fileid="85" />
                <SequencePoint vc="1" uspid="581" ordinal="6" offset="170" sl="105" sc="13" el="105" ec="14" bec="0" bev="0" fileid="85" />
                <SequencePoint vc="1" uspid="582" ordinal="7" offset="171" sl="106" sc="17" el="114" ec="17" bec="0" bev="0" fileid="85" />
                <SequencePoint vc="1" uspid="583" ordinal="8" offset="299" sl="115" sc="13" el="115" ec="14" bec="0" bev="0" fileid="85" />
                <SequencePoint vc="2" uspid="584" ordinal="9" offset="300" sl="116" sc="13" el="116" ec="31" bec="0" bev="0" fileid="85" />
                <SequencePoint vc="2" uspid="585" ordinal="10" offset="304" sl="117" sc="9" el="117" ec="10" bec="0" bev="0" fileid="85" />
              </SequencePoints>
              <BranchPoints>
                <BranchPoint vc="1" uspid="586" ordinal="0" offset="6" sl="91" path="0" offsetend="11" fileid="85" />
                <BranchPoint vc="1" uspid="587" ordinal="1" offset="6" sl="91" path="1" offsetend="170" fileid="85" />
              </BranchPoints>
              <MethodPoint xsi:type="SequencePoint" vc="2" uspid="575" ordinal="0" offset="0" sl="88" sc="9" el="88" ec="10" bec="0" bev="0" fileid="85" />
            </Method>
            <Method visited="false" cyclomaticComplexity="1" nPathComplexity="0" sequenceCoverage="0" branchCoverage="0" crapScore="2" isConstructor="true" isStatic="false" isGetter="false" isSetter="false">
              <Summary numSequencePoints="0" visitedSequencePoints="0" numBranchPoints="0" visitedBranchPoints="0" sequenceCoverage="0" branchCoverage="0" maxCyclomaticComplexity="1" minCyclomaticComplexity="1" maxCrapScore="2" minCrapScore="2" visitedClasses="0" numClasses="0" visitedMethods="0" numMethods="0" />
              <MetadataToken>100663303</MetadataToken>
              <Name>System.Void BibliotecaRosangela.Infra.Data.Features.Books.BookSqlRepository::.ctor()</Name>
              <SequencePoints />
              <BranchPoints />
              <MethodPoint vc="0" uspid="588" ordinal="0" offset="0" />
            </Method>
            <Method visited="true" cyclomaticComplexity="1" nPathComplexity="0" sequenceCoverage="100" branchCoverage="100" crapScore="1" isConstructor="true" isStatic="true" isGetter="false" isSetter="false">
              <Summary numSequencePoints="1" visitedSequencePoints="1" numBranchPoints="1" visitedBranchPoints="1" sequenceCoverage="100" branchCoverage="100" maxCyclomaticComplexity="1" minCyclomaticComplexity="1" maxCrapScore="1" minCrapScore="1" visitedClasses="0" numClasses="0" visitedMethods="1" numMethods="1" />
              <MetadataToken>100663304</MetadataToken>
              <Name>System.Void BibliotecaRosangela.Infra.Data.Features.Books.BookSqlRepository::.cctor()</Name>
              <FileRef uid="85" />
              <SequencePoints>
                <SequencePoint vc="1" uspid="589" ordinal="0" offset="0" sl="70" sc="9" el="80" ec="14" bec="0" bev="0" fileid="85" />
              </SequencePoints>
              <BranchPoints />
              <MethodPoint xsi:type="SequencePoint" vc="1" uspid="589" ordinal="0" offset="0" sl="70" sc="9" el="80" ec="14" bec="0" bev="0" fileid="85" />
            </Method>
          </Methods>
        </Class>
        <Class>
          <Summary numSequencePoints="1" visitedSequencePoints="1" numBranchPoints="1" visitedBranchPoints="1" sequenceCoverage="100" branchCoverage="100" maxCyclomaticComplexity="1" minCyclomaticComplexity="1" maxCrapScore="2" minCrapScore="1" visitedClasses="1" numClasses="1" visitedMethods="1" numMethods="1" />
          <FullName>BibliotecaRosangela.Infra.Data.Features.Books.BookSqlRepository/&lt;&gt;c</FullName>
          <Methods>
            <Method visited="false" cyclomaticComplexity="1" nPathComplexity="0" sequenceCoverage="0" branchCoverage="0" crapScore="2" isConstructor="true" isStatic="true" isGetter="false" isSetter="false">
              <Summary numSequencePoints="0" visitedSequencePoints="0" numBranchPoints="0" visitedBranchPoints="0" sequenceCoverage="0" branchCoverage="0" maxCyclomaticComplexity="1" minCyclomaticComplexity="1" maxCrapScore="2" minCrapScore="2" visitedClasses="0" numClasses="0" visitedMethods="0" numMethods="0" />
              <MetadataToken>100663305</MetadataToken>
              <Name>System.Void BibliotecaRosangela.Infra.Data.Features.Books.BookSqlRepository/&lt;&gt;c::.cctor()</Name>
              <SequencePoints />
              <BranchPoints />
              <MethodPoint vc="0" uspid="590" ordinal="0" offset="0" />
            </Method>
            <Method visited="false" cyclomaticComplexity="1" nPathComplexity="0" sequenceCoverage="0" branchCoverage="0" crapScore="2" isConstructor="true" isStatic="false" isGetter="false" isSetter="false">
              <Summary numSequencePoints="0" visitedSequencePoints="0" numBranchPoints="0" visitedBranchPoints="0" sequenceCoverage="0" branchCoverage="0" maxCyclomaticComplexity="1" minCyclomaticComplexity="1" maxCrapScore="2" minCrapScore="2" visitedClasses="0" numClasses="0" visitedMethods="0" numMethods="0" />
              <MetadataToken>100663306</MetadataToken>
              <Name>System.Void BibliotecaRosangela.Infra.Data.Features.Books.BookSqlRepository/&lt;&gt;c::.ctor()</Name>
              <SequencePoints />
              <BranchPoints />
              <MethodPoint vc="0" uspid="591" ordinal="0" offset="0" />
            </Method>
            <Method visited="true" cyclomaticComplexity="1" nPathComplexity="0" sequenceCoverage="100" branchCoverage="100" crapScore="1" isConstructor="false" isStatic="false" isGetter="false" isSetter="false">
              <Summary numSequencePoints="1" visitedSequencePoints="1" numBranchPoints="1" visitedBranchPoints="1" sequenceCoverage="100" branchCoverage="100" maxCyclomaticComplexity="1" minCyclomaticComplexity="1" maxCrapScore="1" minCrapScore="1" visitedClasses="0" numClasses="0" visitedMethods="1" numMethods="1" />
              <MetadataToken>100663307</MetadataToken>
              <Name>BibliotecaRosangela.Domain.Features.Books.Book BibliotecaRosangela.Infra.Data.Features.Books.BookSqlRepository/&lt;&gt;c::&lt;.cctor&gt;b__8_0(System.Data.IDataReader)</Name>
              <FileRef uid="85" />
              <SequencePoints>
                <SequencePoint vc="4" uspid="592" ordinal="0" offset="0" sl="71" sc="12" el="80" ec="13" bec="0" bev="0" fileid="85" />
              </SequencePoints>
              <BranchPoints />
              <MethodPoint xsi:type="SequencePoint" vc="4" uspid="592" ordinal="0" offset="0" sl="71" sc="12" el="80" ec="13" bec="0" bev="0" fileid="85" />
            </Method>
          </Methods>
        </Class>
      </Classes>
    </Module>
  </Modules>
</CoverageSession>